Namespace(agg_fct='prod', batch_size=64, embed_size=256, hidden_size=[1024, 1024], image_size=224, img_feature_size=2048, learning_rate=0.001, log_step=20, model_path='/root/data/vist/save/20180819_prod/', num_epochs=100, num_layers=2, num_workers=0, pretrained_epoch=0, train_image_dir='/root/data/vist/resized/images/train', train_sis_path='/root/data/vist/sis/train.story-in-sequence.json', val_image_dir='/root/data/vist/resized/images/val', val_sis_path='/root/data/vist/sis/val.story-in-sequence.json', vocab_path='./models/pretrain/vocab.pkl', weight_decay=1e-05)
Cuda is enabled...
Epoch [1/100], Train Step [0/628], Loss: 8.5370, Perplexity: 5100.1949
Epoch [1/100], Train Step [20/628], Loss: 5.3038, Perplexity: 201.1076
Epoch [1/100], Train Step [40/628], Loss: 5.0617, Perplexity: 157.8511
Epoch [1/100], Train Step [60/628], Loss: 4.8347, Perplexity: 125.8000
Epoch [1/100], Train Step [80/628], Loss: 4.6665, Perplexity: 106.3214
Epoch [1/100], Train Step [100/628], Loss: 4.6204, Perplexity: 101.5302
Epoch [1/100], Train Step [120/628], Loss: 4.5513, Perplexity: 94.7531
Epoch [1/100], Train Step [140/628], Loss: 4.3112, Perplexity: 74.5325
Epoch [1/100], Train Step [160/628], Loss: 4.2946, Perplexity: 73.3000
Epoch [1/100], Train Step [180/628], Loss: 4.1246, Perplexity: 61.8443
Epoch [1/100], Train Step [200/628], Loss: 4.0669, Perplexity: 58.3750
Epoch [1/100], Train Step [220/628], Loss: 4.1845, Perplexity: 65.6635
Epoch [1/100], Train Step [240/628], Loss: 4.1322, Perplexity: 62.3175
Epoch [1/100], Train Step [260/628], Loss: 4.1197, Perplexity: 61.5409
Epoch [1/100], Train Step [280/628], Loss: 4.0631, Perplexity: 58.1520
Epoch [1/100], Train Step [300/628], Loss: 3.9987, Perplexity: 54.5268
Epoch [1/100], Train Step [320/628], Loss: 3.8627, Perplexity: 47.5931
Epoch [1/100], Train Step [340/628], Loss: 3.9134, Perplexity: 50.0669
Epoch [1/100], Train Step [360/628], Loss: 3.7354, Perplexity: 41.9056
Epoch [1/100], Train Step [380/628], Loss: 3.8656, Perplexity: 47.7317
Epoch [1/100], Train Step [400/628], Loss: 3.8340, Perplexity: 46.2488
Epoch [1/100], Train Step [420/628], Loss: 4.0370, Perplexity: 56.6580
Epoch [1/100], Train Step [440/628], Loss: 3.7320, Perplexity: 41.7641
Epoch [1/100], Train Step [460/628], Loss: 3.8751, Perplexity: 48.1897
Epoch [1/100], Train Step [480/628], Loss: 3.8062, Perplexity: 44.9791
Epoch [1/100], Train Step [500/628], Loss: 3.8486, Perplexity: 46.9280
Epoch [1/100], Train Step [520/628], Loss: 3.7544, Perplexity: 42.7067
Epoch [1/100], Train Step [540/628], Loss: 3.7439, Perplexity: 42.2645
Epoch [1/100], Train Step [560/628], Loss: 3.7163, Perplexity: 41.1102
Epoch [1/100], Train Step [580/628], Loss: 3.5837, Perplexity: 36.0064
Epoch [1/100], Train Step [600/628], Loss: 3.6898, Perplexity: 40.0355
Epoch [1/100], Train Step [620/628], Loss: 3.6938, Perplexity: 40.1965
Epoch [1/100], Average Train Loss: 4.1553, Average Train Perplexity: 63.7710
Epoch [1/100], Val Step [0/78], Loss: 3.6629, Perplexity: 38.9730
Epoch [1/100], Val Step [20/78], Loss: 3.6415, Perplexity: 38.1505
Epoch [1/100], Val Step [40/78], Loss: 3.3790, Perplexity: 29.3429
Epoch [1/100], Val Step [60/78], Loss: 3.5378, Perplexity: 34.3923
Epoch [1/100], Average Val Loss: 3.5148, Average Val Perplexity: 33.6088
Epoch [2/100], Train Step [0/628], Loss: 3.5525, Perplexity: 34.9004
Epoch [2/100], Train Step [20/628], Loss: 3.5410, Perplexity: 34.5023
Epoch [2/100], Train Step [40/628], Loss: 3.6549, Perplexity: 38.6635
Epoch [2/100], Train Step [60/628], Loss: 3.5071, Perplexity: 33.3498
Epoch [2/100], Train Step [80/628], Loss: 3.6174, Perplexity: 37.2418
Epoch [2/100], Train Step [100/628], Loss: 3.4019, Perplexity: 30.0211
Epoch [2/100], Train Step [120/628], Loss: 3.5725, Perplexity: 35.6065
Epoch [2/100], Train Step [140/628], Loss: 3.5189, Perplexity: 33.7467
Epoch [2/100], Train Step [160/628], Loss: 3.5186, Perplexity: 33.7384
Epoch [2/100], Train Step [180/628], Loss: 3.6492, Perplexity: 38.4428
Epoch [2/100], Train Step [200/628], Loss: 3.5403, Perplexity: 34.4787
Epoch [2/100], Train Step [220/628], Loss: 3.3241, Perplexity: 27.7728
Epoch [2/100], Train Step [240/628], Loss: 3.6227, Perplexity: 37.4398
Epoch [2/100], Train Step [260/628], Loss: 3.4794, Perplexity: 32.4407
Epoch [2/100], Train Step [280/628], Loss: 3.4934, Perplexity: 32.8968
Epoch [2/100], Train Step [300/628], Loss: 3.4790, Perplexity: 32.4265
Epoch [2/100], Train Step [320/628], Loss: 3.5435, Perplexity: 34.5882
Epoch [2/100], Train Step [340/628], Loss: 3.4640, Perplexity: 31.9440
Epoch [2/100], Train Step [360/628], Loss: 3.3518, Perplexity: 28.5536
Epoch [2/100], Train Step [380/628], Loss: 3.5614, Perplexity: 35.2132
Epoch [2/100], Train Step [400/628], Loss: 3.5392, Perplexity: 34.4406
Epoch [2/100], Train Step [420/628], Loss: 3.6088, Perplexity: 36.9234
Epoch [2/100], Train Step [440/628], Loss: 3.5470, Perplexity: 34.7100
Epoch [2/100], Train Step [460/628], Loss: 3.3612, Perplexity: 28.8225
Epoch [2/100], Train Step [480/628], Loss: 3.4236, Perplexity: 30.6795
Epoch [2/100], Train Step [500/628], Loss: 3.4533, Perplexity: 31.6042
Epoch [2/100], Train Step [520/628], Loss: 3.4894, Perplexity: 32.7647
Epoch [2/100], Train Step [540/628], Loss: 3.3883, Perplexity: 29.6157
Epoch [2/100], Train Step [560/628], Loss: 3.3913, Perplexity: 29.7033
Epoch [2/100], Train Step [580/628], Loss: 3.4842, Perplexity: 32.5953
Epoch [2/100], Train Step [600/628], Loss: 3.6244, Perplexity: 37.5009
Epoch [2/100], Train Step [620/628], Loss: 3.4841, Perplexity: 32.5947
Epoch [2/100], Average Train Loss: 3.4982, Average Train Perplexity: 33.0545
Epoch [2/100], Val Step [0/78], Loss: 3.4268, Perplexity: 30.7771
Epoch [2/100], Val Step [20/78], Loss: 3.3841, Perplexity: 29.4907
Epoch [2/100], Val Step [40/78], Loss: 3.1170, Perplexity: 22.5785
Epoch [2/100], Val Step [60/78], Loss: 3.2770, Perplexity: 26.4956
Epoch [2/100], Average Val Loss: 3.2629, Average Val Perplexity: 26.1248
Epoch [3/100], Train Step [0/628], Loss: 3.3039, Perplexity: 27.2199
Epoch [3/100], Train Step [20/628], Loss: 3.2323, Perplexity: 25.3380
Epoch [3/100], Train Step [40/628], Loss: 3.3471, Perplexity: 28.4210
Epoch [3/100], Train Step [60/628], Loss: 3.1809, Perplexity: 24.0687
Epoch [3/100], Train Step [80/628], Loss: 3.3131, Perplexity: 27.4699
Epoch [3/100], Train Step [100/628], Loss: 3.2382, Perplexity: 25.4873
Epoch [3/100], Train Step [120/628], Loss: 3.3861, Perplexity: 29.5499
Epoch [3/100], Train Step [140/628], Loss: 3.3134, Perplexity: 27.4797
Epoch [3/100], Train Step [160/628], Loss: 3.4625, Perplexity: 31.8958
Epoch [3/100], Train Step [180/628], Loss: 3.4066, Perplexity: 30.1634
Epoch [3/100], Train Step [200/628], Loss: 3.4439, Perplexity: 31.3094
Epoch [3/100], Train Step [220/628], Loss: 3.3733, Perplexity: 29.1740
Epoch [3/100], Train Step [240/628], Loss: 3.2298, Perplexity: 25.2747
Epoch [3/100], Train Step [260/628], Loss: 3.2856, Perplexity: 26.7239
Epoch [3/100], Train Step [280/628], Loss: 3.4565, Perplexity: 31.7056
Epoch [3/100], Train Step [300/628], Loss: 3.2609, Perplexity: 26.0734
Epoch [3/100], Train Step [320/628], Loss: 3.2359, Perplexity: 25.4304
Epoch [3/100], Train Step [340/628], Loss: 3.3705, Perplexity: 29.0931
Epoch [3/100], Train Step [360/628], Loss: 3.2879, Perplexity: 26.7879
Epoch [3/100], Train Step [380/628], Loss: 3.2851, Perplexity: 26.7126
Epoch [3/100], Train Step [400/628], Loss: 3.2920, Perplexity: 26.8978
Epoch [3/100], Train Step [420/628], Loss: 3.2584, Perplexity: 26.0084
Epoch [3/100], Train Step [440/628], Loss: 3.3222, Perplexity: 27.7212
Epoch [3/100], Train Step [460/628], Loss: 3.3432, Perplexity: 28.3098
Epoch [3/100], Train Step [480/628], Loss: 3.2877, Perplexity: 26.7818
Epoch [3/100], Train Step [500/628], Loss: 3.2325, Perplexity: 25.3432
Epoch [3/100], Train Step [520/628], Loss: 3.4073, Perplexity: 30.1828
Epoch [3/100], Train Step [540/628], Loss: 3.2748, Perplexity: 26.4372
Epoch [3/100], Train Step [560/628], Loss: 3.2648, Perplexity: 26.1747
Epoch [3/100], Train Step [580/628], Loss: 3.4053, Perplexity: 30.1221
Epoch [3/100], Train Step [600/628], Loss: 3.1466, Perplexity: 23.2562
Epoch [3/100], Train Step [620/628], Loss: 3.4035, Perplexity: 30.0678
Epoch [3/100], Average Train Loss: 3.3062, Average Train Perplexity: 27.2821
Epoch [3/100], Val Step [0/78], Loss: 3.3093, Perplexity: 27.3661
Epoch [3/100], Val Step [20/78], Loss: 3.2782, Perplexity: 26.5281
Epoch [3/100], Val Step [40/78], Loss: 3.0212, Perplexity: 20.5153
Epoch [3/100], Val Step [60/78], Loss: 3.1545, Perplexity: 23.4406
Epoch [3/100], Average Val Loss: 3.1514, Average Val Perplexity: 23.3683
Epoch [4/100], Train Step [0/628], Loss: 3.2254, Perplexity: 25.1642
Epoch [4/100], Train Step [20/628], Loss: 3.0372, Perplexity: 20.8460
Epoch [4/100], Train Step [40/628], Loss: 3.1482, Perplexity: 23.2948
Epoch [4/100], Train Step [60/628], Loss: 3.2327, Perplexity: 25.3493
Epoch [4/100], Train Step [80/628], Loss: 3.2011, Perplexity: 24.5597
Epoch [4/100], Train Step [100/628], Loss: 3.1277, Perplexity: 22.8214
Epoch [4/100], Train Step [120/628], Loss: 3.1855, Perplexity: 24.1805
Epoch [4/100], Train Step [140/628], Loss: 3.1807, Perplexity: 24.0625
Epoch [4/100], Train Step [160/628], Loss: 3.2953, Perplexity: 26.9846
Epoch [4/100], Train Step [180/628], Loss: 3.1992, Perplexity: 24.5130
Epoch [4/100], Train Step [200/628], Loss: 3.3022, Perplexity: 27.1732
Epoch [4/100], Train Step [220/628], Loss: 3.3409, Perplexity: 28.2456
Epoch [4/100], Train Step [240/628], Loss: 3.3134, Perplexity: 27.4780
Epoch [4/100], Train Step [260/628], Loss: 3.2942, Perplexity: 26.9554
Epoch [4/100], Train Step [280/628], Loss: 3.1554, Perplexity: 23.4633
Epoch [4/100], Train Step [300/628], Loss: 3.1073, Perplexity: 22.3598
Epoch [4/100], Train Step [320/628], Loss: 3.2086, Perplexity: 24.7451
Epoch [4/100], Train Step [340/628], Loss: 3.1673, Perplexity: 23.7430
Epoch [4/100], Train Step [360/628], Loss: 3.0984, Perplexity: 22.1629
Epoch [4/100], Train Step [380/628], Loss: 3.3370, Perplexity: 28.1348
Epoch [4/100], Train Step [400/628], Loss: 3.1537, Perplexity: 23.4221
Epoch [4/100], Train Step [420/628], Loss: 3.2328, Perplexity: 25.3509
Epoch [4/100], Train Step [440/628], Loss: 3.1292, Perplexity: 22.8558
Epoch [4/100], Train Step [460/628], Loss: 3.2861, Perplexity: 26.7397
Epoch [4/100], Train Step [480/628], Loss: 3.2647, Perplexity: 26.1717
Epoch [4/100], Train Step [500/628], Loss: 3.1861, Perplexity: 24.1948
Epoch [4/100], Train Step [520/628], Loss: 3.1888, Perplexity: 24.2588
Epoch [4/100], Train Step [540/628], Loss: 3.1216, Perplexity: 22.6819
Epoch [4/100], Train Step [560/628], Loss: 3.2117, Perplexity: 24.8206
Epoch [4/100], Train Step [580/628], Loss: 3.0933, Perplexity: 22.0503
Epoch [4/100], Train Step [600/628], Loss: 3.1932, Perplexity: 24.3668
Epoch [4/100], Train Step [620/628], Loss: 3.2094, Perplexity: 24.7637
Epoch [4/100], Average Train Loss: 3.1909, Average Train Perplexity: 24.3104
Epoch [4/100], Val Step [0/78], Loss: 3.2434, Perplexity: 25.6214
Epoch [4/100], Val Step [20/78], Loss: 3.2004, Perplexity: 24.5416
Epoch [4/100], Val Step [40/78], Loss: 2.9490, Perplexity: 19.0863
Epoch [4/100], Val Step [60/78], Loss: 3.0910, Perplexity: 21.9992
Epoch [4/100], Average Val Loss: 3.0767, Average Val Perplexity: 21.6872
Epoch [5/100], Train Step [0/628], Loss: 3.0655, Perplexity: 21.4456
Epoch [5/100], Train Step [20/628], Loss: 3.0252, Perplexity: 20.5976
Epoch [5/100], Train Step [40/628], Loss: 3.2392, Perplexity: 25.5121
Epoch [5/100], Train Step [60/628], Loss: 3.1840, Perplexity: 24.1428
Epoch [5/100], Train Step [80/628], Loss: 3.1180, Perplexity: 22.6007
Epoch [5/100], Train Step [100/628], Loss: 2.9479, Perplexity: 19.0658
Epoch [5/100], Train Step [120/628], Loss: 3.1667, Perplexity: 23.7284
Epoch [5/100], Train Step [140/628], Loss: 3.0517, Perplexity: 21.1509
Epoch [5/100], Train Step [160/628], Loss: 3.2352, Perplexity: 25.4111
Epoch [5/100], Train Step [180/628], Loss: 3.0833, Perplexity: 21.8310
Epoch [5/100], Train Step [200/628], Loss: 3.0409, Perplexity: 20.9243
Epoch [5/100], Train Step [220/628], Loss: 3.1713, Perplexity: 23.8392
Epoch [5/100], Train Step [240/628], Loss: 3.2119, Perplexity: 24.8253
Epoch [5/100], Train Step [260/628], Loss: 3.2294, Perplexity: 25.2652
Epoch [5/100], Train Step [280/628], Loss: 3.0172, Perplexity: 20.4333
Epoch [5/100], Train Step [300/628], Loss: 3.1996, Perplexity: 24.5226
Epoch [5/100], Train Step [320/628], Loss: 3.0845, Perplexity: 21.8558
Epoch [5/100], Train Step [340/628], Loss: 3.3037, Perplexity: 27.2128
Epoch [5/100], Train Step [360/628], Loss: 3.2408, Perplexity: 25.5538
Epoch [5/100], Train Step [380/628], Loss: 3.0476, Perplexity: 21.0645
Epoch [5/100], Train Step [400/628], Loss: 3.1213, Perplexity: 22.6753
Epoch [5/100], Train Step [420/628], Loss: 3.1934, Perplexity: 24.3701
Epoch [5/100], Train Step [440/628], Loss: 3.1198, Perplexity: 22.6421
Epoch [5/100], Train Step [460/628], Loss: 3.1167, Perplexity: 22.5719
Epoch [5/100], Train Step [480/628], Loss: 3.1267, Perplexity: 22.7989
Epoch [5/100], Train Step [500/628], Loss: 3.0824, Perplexity: 21.8110
Epoch [5/100], Train Step [520/628], Loss: 2.9863, Perplexity: 19.8116
Epoch [5/100], Train Step [540/628], Loss: 3.1989, Perplexity: 24.5059
Epoch [5/100], Train Step [560/628], Loss: 3.1124, Perplexity: 22.4752
Epoch [5/100], Train Step [580/628], Loss: 3.0782, Perplexity: 21.7200
Epoch [5/100], Train Step [600/628], Loss: 3.1214, Perplexity: 22.6777
Epoch [5/100], Train Step [620/628], Loss: 3.1170, Perplexity: 22.5784
Epoch [5/100], Average Train Loss: 3.1108, Average Train Perplexity: 22.4388
Epoch [5/100], Val Step [0/78], Loss: 3.1792, Perplexity: 24.0276
Epoch [5/100], Val Step [20/78], Loss: 3.1518, Perplexity: 23.3790
Epoch [5/100], Val Step [40/78], Loss: 2.9088, Perplexity: 18.3356
Epoch [5/100], Val Step [60/78], Loss: 3.0314, Perplexity: 20.7259
Epoch [5/100], Average Val Loss: 3.0252, Average Val Perplexity: 20.5986
Epoch [6/100], Train Step [0/628], Loss: 2.9046, Perplexity: 18.2579
Epoch [6/100], Train Step [20/628], Loss: 2.9974, Perplexity: 20.0340
Epoch [6/100], Train Step [40/628], Loss: 3.0092, Perplexity: 20.2722
Epoch [6/100], Train Step [60/628], Loss: 2.9920, Perplexity: 19.9254
Epoch [6/100], Train Step [80/628], Loss: 2.9506, Perplexity: 19.1182
Epoch [6/100], Train Step [100/628], Loss: 3.0446, Perplexity: 21.0010
Epoch [6/100], Train Step [120/628], Loss: 2.9569, Perplexity: 19.2377
Epoch [6/100], Train Step [140/628], Loss: 3.0492, Perplexity: 21.0979
Epoch [6/100], Train Step [160/628], Loss: 2.9571, Perplexity: 19.2426
Epoch [6/100], Train Step [180/628], Loss: 2.9558, Perplexity: 19.2174
Epoch [6/100], Train Step [200/628], Loss: 3.0529, Perplexity: 21.1774
Epoch [6/100], Train Step [220/628], Loss: 3.0948, Perplexity: 22.0833
Epoch [6/100], Train Step [240/628], Loss: 3.1200, Perplexity: 22.6470
Epoch [6/100], Train Step [260/628], Loss: 3.1050, Perplexity: 22.3090
Epoch [6/100], Train Step [280/628], Loss: 3.2252, Perplexity: 25.1587
Epoch [6/100], Train Step [300/628], Loss: 2.9805, Perplexity: 19.6972
Epoch [6/100], Train Step [320/628], Loss: 3.0646, Perplexity: 21.4263
Epoch [6/100], Train Step [340/628], Loss: 2.9274, Perplexity: 18.6788
Epoch [6/100], Train Step [360/628], Loss: 3.2187, Perplexity: 24.9951
Epoch [6/100], Train Step [380/628], Loss: 3.1184, Perplexity: 22.6103
Epoch [6/100], Train Step [400/628], Loss: 3.0702, Perplexity: 21.5463
Epoch [6/100], Train Step [420/628], Loss: 2.9857, Perplexity: 19.8013
Epoch [6/100], Train Step [440/628], Loss: 3.0964, Perplexity: 22.1192
Epoch [6/100], Train Step [460/628], Loss: 3.0828, Perplexity: 21.8186
Epoch [6/100], Train Step [480/628], Loss: 2.9925, Perplexity: 19.9354
Epoch [6/100], Train Step [500/628], Loss: 2.8675, Perplexity: 17.5935
Epoch [6/100], Train Step [520/628], Loss: 3.0153, Perplexity: 20.3957
Epoch [6/100], Train Step [540/628], Loss: 3.1176, Perplexity: 22.5920
Epoch [6/100], Train Step [560/628], Loss: 3.1076, Perplexity: 22.3669
Epoch [6/100], Train Step [580/628], Loss: 3.1650, Perplexity: 23.6892
Epoch [6/100], Train Step [600/628], Loss: 3.0748, Perplexity: 21.6461
Epoch [6/100], Train Step [620/628], Loss: 3.1960, Perplexity: 24.4344
Epoch [6/100], Average Train Loss: 3.0492, Average Train Perplexity: 21.0985
Epoch [6/100], Val Step [0/78], Loss: 3.1403, Perplexity: 23.1103
Epoch [6/100], Val Step [20/78], Loss: 3.1162, Perplexity: 22.5596
Epoch [6/100], Val Step [40/78], Loss: 2.8733, Perplexity: 17.6957
Epoch [6/100], Val Step [60/78], Loss: 3.0133, Perplexity: 20.3537
Epoch [6/100], Average Val Loss: 2.9976, Average Val Perplexity: 20.0366
Epoch [7/100], Train Step [0/628], Loss: 3.0048, Perplexity: 20.1816
Epoch [7/100], Train Step [20/628], Loss: 2.9046, Perplexity: 18.2574
Epoch [7/100], Train Step [40/628], Loss: 2.9643, Perplexity: 19.3816
Epoch [7/100], Train Step [60/628], Loss: 2.9909, Perplexity: 19.9031
Epoch [7/100], Train Step [80/628], Loss: 2.9003, Perplexity: 18.1789
Epoch [7/100], Train Step [100/628], Loss: 3.0566, Perplexity: 21.2554
Epoch [7/100], Train Step [120/628], Loss: 2.9020, Perplexity: 18.2109
Epoch [7/100], Train Step [140/628], Loss: 2.9073, Perplexity: 18.3080
Epoch [7/100], Train Step [160/628], Loss: 2.9183, Perplexity: 18.5099
Epoch [7/100], Train Step [180/628], Loss: 2.9773, Perplexity: 19.6341
Epoch [7/100], Train Step [200/628], Loss: 2.9012, Perplexity: 18.1967
Epoch [7/100], Train Step [220/628], Loss: 2.9969, Perplexity: 20.0225
Epoch [7/100], Train Step [240/628], Loss: 3.2051, Perplexity: 24.6570
Epoch [7/100], Train Step [260/628], Loss: 2.9284, Perplexity: 18.6984
Epoch [7/100], Train Step [280/628], Loss: 3.0059, Perplexity: 20.2038
Epoch [7/100], Train Step [300/628], Loss: 2.9505, Perplexity: 19.1157
Epoch [7/100], Train Step [320/628], Loss: 3.0292, Perplexity: 20.6813
Epoch [7/100], Train Step [340/628], Loss: 3.0086, Perplexity: 20.2599
Epoch [7/100], Train Step [360/628], Loss: 2.9627, Perplexity: 19.3501
Epoch [7/100], Train Step [380/628], Loss: 3.1101, Perplexity: 22.4243
Epoch [7/100], Train Step [400/628], Loss: 2.9635, Perplexity: 19.3653
Epoch [7/100], Train Step [420/628], Loss: 2.9577, Perplexity: 19.2528
Epoch [7/100], Train Step [440/628], Loss: 3.1184, Perplexity: 22.6097
Epoch [7/100], Train Step [460/628], Loss: 2.9056, Perplexity: 18.2768
Epoch [7/100], Train Step [480/628], Loss: 3.0466, Perplexity: 21.0444
Epoch [7/100], Train Step [500/628], Loss: 2.9208, Perplexity: 18.5568
Epoch [7/100], Train Step [520/628], Loss: 3.0531, Perplexity: 21.1806
Epoch [7/100], Train Step [540/628], Loss: 3.0165, Perplexity: 20.4198
Epoch [7/100], Train Step [560/628], Loss: 3.0279, Perplexity: 20.6547
Epoch [7/100], Train Step [580/628], Loss: 2.9393, Perplexity: 18.9034
Epoch [7/100], Train Step [600/628], Loss: 3.0658, Perplexity: 21.4519
Epoch [7/100], Train Step [620/628], Loss: 3.0771, Perplexity: 21.6947
Epoch [7/100], Average Train Loss: 3.0012, Average Train Perplexity: 20.1100
Epoch [7/100], Val Step [0/78], Loss: 3.1194, Perplexity: 22.6323
Epoch [7/100], Val Step [20/78], Loss: 3.1008, Perplexity: 22.2168
Epoch [7/100], Val Step [40/78], Loss: 2.8517, Perplexity: 17.3180
Epoch [7/100], Val Step [60/78], Loss: 2.9841, Perplexity: 19.7691
Epoch [7/100], Average Val Loss: 2.9706, Average Val Perplexity: 19.5035
Epoch [8/100], Train Step [0/628], Loss: 2.9360, Perplexity: 18.8409
Epoch [8/100], Train Step [20/628], Loss: 2.8889, Perplexity: 17.9729
Epoch [8/100], Train Step [40/628], Loss: 2.9180, Perplexity: 18.5041
Epoch [8/100], Train Step [60/628], Loss: 3.0037, Perplexity: 20.1592
Epoch [8/100], Train Step [80/628], Loss: 2.9939, Perplexity: 19.9636
Epoch [8/100], Train Step [100/628], Loss: 3.0779, Perplexity: 21.7137
Epoch [8/100], Train Step [120/628], Loss: 2.9417, Perplexity: 18.9486
Epoch [8/100], Train Step [140/628], Loss: 2.9421, Perplexity: 18.9550
Epoch [8/100], Train Step [160/628], Loss: 2.9499, Perplexity: 19.1031
Epoch [8/100], Train Step [180/628], Loss: 2.9641, Perplexity: 19.3765
Epoch [8/100], Train Step [200/628], Loss: 2.8326, Perplexity: 16.9899
Epoch [8/100], Train Step [220/628], Loss: 2.9256, Perplexity: 18.6459
Epoch [8/100], Train Step [240/628], Loss: 2.9023, Perplexity: 18.2169
Epoch [8/100], Train Step [260/628], Loss: 3.0171, Perplexity: 20.4324
Epoch [8/100], Train Step [280/628], Loss: 3.0829, Perplexity: 21.8207
Epoch [8/100], Train Step [300/628], Loss: 3.0542, Perplexity: 21.2034
Epoch [8/100], Train Step [320/628], Loss: 2.9928, Perplexity: 19.9407
Epoch [8/100], Train Step [340/628], Loss: 2.8612, Perplexity: 17.4830
Epoch [8/100], Train Step [360/628], Loss: 2.8815, Perplexity: 17.8404
Epoch [8/100], Train Step [380/628], Loss: 3.0992, Perplexity: 22.1813
Epoch [8/100], Train Step [400/628], Loss: 2.9175, Perplexity: 18.4955
Epoch [8/100], Train Step [420/628], Loss: 3.0641, Perplexity: 21.4160
Epoch [8/100], Train Step [440/628], Loss: 2.9053, Perplexity: 18.2699
Epoch [8/100], Train Step [460/628], Loss: 2.7998, Perplexity: 16.4408
Epoch [8/100], Train Step [480/628], Loss: 2.7853, Perplexity: 16.2039
Epoch [8/100], Train Step [500/628], Loss: 2.9320, Perplexity: 18.7659
Epoch [8/100], Train Step [520/628], Loss: 2.8926, Perplexity: 18.0395
Epoch [8/100], Train Step [540/628], Loss: 3.1008, Perplexity: 22.2157
Epoch [8/100], Train Step [560/628], Loss: 3.0794, Perplexity: 21.7450
Epoch [8/100], Train Step [580/628], Loss: 3.0477, Perplexity: 21.0676
Epoch [8/100], Train Step [600/628], Loss: 3.0144, Perplexity: 20.3766
Epoch [8/100], Train Step [620/628], Loss: 2.8602, Perplexity: 17.4654
Epoch [8/100], Average Train Loss: 2.9609, Average Train Perplexity: 19.3159
Epoch [8/100], Val Step [0/78], Loss: 3.0985, Perplexity: 22.1640
Epoch [8/100], Val Step [20/78], Loss: 3.0720, Perplexity: 21.5858
Epoch [8/100], Val Step [40/78], Loss: 2.8327, Perplexity: 16.9919
Epoch [8/100], Val Step [60/78], Loss: 2.9551, Perplexity: 19.2035
Epoch [8/100], Average Val Loss: 2.9520, Average Val Perplexity: 19.1445
Epoch [9/100], Train Step [0/628], Loss: 2.8288, Perplexity: 16.9245
Epoch [9/100], Train Step [20/628], Loss: 2.9563, Perplexity: 19.2277
Epoch [9/100], Train Step [40/628], Loss: 2.9760, Perplexity: 19.6094
Epoch [9/100], Train Step [60/628], Loss: 2.9187, Perplexity: 18.5172
Epoch [9/100], Train Step [80/628], Loss: 2.9993, Perplexity: 20.0715
Epoch [9/100], Train Step [100/628], Loss: 2.9250, Perplexity: 18.6340
Epoch [9/100], Train Step [120/628], Loss: 2.9665, Perplexity: 19.4244
Epoch [9/100], Train Step [140/628], Loss: 2.9472, Perplexity: 19.0527
Epoch [9/100], Train Step [160/628], Loss: 2.9100, Perplexity: 18.3567
Epoch [9/100], Train Step [180/628], Loss: 2.8758, Perplexity: 17.7388
Epoch [9/100], Train Step [200/628], Loss: 2.8559, Perplexity: 17.3897
Epoch [9/100], Train Step [220/628], Loss: 2.8603, Perplexity: 17.4662
Epoch [9/100], Train Step [240/628], Loss: 2.9187, Perplexity: 18.5174
Epoch [9/100], Train Step [260/628], Loss: 2.9135, Perplexity: 18.4220
Epoch [9/100], Train Step [280/628], Loss: 2.8696, Perplexity: 17.6307
Epoch [9/100], Train Step [300/628], Loss: 2.9731, Perplexity: 19.5532
Epoch [9/100], Train Step [320/628], Loss: 3.0248, Perplexity: 20.5898
Epoch [9/100], Train Step [340/628], Loss: 2.8443, Perplexity: 17.1900
Epoch [9/100], Train Step [360/628], Loss: 2.8953, Perplexity: 18.0883
Epoch [9/100], Train Step [380/628], Loss: 3.0686, Perplexity: 21.5107
Epoch [9/100], Train Step [400/628], Loss: 2.9961, Perplexity: 20.0076
Epoch [9/100], Train Step [420/628], Loss: 2.8659, Perplexity: 17.5643
Epoch [9/100], Train Step [440/628], Loss: 2.8602, Perplexity: 17.4644
Epoch [9/100], Train Step [460/628], Loss: 2.8812, Perplexity: 17.8359
Epoch [9/100], Train Step [480/628], Loss: 2.8545, Perplexity: 17.3655
Epoch [9/100], Train Step [500/628], Loss: 3.0251, Perplexity: 20.5966
Epoch [9/100], Train Step [520/628], Loss: 2.9534, Perplexity: 19.1719
Epoch [9/100], Train Step [540/628], Loss: 2.8787, Perplexity: 17.7916
Epoch [9/100], Train Step [560/628], Loss: 2.9115, Perplexity: 18.3852
Epoch [9/100], Train Step [580/628], Loss: 3.1002, Perplexity: 22.2013
Epoch [9/100], Train Step [600/628], Loss: 2.9764, Perplexity: 19.6172
Epoch [9/100], Train Step [620/628], Loss: 2.9517, Perplexity: 19.1380
Epoch [9/100], Average Train Loss: 2.9282, Average Train Perplexity: 18.6948
Epoch [9/100], Val Step [0/78], Loss: 3.0772, Perplexity: 21.6980
Epoch [9/100], Val Step [20/78], Loss: 3.0703, Perplexity: 21.5485
Epoch [9/100], Val Step [40/78], Loss: 2.8104, Perplexity: 16.6162
Epoch [9/100], Val Step [60/78], Loss: 2.9605, Perplexity: 19.3073
Epoch [9/100], Average Val Loss: 2.9360, Average Val Perplexity: 18.8398
Epoch [10/100], Train Step [0/628], Loss: 2.9460, Perplexity: 19.0294
Epoch [10/100], Train Step [20/628], Loss: 2.8401, Perplexity: 17.1182
Epoch [10/100], Train Step [40/628], Loss: 2.8219, Perplexity: 16.8095
Epoch [10/100], Train Step [60/628], Loss: 2.8385, Perplexity: 17.0901
Epoch [10/100], Train Step [80/628], Loss: 2.8018, Perplexity: 16.4745
Epoch [10/100], Train Step [100/628], Loss: 2.7909, Perplexity: 16.2952
Epoch [10/100], Train Step [120/628], Loss: 2.8432, Perplexity: 17.1710
Epoch [10/100], Train Step [140/628], Loss: 2.9057, Perplexity: 18.2788
Epoch [10/100], Train Step [160/628], Loss: 2.9654, Perplexity: 19.4031
Epoch [10/100], Train Step [180/628], Loss: 2.9434, Perplexity: 18.9794
Epoch [10/100], Train Step [200/628], Loss: 2.9513, Perplexity: 19.1311
Epoch [10/100], Train Step [220/628], Loss: 2.9477, Perplexity: 19.0612
Epoch [10/100], Train Step [240/628], Loss: 2.8555, Perplexity: 17.3826
Epoch [10/100], Train Step [260/628], Loss: 2.9535, Perplexity: 19.1727
Epoch [10/100], Train Step [280/628], Loss: 2.9636, Perplexity: 19.3683
Epoch [10/100], Train Step [300/628], Loss: 2.8681, Perplexity: 17.6034
Epoch [10/100], Train Step [320/628], Loss: 2.8780, Perplexity: 17.7781
Epoch [10/100], Train Step [340/628], Loss: 3.0326, Perplexity: 20.7510
Epoch [10/100], Train Step [360/628], Loss: 2.9438, Perplexity: 18.9887
Epoch [10/100], Train Step [380/628], Loss: 2.8230, Perplexity: 16.8271
Epoch [10/100], Train Step [400/628], Loss: 2.9969, Perplexity: 20.0224
Epoch [10/100], Train Step [420/628], Loss: 2.9335, Perplexity: 18.7933
Epoch [10/100], Train Step [440/628], Loss: 2.9007, Perplexity: 18.1875
Epoch [10/100], Train Step [460/628], Loss: 2.9742, Perplexity: 19.5733
Epoch [10/100], Train Step [480/628], Loss: 3.1112, Perplexity: 22.4482
Epoch [10/100], Train Step [500/628], Loss: 2.9275, Perplexity: 18.6807
Epoch [10/100], Train Step [520/628], Loss: 2.8986, Perplexity: 18.1483
Epoch [10/100], Train Step [540/628], Loss: 2.9837, Perplexity: 19.7601
Epoch [10/100], Train Step [560/628], Loss: 2.8891, Perplexity: 17.9780
Epoch [10/100], Train Step [580/628], Loss: 2.9925, Perplexity: 19.9350
Epoch [10/100], Train Step [600/628], Loss: 2.9636, Perplexity: 19.3675
Epoch [10/100], Train Step [620/628], Loss: 2.8836, Perplexity: 17.8790
Epoch [10/100], Average Train Loss: 2.8990, Average Train Perplexity: 18.1561
Epoch [10/100], Val Step [0/78], Loss: 3.0580, Perplexity: 21.2855
Epoch [10/100], Val Step [20/78], Loss: 3.0481, Perplexity: 21.0752
Epoch [10/100], Val Step [40/78], Loss: 2.8159, Perplexity: 16.7086
Epoch [10/100], Val Step [60/78], Loss: 2.9300, Perplexity: 18.7282
Epoch [10/100], Average Val Loss: 2.9230, Average Val Perplexity: 18.5970
Epoch [11/100], Train Step [0/628], Loss: 2.8486, Perplexity: 17.2635
Epoch [11/100], Train Step [20/628], Loss: 2.7783, Perplexity: 16.0924
Epoch [11/100], Train Step [40/628], Loss: 2.8733, Perplexity: 17.6953
Epoch [11/100], Train Step [60/628], Loss: 2.7929, Perplexity: 16.3288
Epoch [11/100], Train Step [80/628], Loss: 2.6834, Perplexity: 14.6346
Epoch [11/100], Train Step [100/628], Loss: 2.8286, Perplexity: 16.9222
Epoch [11/100], Train Step [120/628], Loss: 2.8365, Perplexity: 17.0561
Epoch [11/100], Train Step [140/628], Loss: 2.8149, Perplexity: 16.6919
Epoch [11/100], Train Step [160/628], Loss: 2.8469, Perplexity: 17.2350
Epoch [11/100], Train Step [180/628], Loss: 2.9083, Perplexity: 18.3251
Epoch [11/100], Train Step [200/628], Loss: 2.8586, Perplexity: 17.4374
Epoch [11/100], Train Step [220/628], Loss: 2.7664, Perplexity: 15.9010
Epoch [11/100], Train Step [240/628], Loss: 3.0798, Perplexity: 21.7536
Epoch [11/100], Train Step [260/628], Loss: 2.8452, Perplexity: 17.2054
Epoch [11/100], Train Step [280/628], Loss: 2.8690, Perplexity: 17.6189
Epoch [11/100], Train Step [300/628], Loss: 2.7610, Perplexity: 15.8157
Epoch [11/100], Train Step [320/628], Loss: 2.8630, Perplexity: 17.5135
Epoch [11/100], Train Step [340/628], Loss: 2.8603, Perplexity: 17.4662
Epoch [11/100], Train Step [360/628], Loss: 2.8410, Perplexity: 17.1330
Epoch [11/100], Train Step [380/628], Loss: 2.8655, Perplexity: 17.5578
Epoch [11/100], Train Step [400/628], Loss: 2.9720, Perplexity: 19.5304
Epoch [11/100], Train Step [420/628], Loss: 2.9934, Perplexity: 19.9533
Epoch [11/100], Train Step [440/628], Loss: 2.8842, Perplexity: 17.8897
Epoch [11/100], Train Step [460/628], Loss: 2.9568, Perplexity: 19.2367
Epoch [11/100], Train Step [480/628], Loss: 2.9335, Perplexity: 18.7941
Epoch [11/100], Train Step [500/628], Loss: 2.8611, Perplexity: 17.4800
Epoch [11/100], Train Step [520/628], Loss: 2.8948, Perplexity: 18.0793
Epoch [11/100], Train Step [540/628], Loss: 2.8376, Perplexity: 17.0739
Epoch [11/100], Train Step [560/628], Loss: 2.8026, Perplexity: 16.4879
Epoch [11/100], Train Step [580/628], Loss: 2.9054, Perplexity: 18.2727
Epoch [11/100], Train Step [600/628], Loss: 3.0661, Perplexity: 21.4575
Epoch [11/100], Train Step [620/628], Loss: 3.0295, Perplexity: 20.6876
Epoch [11/100], Average Train Loss: 2.8739, Average Train Perplexity: 17.7054
Epoch [11/100], Val Step [0/78], Loss: 3.0582, Perplexity: 21.2888
Epoch [11/100], Val Step [20/78], Loss: 3.0420, Perplexity: 20.9480
Epoch [11/100], Val Step [40/78], Loss: 2.8043, Perplexity: 16.5147
Epoch [11/100], Val Step [60/78], Loss: 2.9224, Perplexity: 18.5863
Epoch [11/100], Average Val Loss: 2.9180, Average Val Perplexity: 18.5051
Epoch [12/100], Train Step [0/628], Loss: 2.6520, Perplexity: 14.1829
Epoch [12/100], Train Step [20/628], Loss: 2.6963, Perplexity: 14.8252
Epoch [12/100], Train Step [40/628], Loss: 2.5814, Perplexity: 13.2154
Epoch [12/100], Train Step [60/628], Loss: 2.7907, Perplexity: 16.2924
Epoch [12/100], Train Step [80/628], Loss: 2.8191, Perplexity: 16.7625
Epoch [12/100], Train Step [100/628], Loss: 2.7232, Perplexity: 15.2295
Epoch [12/100], Train Step [120/628], Loss: 2.6567, Perplexity: 14.2494
Epoch [12/100], Train Step [140/628], Loss: 2.7632, Perplexity: 15.8504
Epoch [12/100], Train Step [160/628], Loss: 2.7929, Perplexity: 16.3283
Epoch [12/100], Train Step [180/628], Loss: 2.8536, Perplexity: 17.3508
Epoch [12/100], Train Step [200/628], Loss: 3.0278, Perplexity: 20.6515
Epoch [12/100], Train Step [220/628], Loss: 2.8211, Perplexity: 16.7955
Epoch [12/100], Train Step [240/628], Loss: 2.9009, Perplexity: 18.1900
Epoch [12/100], Train Step [260/628], Loss: 2.8613, Perplexity: 17.4837
Epoch [12/100], Train Step [280/628], Loss: 2.8341, Perplexity: 17.0152
Epoch [12/100], Train Step [300/628], Loss: 2.8602, Perplexity: 17.4653
Epoch [12/100], Train Step [320/628], Loss: 2.7966, Perplexity: 16.3883
Epoch [12/100], Train Step [340/628], Loss: 2.9594, Perplexity: 19.2866
Epoch [12/100], Train Step [360/628], Loss: 2.8338, Perplexity: 17.0105
Epoch [12/100], Train Step [380/628], Loss: 2.8092, Perplexity: 16.5960
Epoch [12/100], Train Step [400/628], Loss: 2.8242, Perplexity: 16.8476
Epoch [12/100], Train Step [420/628], Loss: 2.9540, Perplexity: 19.1818
Epoch [12/100], Train Step [440/628], Loss: 2.9128, Perplexity: 18.4089
Epoch [12/100], Train Step [460/628], Loss: 2.8331, Perplexity: 16.9980
Epoch [12/100], Train Step [480/628], Loss: 2.8298, Perplexity: 16.9413
Epoch [12/100], Train Step [500/628], Loss: 2.8075, Perplexity: 16.5676
Epoch [12/100], Train Step [520/628], Loss: 2.9164, Perplexity: 18.4753
Epoch [12/100], Train Step [540/628], Loss: 2.8763, Perplexity: 17.7481
Epoch [12/100], Train Step [560/628], Loss: 2.9341, Perplexity: 18.8050
Epoch [12/100], Train Step [580/628], Loss: 2.8935, Perplexity: 18.0567
Epoch [12/100], Train Step [600/628], Loss: 2.8721, Perplexity: 17.6734
Epoch [12/100], Train Step [620/628], Loss: 2.8356, Perplexity: 17.0405
Epoch [12/100], Average Train Loss: 2.8526, Average Train Perplexity: 17.3329
Epoch [12/100], Val Step [0/78], Loss: 3.0445, Perplexity: 21.0005
Epoch [12/100], Val Step [20/78], Loss: 3.0351, Perplexity: 20.8036
Epoch [12/100], Val Step [40/78], Loss: 2.7841, Perplexity: 16.1856
Epoch [12/100], Val Step [60/78], Loss: 2.9220, Perplexity: 18.5786
Epoch [12/100], Average Val Loss: 2.9054, Average Val Perplexity: 18.2730
Epoch [13/100], Train Step [0/628], Loss: 2.8136, Perplexity: 16.6700
Epoch [13/100], Train Step [20/628], Loss: 2.7416, Perplexity: 15.5121
Epoch [13/100], Train Step [40/628], Loss: 2.8503, Perplexity: 17.2937
Epoch [13/100], Train Step [60/628], Loss: 2.8702, Perplexity: 17.6412
Epoch [13/100], Train Step [80/628], Loss: 2.8488, Perplexity: 17.2674
Epoch [13/100], Train Step [100/628], Loss: 2.7884, Perplexity: 16.2546
Epoch [13/100], Train Step [120/628], Loss: 2.7442, Perplexity: 15.5519
Epoch [13/100], Train Step [140/628], Loss: 2.7676, Perplexity: 15.9198
Epoch [13/100], Train Step [160/628], Loss: 2.8775, Perplexity: 17.7698
Epoch [13/100], Train Step [180/628], Loss: 2.8138, Perplexity: 16.6730
Epoch [13/100], Train Step [200/628], Loss: 2.8704, Perplexity: 17.6446
Epoch [13/100], Train Step [220/628], Loss: 2.8210, Perplexity: 16.7939
Epoch [13/100], Train Step [240/628], Loss: 2.9343, Perplexity: 18.8082
Epoch [13/100], Train Step [260/628], Loss: 2.8726, Perplexity: 17.6832
Epoch [13/100], Train Step [280/628], Loss: 2.8484, Perplexity: 17.2598
Epoch [13/100], Train Step [300/628], Loss: 2.8249, Perplexity: 16.8601
Epoch [13/100], Train Step [320/628], Loss: 3.0040, Perplexity: 20.1670
Epoch [13/100], Train Step [340/628], Loss: 2.9224, Perplexity: 18.5868
Epoch [13/100], Train Step [360/628], Loss: 2.9473, Perplexity: 19.0545
Epoch [13/100], Train Step [380/628], Loss: 2.8060, Perplexity: 16.5433
Epoch [13/100], Train Step [400/628], Loss: 2.8813, Perplexity: 17.8368
Epoch [13/100], Train Step [420/628], Loss: 2.8549, Perplexity: 17.3735
Epoch [13/100], Train Step [440/628], Loss: 2.8410, Perplexity: 17.1324
Epoch [13/100], Train Step [460/628], Loss: 2.9136, Perplexity: 18.4230
Epoch [13/100], Train Step [480/628], Loss: 3.0226, Perplexity: 20.5437
Epoch [13/100], Train Step [500/628], Loss: 2.7619, Perplexity: 15.8298
Epoch [13/100], Train Step [520/628], Loss: 2.8696, Perplexity: 17.6301
Epoch [13/100], Train Step [540/628], Loss: 2.9337, Perplexity: 18.7973
Epoch [13/100], Train Step [560/628], Loss: 2.9124, Perplexity: 18.4004
Epoch [13/100], Train Step [580/628], Loss: 2.8983, Perplexity: 18.1427
Epoch [13/100], Train Step [600/628], Loss: 2.7911, Perplexity: 16.2983
Epoch [13/100], Train Step [620/628], Loss: 2.9272, Perplexity: 18.6756
Epoch [13/100], Average Train Loss: 2.8319, Average Train Perplexity: 16.9782
Epoch [13/100], Val Step [0/78], Loss: 3.0291, Perplexity: 20.6790
Epoch [13/100], Val Step [20/78], Loss: 3.0225, Perplexity: 20.5423
Epoch [13/100], Val Step [40/78], Loss: 2.7882, Perplexity: 16.2515
Epoch [13/100], Val Step [60/78], Loss: 2.9066, Perplexity: 18.2946
Epoch [13/100], Average Val Loss: 2.8998, Average Val Perplexity: 18.1712
Epoch [14/100], Train Step [0/628], Loss: 2.7905, Perplexity: 16.2892
Epoch [14/100], Train Step [20/628], Loss: 2.7675, Perplexity: 15.9181
Epoch [14/100], Train Step [40/628], Loss: 2.7316, Perplexity: 15.3580
Epoch [14/100], Train Step [60/628], Loss: 2.7893, Perplexity: 16.2700
Epoch [14/100], Train Step [80/628], Loss: 2.7650, Perplexity: 15.8787
Epoch [14/100], Train Step [100/628], Loss: 2.8333, Perplexity: 17.0011
Epoch [14/100], Train Step [120/628], Loss: 2.8658, Perplexity: 17.5638
Epoch [14/100], Train Step [140/628], Loss: 2.8065, Perplexity: 16.5511
Epoch [14/100], Train Step [160/628], Loss: 2.8246, Perplexity: 16.8546
Epoch [14/100], Train Step [180/628], Loss: 2.8550, Perplexity: 17.3748
Epoch [14/100], Train Step [200/628], Loss: 2.6710, Perplexity: 14.4540
Epoch [14/100], Train Step [220/628], Loss: 2.8696, Perplexity: 17.6308
Epoch [14/100], Train Step [240/628], Loss: 2.8977, Perplexity: 18.1332
Epoch [14/100], Train Step [260/628], Loss: 2.7060, Perplexity: 14.9690
Epoch [14/100], Train Step [280/628], Loss: 2.9443, Perplexity: 18.9971
Epoch [14/100], Train Step [300/628], Loss: 2.8864, Perplexity: 17.9278
Epoch [14/100], Train Step [320/628], Loss: 2.9679, Perplexity: 19.4506
Epoch [14/100], Train Step [340/628], Loss: 2.8479, Perplexity: 17.2516
Epoch [14/100], Train Step [360/628], Loss: 2.9339, Perplexity: 18.8006
Epoch [14/100], Train Step [380/628], Loss: 2.7915, Perplexity: 16.3058
Epoch [14/100], Train Step [400/628], Loss: 2.7619, Perplexity: 15.8295
Epoch [14/100], Train Step [420/628], Loss: 2.6359, Perplexity: 13.9557
Epoch [14/100], Train Step [440/628], Loss: 3.0049, Perplexity: 20.1848
Epoch [14/100], Train Step [460/628], Loss: 2.9072, Perplexity: 18.3053
Epoch [14/100], Train Step [480/628], Loss: 2.8189, Perplexity: 16.7587
Epoch [14/100], Train Step [500/628], Loss: 2.9340, Perplexity: 18.8027
Epoch [14/100], Train Step [520/628], Loss: 2.8354, Perplexity: 17.0380
Epoch [14/100], Train Step [540/628], Loss: 2.7738, Perplexity: 16.0197
Epoch [14/100], Train Step [560/628], Loss: 2.8816, Perplexity: 17.8429
Epoch [14/100], Train Step [580/628], Loss: 2.8767, Perplexity: 17.7556
Epoch [14/100], Train Step [600/628], Loss: 2.8739, Perplexity: 17.7067
Epoch [14/100], Train Step [620/628], Loss: 2.9374, Perplexity: 18.8665
Epoch [14/100], Average Train Loss: 2.8149, Average Train Perplexity: 16.6909
Epoch [14/100], Val Step [0/78], Loss: 3.0324, Perplexity: 20.7469
Epoch [14/100], Val Step [20/78], Loss: 3.0209, Perplexity: 20.5099
Epoch [14/100], Val Step [40/78], Loss: 2.7843, Perplexity: 16.1884
Epoch [14/100], Val Step [60/78], Loss: 2.9093, Perplexity: 18.3434
Epoch [14/100], Average Val Loss: 2.8985, Average Val Perplexity: 18.1473
Epoch [15/100], Train Step [0/628], Loss: 2.7084, Perplexity: 15.0055
Epoch [15/100], Train Step [20/628], Loss: 2.7594, Perplexity: 15.7903
Epoch [15/100], Train Step [40/628], Loss: 2.6730, Perplexity: 14.4837
Epoch [15/100], Train Step [60/628], Loss: 2.6561, Perplexity: 14.2405
Epoch [15/100], Train Step [80/628], Loss: 2.7005, Perplexity: 14.8866
Epoch [15/100], Train Step [100/628], Loss: 2.6642, Perplexity: 14.3562
Epoch [15/100], Train Step [120/628], Loss: 2.8117, Perplexity: 16.6384
Epoch [15/100], Train Step [140/628], Loss: 2.7313, Perplexity: 15.3523
Epoch [15/100], Train Step [160/628], Loss: 2.7965, Perplexity: 16.3864
Epoch [15/100], Train Step [180/628], Loss: 2.7693, Perplexity: 15.9477
Epoch [15/100], Train Step [200/628], Loss: 2.7051, Perplexity: 14.9553
Epoch [15/100], Train Step [220/628], Loss: 2.8490, Perplexity: 17.2710
Epoch [15/100], Train Step [240/628], Loss: 2.7626, Perplexity: 15.8410
Epoch [15/100], Train Step [260/628], Loss: 2.6815, Perplexity: 14.6077
Epoch [15/100], Train Step [280/628], Loss: 2.6649, Perplexity: 14.3668
Epoch [15/100], Train Step [300/628], Loss: 2.7444, Perplexity: 15.5558
Epoch [15/100], Train Step [320/628], Loss: 2.8286, Perplexity: 16.9216
Epoch [15/100], Train Step [340/628], Loss: 2.8684, Perplexity: 17.6084
Epoch [15/100], Train Step [360/628], Loss: 2.6506, Perplexity: 14.1621
Epoch [15/100], Train Step [380/628], Loss: 2.8067, Perplexity: 16.5555
Epoch [15/100], Train Step [400/628], Loss: 2.7413, Perplexity: 15.5069
Epoch [15/100], Train Step [420/628], Loss: 2.8658, Perplexity: 17.5637
Epoch [15/100], Train Step [440/628], Loss: 2.9668, Perplexity: 19.4303
Epoch [15/100], Train Step [460/628], Loss: 2.8070, Perplexity: 16.5599
Epoch [15/100], Train Step [480/628], Loss: 2.7688, Perplexity: 15.9387
Epoch [15/100], Train Step [500/628], Loss: 2.7482, Perplexity: 15.6152
Epoch [15/100], Train Step [520/628], Loss: 2.8298, Perplexity: 16.9413
Epoch [15/100], Train Step [540/628], Loss: 2.9525, Perplexity: 19.1541
Epoch [15/100], Train Step [560/628], Loss: 2.9089, Perplexity: 18.3367
Epoch [15/100], Train Step [580/628], Loss: 2.8642, Perplexity: 17.5357
Epoch [15/100], Train Step [600/628], Loss: 2.8891, Perplexity: 17.9778
Epoch [15/100], Train Step [620/628], Loss: 2.6737, Perplexity: 14.4937
Epoch [15/100], Average Train Loss: 2.7984, Average Train Perplexity: 16.4182
Epoch [15/100], Val Step [0/78], Loss: 3.0161, Perplexity: 20.4107
Epoch [15/100], Val Step [20/78], Loss: 3.0159, Perplexity: 20.4079
Epoch [15/100], Val Step [40/78], Loss: 2.7673, Perplexity: 15.9154
Epoch [15/100], Val Step [60/78], Loss: 2.9047, Perplexity: 18.2603
Epoch [15/100], Average Val Loss: 2.8918, Average Val Perplexity: 18.0258
Epoch [16/100], Train Step [0/628], Loss: 2.6860, Perplexity: 14.6735
Epoch [16/100], Train Step [20/628], Loss: 2.6136, Perplexity: 13.6482
Epoch [16/100], Train Step [40/628], Loss: 2.7577, Perplexity: 15.7629
Epoch [16/100], Train Step [60/628], Loss: 2.6645, Perplexity: 14.3605
Epoch [16/100], Train Step [80/628], Loss: 2.7961, Perplexity: 16.3801
Epoch [16/100], Train Step [100/628], Loss: 2.7673, Perplexity: 15.9161
Epoch [16/100], Train Step [120/628], Loss: 2.6897, Perplexity: 14.7279
Epoch [16/100], Train Step [140/628], Loss: 2.6826, Perplexity: 14.6231
Epoch [16/100], Train Step [160/628], Loss: 2.8302, Perplexity: 16.9493
Epoch [16/100], Train Step [180/628], Loss: 2.7496, Perplexity: 15.6366
Epoch [16/100], Train Step [200/628], Loss: 2.8179, Perplexity: 16.7411
Epoch [16/100], Train Step [220/628], Loss: 2.8717, Perplexity: 17.6666
Epoch [16/100], Train Step [240/628], Loss: 2.8709, Perplexity: 17.6536
Epoch [16/100], Train Step [260/628], Loss: 2.7674, Perplexity: 15.9164
Epoch [16/100], Train Step [280/628], Loss: 2.5899, Perplexity: 13.3289
Epoch [16/100], Train Step [300/628], Loss: 2.8417, Perplexity: 17.1450
Epoch [16/100], Train Step [320/628], Loss: 2.7330, Perplexity: 15.3792
Epoch [16/100], Train Step [340/628], Loss: 2.7905, Perplexity: 16.2899
Epoch [16/100], Train Step [360/628], Loss: 2.7671, Perplexity: 15.9122
Epoch [16/100], Train Step [380/628], Loss: 2.7881, Perplexity: 16.2495
Epoch [16/100], Train Step [400/628], Loss: 2.7606, Perplexity: 15.8099
Epoch [16/100], Train Step [420/628], Loss: 2.8894, Perplexity: 17.9822
Epoch [16/100], Train Step [440/628], Loss: 2.9349, Perplexity: 18.8188
Epoch [16/100], Train Step [460/628], Loss: 2.8393, Perplexity: 17.1039
Epoch [16/100], Train Step [480/628], Loss: 2.7845, Perplexity: 16.1911
Epoch [16/100], Train Step [500/628], Loss: 2.8446, Perplexity: 17.1947
Epoch [16/100], Train Step [520/628], Loss: 2.8552, Perplexity: 17.3771
Epoch [16/100], Train Step [540/628], Loss: 2.7428, Perplexity: 15.5298
Epoch [16/100], Train Step [560/628], Loss: 2.7787, Perplexity: 16.0974
Epoch [16/100], Train Step [580/628], Loss: 2.7991, Perplexity: 16.4299
Epoch [16/100], Train Step [600/628], Loss: 2.8917, Perplexity: 18.0246
Epoch [16/100], Train Step [620/628], Loss: 2.8507, Perplexity: 17.2991
Epoch [16/100], Average Train Loss: 2.7841, Average Train Perplexity: 16.1849
Epoch [16/100], Val Step [0/78], Loss: 3.0317, Perplexity: 20.7321
Epoch [16/100], Val Step [20/78], Loss: 3.0163, Perplexity: 20.4165
Epoch [16/100], Val Step [40/78], Loss: 2.7768, Perplexity: 16.0682
Epoch [16/100], Val Step [60/78], Loss: 2.9127, Perplexity: 18.4066
Epoch [16/100], Average Val Loss: 2.8869, Average Val Perplexity: 17.9370
Epoch [17/100], Train Step [0/628], Loss: 2.7205, Perplexity: 15.1886
Epoch [17/100], Train Step [20/628], Loss: 2.7310, Perplexity: 15.3486
Epoch [17/100], Train Step [40/628], Loss: 2.6760, Perplexity: 14.5272
Epoch [17/100], Train Step [60/628], Loss: 2.5882, Perplexity: 13.3057
Epoch [17/100], Train Step [80/628], Loss: 2.8764, Perplexity: 17.7500
Epoch [17/100], Train Step [100/628], Loss: 2.8425, Perplexity: 17.1578
Epoch [17/100], Train Step [120/628], Loss: 2.7630, Perplexity: 15.8480
Epoch [17/100], Train Step [140/628], Loss: 2.7291, Perplexity: 15.3187
Epoch [17/100], Train Step [160/628], Loss: 2.6131, Perplexity: 13.6414
Epoch [17/100], Train Step [180/628], Loss: 2.6128, Perplexity: 13.6374
Epoch [17/100], Train Step [200/628], Loss: 2.7923, Perplexity: 16.3189
Epoch [17/100], Train Step [220/628], Loss: 2.7909, Perplexity: 16.2964
Epoch [17/100], Train Step [240/628], Loss: 2.8390, Perplexity: 17.0989
Epoch [17/100], Train Step [260/628], Loss: 2.6795, Perplexity: 14.5776
Epoch [17/100], Train Step [280/628], Loss: 2.7632, Perplexity: 15.8508
Epoch [17/100], Train Step [300/628], Loss: 2.7355, Perplexity: 15.4181
Epoch [17/100], Train Step [320/628], Loss: 2.7898, Perplexity: 16.2777
Epoch [17/100], Train Step [340/628], Loss: 2.7362, Perplexity: 15.4275
Epoch [17/100], Train Step [360/628], Loss: 2.6997, Perplexity: 14.8749
Epoch [17/100], Train Step [380/628], Loss: 2.8846, Perplexity: 17.8966
Epoch [17/100], Train Step [400/628], Loss: 2.7647, Perplexity: 15.8737
Epoch [17/100], Train Step [420/628], Loss: 2.8630, Perplexity: 17.5133
Epoch [17/100], Train Step [440/628], Loss: 2.6050, Perplexity: 13.5311
Epoch [17/100], Train Step [460/628], Loss: 2.7626, Perplexity: 15.8403
Epoch [17/100], Train Step [480/628], Loss: 2.7796, Perplexity: 16.1132
Epoch [17/100], Train Step [500/628], Loss: 2.8322, Perplexity: 16.9832
Epoch [17/100], Train Step [520/628], Loss: 2.8361, Perplexity: 17.0490
Epoch [17/100], Train Step [540/628], Loss: 2.9157, Perplexity: 18.4621
Epoch [17/100], Train Step [560/628], Loss: 2.7509, Perplexity: 15.6566
Epoch [17/100], Train Step [580/628], Loss: 2.8194, Perplexity: 16.7663
Epoch [17/100], Train Step [600/628], Loss: 2.7186, Perplexity: 15.1586
Epoch [17/100], Train Step [620/628], Loss: 2.7663, Perplexity: 15.9002
Epoch [17/100], Average Train Loss: 2.7704, Average Train Perplexity: 15.9651
Epoch [17/100], Val Step [0/78], Loss: 3.0137, Perplexity: 20.3629
Epoch [17/100], Val Step [20/78], Loss: 3.0077, Perplexity: 20.2415
Epoch [17/100], Val Step [40/78], Loss: 2.7607, Perplexity: 15.8116
Epoch [17/100], Val Step [60/78], Loss: 2.8932, Perplexity: 18.0508
Epoch [17/100], Average Val Loss: 2.8801, Average Val Perplexity: 17.8168
Epoch [18/100], Train Step [0/628], Loss: 2.6844, Perplexity: 14.6489
Epoch [18/100], Train Step [20/628], Loss: 2.6495, Perplexity: 14.1469
Epoch [18/100], Train Step [40/628], Loss: 2.6564, Perplexity: 14.2442
Epoch [18/100], Train Step [60/628], Loss: 2.8494, Perplexity: 17.2769
Epoch [18/100], Train Step [80/628], Loss: 2.6601, Perplexity: 14.2975
Epoch [18/100], Train Step [100/628], Loss: 2.6770, Perplexity: 14.5419
Epoch [18/100], Train Step [120/628], Loss: 2.6419, Perplexity: 14.0404
Epoch [18/100], Train Step [140/628], Loss: 2.7128, Perplexity: 15.0719
Epoch [18/100], Train Step [160/628], Loss: 2.6582, Perplexity: 14.2701
Epoch [18/100], Train Step [180/628], Loss: 2.8864, Perplexity: 17.9282
Epoch [18/100], Train Step [200/628], Loss: 2.6792, Perplexity: 14.5735
Epoch [18/100], Train Step [220/628], Loss: 2.7082, Perplexity: 15.0023
Epoch [18/100], Train Step [240/628], Loss: 2.7483, Perplexity: 15.6161
Epoch [18/100], Train Step [260/628], Loss: 2.8753, Perplexity: 17.7309
Epoch [18/100], Train Step [280/628], Loss: 2.8275, Perplexity: 16.9026
Epoch [18/100], Train Step [300/628], Loss: 2.8375, Perplexity: 17.0729
Epoch [18/100], Train Step [320/628], Loss: 2.7849, Perplexity: 16.1990
Epoch [18/100], Train Step [340/628], Loss: 2.8127, Perplexity: 16.6556
Epoch [18/100], Train Step [360/628], Loss: 2.7747, Perplexity: 16.0334
Epoch [18/100], Train Step [380/628], Loss: 2.8379, Perplexity: 17.0795
Epoch [18/100], Train Step [400/628], Loss: 2.6980, Perplexity: 14.8505
Epoch [18/100], Train Step [420/628], Loss: 2.8526, Perplexity: 17.3332
Epoch [18/100], Train Step [440/628], Loss: 2.7993, Perplexity: 16.4337
Epoch [18/100], Train Step [460/628], Loss: 2.7626, Perplexity: 15.8407
Epoch [18/100], Train Step [480/628], Loss: 2.7062, Perplexity: 14.9728
Epoch [18/100], Train Step [500/628], Loss: 2.7557, Perplexity: 15.7316
Epoch [18/100], Train Step [520/628], Loss: 2.7053, Perplexity: 14.9584
Epoch [18/100], Train Step [540/628], Loss: 2.8205, Perplexity: 16.7847
Epoch [18/100], Train Step [560/628], Loss: 2.8172, Perplexity: 16.7307
Epoch [18/100], Train Step [580/628], Loss: 2.7620, Perplexity: 15.8320
Epoch [18/100], Train Step [600/628], Loss: 2.9079, Perplexity: 18.3176
Epoch [18/100], Train Step [620/628], Loss: 2.8371, Perplexity: 17.0668
Epoch [18/100], Average Train Loss: 2.7585, Average Train Perplexity: 15.7755
Epoch [18/100], Val Step [0/78], Loss: 3.0264, Perplexity: 20.6231
Epoch [18/100], Val Step [20/78], Loss: 3.0255, Perplexity: 20.6042
Epoch [18/100], Val Step [40/78], Loss: 2.7670, Perplexity: 15.9104
Epoch [18/100], Val Step [60/78], Loss: 2.9037, Perplexity: 18.2410
Epoch [18/100], Average Val Loss: 2.8832, Average Val Perplexity: 17.8719
Epoch [19/100], Train Step [0/628], Loss: 2.6204, Perplexity: 13.7408
Epoch [19/100], Train Step [20/628], Loss: 2.6146, Perplexity: 13.6619
Epoch [19/100], Train Step [40/628], Loss: 2.6492, Perplexity: 14.1434
Epoch [19/100], Train Step [60/628], Loss: 2.7220, Perplexity: 15.2112
Epoch [19/100], Train Step [80/628], Loss: 2.7964, Perplexity: 16.3853
Epoch [19/100], Train Step [100/628], Loss: 2.5958, Perplexity: 13.4074
Epoch [19/100], Train Step [120/628], Loss: 2.6837, Perplexity: 14.6386
Epoch [19/100], Train Step [140/628], Loss: 2.8210, Perplexity: 16.7942
Epoch [19/100], Train Step [160/628], Loss: 2.7723, Perplexity: 15.9950
Epoch [19/100], Train Step [180/628], Loss: 2.8210, Perplexity: 16.7928
Epoch [19/100], Train Step [200/628], Loss: 2.6704, Perplexity: 14.4454
Epoch [19/100], Train Step [220/628], Loss: 2.8857, Perplexity: 17.9159
Epoch [19/100], Train Step [240/628], Loss: 2.7467, Perplexity: 15.5913
Epoch [19/100], Train Step [260/628], Loss: 2.7486, Perplexity: 15.6205
Epoch [19/100], Train Step [280/628], Loss: 2.6601, Perplexity: 14.2982
Epoch [19/100], Train Step [300/628], Loss: 2.7518, Perplexity: 15.6708
Epoch [19/100], Train Step [320/628], Loss: 2.7693, Perplexity: 15.9473
Epoch [19/100], Train Step [340/628], Loss: 2.7666, Perplexity: 15.9047
Epoch [19/100], Train Step [360/628], Loss: 2.6742, Perplexity: 14.5014
Epoch [19/100], Train Step [380/628], Loss: 2.8701, Perplexity: 17.6385
Epoch [19/100], Train Step [400/628], Loss: 2.7656, Perplexity: 15.8884
Epoch [19/100], Train Step [420/628], Loss: 2.7780, Perplexity: 16.0864
Epoch [19/100], Train Step [440/628], Loss: 2.8828, Perplexity: 17.8638
Epoch [19/100], Train Step [460/628], Loss: 2.7677, Perplexity: 15.9226
Epoch [19/100], Train Step [480/628], Loss: 2.7073, Perplexity: 14.9893
Epoch [19/100], Train Step [500/628], Loss: 2.9502, Perplexity: 19.1106
Epoch [19/100], Train Step [520/628], Loss: 2.7350, Perplexity: 15.4091
Epoch [19/100], Train Step [540/628], Loss: 2.7131, Perplexity: 15.0753
Epoch [19/100], Train Step [560/628], Loss: 2.7237, Perplexity: 15.2366
Epoch [19/100], Train Step [580/628], Loss: 2.7685, Perplexity: 15.9339
Epoch [19/100], Train Step [600/628], Loss: 2.8226, Perplexity: 16.8206
Epoch [19/100], Train Step [620/628], Loss: 2.9703, Perplexity: 19.4968
Epoch [19/100], Average Train Loss: 2.7464, Average Train Perplexity: 15.5864
Epoch [19/100], Val Step [0/78], Loss: 3.0284, Perplexity: 20.6637
Epoch [19/100], Val Step [20/78], Loss: 2.9975, Perplexity: 20.0360
Epoch [19/100], Val Step [40/78], Loss: 2.7781, Perplexity: 16.0879
Epoch [19/100], Val Step [60/78], Loss: 2.9079, Perplexity: 18.3181
Epoch [19/100], Average Val Loss: 2.8837, Average Val Perplexity: 17.8801
Epoch [20/100], Train Step [0/628], Loss: 2.6895, Perplexity: 14.7249
Epoch [20/100], Train Step [20/628], Loss: 2.7908, Perplexity: 16.2942
Epoch [20/100], Train Step [40/628], Loss: 2.8018, Perplexity: 16.4741
Epoch [20/100], Train Step [60/628], Loss: 2.6352, Perplexity: 13.9467
Epoch [20/100], Train Step [80/628], Loss: 2.7575, Perplexity: 15.7607
Epoch [20/100], Train Step [100/628], Loss: 2.5142, Perplexity: 12.3562
Epoch [20/100], Train Step [120/628], Loss: 2.6900, Perplexity: 14.7322
Epoch [20/100], Train Step [140/628], Loss: 2.7043, Perplexity: 14.9435
Epoch [20/100], Train Step [160/628], Loss: 2.6675, Perplexity: 14.4044
Epoch [20/100], Train Step [180/628], Loss: 2.6867, Perplexity: 14.6839
Epoch [20/100], Train Step [200/628], Loss: 2.8005, Perplexity: 16.4525
Epoch [20/100], Train Step [220/628], Loss: 2.7171, Perplexity: 15.1367
Epoch [20/100], Train Step [240/628], Loss: 2.7018, Perplexity: 14.9070
Epoch [20/100], Train Step [260/628], Loss: 2.7547, Perplexity: 15.7167
Epoch [20/100], Train Step [280/628], Loss: 2.8321, Perplexity: 16.9805
Epoch [20/100], Train Step [300/628], Loss: 2.7521, Perplexity: 15.6754
Epoch [20/100], Train Step [320/628], Loss: 2.7050, Perplexity: 14.9538
Epoch [20/100], Train Step [340/628], Loss: 2.6345, Perplexity: 13.9359
Epoch [20/100], Train Step [360/628], Loss: 2.8131, Perplexity: 16.6616
Epoch [20/100], Train Step [380/628], Loss: 2.5893, Perplexity: 13.3207
Epoch [20/100], Train Step [400/628], Loss: 2.8462, Perplexity: 17.2229
Epoch [20/100], Train Step [420/628], Loss: 2.7846, Perplexity: 16.1940
Epoch [20/100], Train Step [440/628], Loss: 2.8634, Perplexity: 17.5212
Epoch [20/100], Train Step [460/628], Loss: 2.7955, Perplexity: 16.3708
Epoch [20/100], Train Step [480/628], Loss: 2.7054, Perplexity: 14.9602
Epoch [20/100], Train Step [500/628], Loss: 2.8147, Perplexity: 16.6887
Epoch [20/100], Train Step [520/628], Loss: 2.6571, Perplexity: 14.2556
Epoch [20/100], Train Step [540/628], Loss: 2.8120, Perplexity: 16.6438
Epoch [20/100], Train Step [560/628], Loss: 2.8498, Perplexity: 17.2843
Epoch [20/100], Train Step [580/628], Loss: 2.7508, Perplexity: 15.6549
Epoch [20/100], Train Step [600/628], Loss: 2.7135, Perplexity: 15.0814
Epoch [20/100], Train Step [620/628], Loss: 2.7710, Perplexity: 15.9740
Epoch [20/100], Average Train Loss: 2.7365, Average Train Perplexity: 15.4322
Epoch [20/100], Val Step [0/78], Loss: 3.0222, Perplexity: 20.5359
Epoch [20/100], Val Step [20/78], Loss: 2.9949, Perplexity: 19.9831
Epoch [20/100], Val Step [40/78], Loss: 2.7692, Perplexity: 15.9455
Epoch [20/100], Val Step [60/78], Loss: 2.8814, Perplexity: 17.8401
Epoch [20/100], Average Val Loss: 2.8782, Average Val Perplexity: 17.7818
Epoch [21/100], Train Step [0/628], Loss: 2.4809, Perplexity: 11.9522
Epoch [21/100], Train Step [20/628], Loss: 2.6225, Perplexity: 13.7697
Epoch [21/100], Train Step [40/628], Loss: 2.5068, Perplexity: 12.2657
Epoch [21/100], Train Step [60/628], Loss: 2.6169, Perplexity: 13.6929
Epoch [21/100], Train Step [80/628], Loss: 2.7408, Perplexity: 15.4991
Epoch [21/100], Train Step [100/628], Loss: 2.6144, Perplexity: 13.6591
Epoch [21/100], Train Step [120/628], Loss: 2.7342, Perplexity: 15.3979
Epoch [21/100], Train Step [140/628], Loss: 2.5292, Perplexity: 12.5437
Epoch [21/100], Train Step [160/628], Loss: 2.5942, Perplexity: 13.3860
Epoch [21/100], Train Step [180/628], Loss: 2.6928, Perplexity: 14.7729
Epoch [21/100], Train Step [200/628], Loss: 2.6834, Perplexity: 14.6345
Epoch [21/100], Train Step [220/628], Loss: 2.7201, Perplexity: 15.1822
Epoch [21/100], Train Step [240/628], Loss: 2.6934, Perplexity: 14.7822
Epoch [21/100], Train Step [260/628], Loss: 2.7631, Perplexity: 15.8497
Epoch [21/100], Train Step [280/628], Loss: 2.7892, Perplexity: 16.2679
Epoch [21/100], Train Step [300/628], Loss: 2.6415, Perplexity: 14.0346
Epoch [21/100], Train Step [320/628], Loss: 2.8509, Perplexity: 17.3041
Epoch [21/100], Train Step [340/628], Loss: 2.6629, Perplexity: 14.3377
Epoch [21/100], Train Step [360/628], Loss: 2.6169, Perplexity: 13.6935
Epoch [21/100], Train Step [380/628], Loss: 2.7360, Perplexity: 15.4247
Epoch [21/100], Train Step [400/628], Loss: 2.6332, Perplexity: 13.9187
Epoch [21/100], Train Step [420/628], Loss: 2.7099, Perplexity: 15.0284
Epoch [21/100], Train Step [440/628], Loss: 2.8389, Perplexity: 17.0963
Epoch [21/100], Train Step [460/628], Loss: 2.7592, Perplexity: 15.7876
Epoch [21/100], Train Step [480/628], Loss: 2.7779, Perplexity: 16.0859
Epoch [21/100], Train Step [500/628], Loss: 2.7881, Perplexity: 16.2496
Epoch [21/100], Train Step [520/628], Loss: 2.6675, Perplexity: 14.4036
Epoch [21/100], Train Step [540/628], Loss: 2.7418, Perplexity: 15.5142
Epoch [21/100], Train Step [560/628], Loss: 2.6518, Perplexity: 14.1792
Epoch [21/100], Train Step [580/628], Loss: 2.9091, Perplexity: 18.3394
Epoch [21/100], Train Step [600/628], Loss: 2.6627, Perplexity: 14.3346
Epoch [21/100], Train Step [620/628], Loss: 2.6890, Perplexity: 14.7170
Epoch [21/100], Average Train Loss: 2.7262, Average Train Perplexity: 15.2753
Epoch [21/100], Val Step [0/78], Loss: 3.0185, Perplexity: 20.4598
Epoch [21/100], Val Step [20/78], Loss: 2.9928, Perplexity: 19.9414
Epoch [21/100], Val Step [40/78], Loss: 2.7628, Perplexity: 15.8437
Epoch [21/100], Val Step [60/78], Loss: 2.8964, Perplexity: 18.1082
Epoch [21/100], Average Val Loss: 2.8781, Average Val Perplexity: 17.7801
Epoch [22/100], Train Step [0/628], Loss: 2.5583, Perplexity: 12.9144
Epoch [22/100], Train Step [20/628], Loss: 2.7207, Perplexity: 15.1905
Epoch [22/100], Train Step [40/628], Loss: 2.6701, Perplexity: 14.4416
Epoch [22/100], Train Step [60/628], Loss: 2.6200, Perplexity: 13.7351
Epoch [22/100], Train Step [80/628], Loss: 2.7383, Perplexity: 15.4601
Epoch [22/100], Train Step [100/628], Loss: 2.8360, Perplexity: 17.0469
Epoch [22/100], Train Step [120/628], Loss: 2.6789, Perplexity: 14.5690
Epoch [22/100], Train Step [140/628], Loss: 2.6122, Perplexity: 13.6287
Epoch [22/100], Train Step [160/628], Loss: 2.7060, Perplexity: 14.9686
Epoch [22/100], Train Step [180/628], Loss: 2.7358, Perplexity: 15.4227
Epoch [22/100], Train Step [200/628], Loss: 2.6979, Perplexity: 14.8491
Epoch [22/100], Train Step [220/628], Loss: 2.7195, Perplexity: 15.1723
Epoch [22/100], Train Step [240/628], Loss: 2.5532, Perplexity: 12.8478
Epoch [22/100], Train Step [260/628], Loss: 2.7216, Perplexity: 15.2046
Epoch [22/100], Train Step [280/628], Loss: 2.6556, Perplexity: 14.2334
Epoch [22/100], Train Step [300/628], Loss: 2.7685, Perplexity: 15.9353
Epoch [22/100], Train Step [320/628], Loss: 2.8206, Perplexity: 16.7866
Epoch [22/100], Train Step [340/628], Loss: 2.6965, Perplexity: 14.8280
Epoch [22/100], Train Step [360/628], Loss: 2.8975, Perplexity: 18.1280
Epoch [22/100], Train Step [380/628], Loss: 2.7320, Perplexity: 15.3637
Epoch [22/100], Train Step [400/628], Loss: 2.6743, Perplexity: 14.5015
Epoch [22/100], Train Step [420/628], Loss: 2.9208, Perplexity: 18.5566
Epoch [22/100], Train Step [440/628], Loss: 2.8236, Perplexity: 16.8382
Epoch [22/100], Train Step [460/628], Loss: 2.7754, Perplexity: 16.0455
Epoch [22/100], Train Step [480/628], Loss: 2.5868, Perplexity: 13.2871
Epoch [22/100], Train Step [500/628], Loss: 2.8633, Perplexity: 17.5199
Epoch [22/100], Train Step [520/628], Loss: 2.7697, Perplexity: 15.9539
Epoch [22/100], Train Step [540/628], Loss: 2.8434, Perplexity: 17.1734
Epoch [22/100], Train Step [560/628], Loss: 2.7106, Perplexity: 15.0385
Epoch [22/100], Train Step [580/628], Loss: 2.7654, Perplexity: 15.8855
Epoch [22/100], Train Step [600/628], Loss: 2.6357, Perplexity: 13.9526
Epoch [22/100], Train Step [620/628], Loss: 2.9188, Perplexity: 18.5193
Epoch [22/100], Average Train Loss: 2.7171, Average Train Perplexity: 15.1357
Epoch [22/100], Val Step [0/78], Loss: 3.0125, Perplexity: 20.3380
Epoch [22/100], Val Step [20/78], Loss: 3.0060, Perplexity: 20.2073
Epoch [22/100], Val Step [40/78], Loss: 2.7769, Perplexity: 16.0684
Epoch [22/100], Val Step [60/78], Loss: 2.9050, Perplexity: 18.2649
Epoch [22/100], Average Val Loss: 2.8769, Average Val Perplexity: 17.7598
Epoch [23/100], Train Step [0/628], Loss: 2.7505, Perplexity: 15.6504
Epoch [23/100], Train Step [20/628], Loss: 2.8498, Perplexity: 17.2835
Epoch [23/100], Train Step [40/628], Loss: 2.5259, Perplexity: 12.5017
Epoch [23/100], Train Step [60/628], Loss: 2.6853, Perplexity: 14.6625
Epoch [23/100], Train Step [80/628], Loss: 2.5491, Perplexity: 12.7952
Epoch [23/100], Train Step [100/628], Loss: 2.7552, Perplexity: 15.7247
Epoch [23/100], Train Step [120/628], Loss: 2.7138, Perplexity: 15.0859
Epoch [23/100], Train Step [140/628], Loss: 2.6613, Perplexity: 14.3148
Epoch [23/100], Train Step [160/628], Loss: 2.7305, Perplexity: 15.3409
Epoch [23/100], Train Step [180/628], Loss: 2.7394, Perplexity: 15.4770
Epoch [23/100], Train Step [200/628], Loss: 2.5913, Perplexity: 13.3470
Epoch [23/100], Train Step [220/628], Loss: 2.7723, Perplexity: 15.9948
Epoch [23/100], Train Step [240/628], Loss: 2.7752, Perplexity: 16.0419
Epoch [23/100], Train Step [260/628], Loss: 2.7062, Perplexity: 14.9725
Epoch [23/100], Train Step [280/628], Loss: 2.6730, Perplexity: 14.4838
Epoch [23/100], Train Step [300/628], Loss: 2.8050, Perplexity: 16.5275
Epoch [23/100], Train Step [320/628], Loss: 2.6569, Perplexity: 14.2515
Epoch [23/100], Train Step [340/628], Loss: 2.7523, Perplexity: 15.6792
Epoch [23/100], Train Step [360/628], Loss: 2.6506, Perplexity: 14.1627
Epoch [23/100], Train Step [380/628], Loss: 2.8236, Perplexity: 16.8380
Epoch [23/100], Train Step [400/628], Loss: 2.8869, Perplexity: 17.9382
Epoch [23/100], Train Step [420/628], Loss: 2.8533, Perplexity: 17.3449
Epoch [23/100], Train Step [440/628], Loss: 2.8244, Perplexity: 16.8509
Epoch [23/100], Train Step [460/628], Loss: 2.7181, Perplexity: 15.1518
Epoch [23/100], Train Step [480/628], Loss: 2.7311, Perplexity: 15.3498
Epoch [23/100], Train Step [500/628], Loss: 2.7342, Perplexity: 15.3975
Epoch [23/100], Train Step [520/628], Loss: 2.6328, Perplexity: 13.9128
Epoch [23/100], Train Step [540/628], Loss: 2.8024, Perplexity: 16.4841
Epoch [23/100], Train Step [560/628], Loss: 2.6537, Perplexity: 14.2072
Epoch [23/100], Train Step [580/628], Loss: 2.7415, Perplexity: 15.5100
Epoch [23/100], Train Step [600/628], Loss: 2.8405, Perplexity: 17.1251
Epoch [23/100], Train Step [620/628], Loss: 2.8005, Perplexity: 16.4535
Epoch [23/100], Average Train Loss: 2.7080, Average Train Perplexity: 14.9993
Epoch [23/100], Val Step [0/78], Loss: 3.0157, Perplexity: 20.4030
Epoch [23/100], Val Step [20/78], Loss: 2.9970, Perplexity: 20.0257
Epoch [23/100], Val Step [40/78], Loss: 2.7670, Perplexity: 15.9112
Epoch [23/100], Val Step [60/78], Loss: 2.8864, Perplexity: 17.9280
Epoch [23/100], Average Val Loss: 2.8760, Average Val Perplexity: 17.7431
Epoch [24/100], Train Step [0/628], Loss: 2.5299, Perplexity: 12.5518
Epoch [24/100], Train Step [20/628], Loss: 2.6934, Perplexity: 14.7818
Epoch [24/100], Train Step [40/628], Loss: 2.6390, Perplexity: 13.9993
Epoch [24/100], Train Step [60/628], Loss: 2.7556, Perplexity: 15.7299
Epoch [24/100], Train Step [80/628], Loss: 2.6868, Perplexity: 14.6848
Epoch [24/100], Train Step [100/628], Loss: 2.5789, Perplexity: 13.1822
Epoch [24/100], Train Step [120/628], Loss: 2.7184, Perplexity: 15.1565
Epoch [24/100], Train Step [140/628], Loss: 2.5338, Perplexity: 12.6009
Epoch [24/100], Train Step [160/628], Loss: 2.7317, Perplexity: 15.3584
Epoch [24/100], Train Step [180/628], Loss: 2.6161, Perplexity: 13.6818
Epoch [24/100], Train Step [200/628], Loss: 2.6176, Perplexity: 13.7022
Epoch [24/100], Train Step [220/628], Loss: 2.6698, Perplexity: 14.4376
Epoch [24/100], Train Step [240/628], Loss: 2.6717, Perplexity: 14.4652
Epoch [24/100], Train Step [260/628], Loss: 2.5179, Perplexity: 12.4020
Epoch [24/100], Train Step [280/628], Loss: 2.5374, Perplexity: 12.6470
Epoch [24/100], Train Step [300/628], Loss: 2.6146, Perplexity: 13.6616
Epoch [24/100], Train Step [320/628], Loss: 2.6805, Perplexity: 14.5922
Epoch [24/100], Train Step [340/628], Loss: 2.7923, Perplexity: 16.3192
Epoch [24/100], Train Step [360/628], Loss: 2.7825, Perplexity: 16.1600
Epoch [24/100], Train Step [380/628], Loss: 2.7426, Perplexity: 15.5280
Epoch [24/100], Train Step [400/628], Loss: 2.7795, Perplexity: 16.1109
Epoch [24/100], Train Step [420/628], Loss: 2.8506, Perplexity: 17.2977
Epoch [24/100], Train Step [440/628], Loss: 2.7031, Perplexity: 14.9255
Epoch [24/100], Train Step [460/628], Loss: 2.7761, Perplexity: 16.0561
Epoch [24/100], Train Step [480/628], Loss: 2.8387, Perplexity: 17.0932
Epoch [24/100], Train Step [500/628], Loss: 2.8322, Perplexity: 16.9827
Epoch [24/100], Train Step [520/628], Loss: 2.6832, Perplexity: 14.6322
Epoch [24/100], Train Step [540/628], Loss: 2.8099, Perplexity: 16.6079
Epoch [24/100], Train Step [560/628], Loss: 2.7004, Perplexity: 14.8858
Epoch [24/100], Train Step [580/628], Loss: 2.7089, Perplexity: 15.0131
Epoch [24/100], Train Step [600/628], Loss: 2.7223, Perplexity: 15.2156
Epoch [24/100], Train Step [620/628], Loss: 2.7897, Perplexity: 16.2768
Epoch [24/100], Average Train Loss: 2.6994, Average Train Perplexity: 14.8701
Epoch [24/100], Val Step [0/78], Loss: 3.0268, Perplexity: 20.6315
Epoch [24/100], Val Step [20/78], Loss: 3.0081, Perplexity: 20.2498
Epoch [24/100], Val Step [40/78], Loss: 2.7882, Perplexity: 16.2514
Epoch [24/100], Val Step [60/78], Loss: 2.8931, Perplexity: 18.0487
Epoch [24/100], Average Val Loss: 2.8798, Average Val Perplexity: 17.8102
Epoch [25/100], Train Step [0/628], Loss: 2.6061, Perplexity: 13.5455
Epoch [25/100], Train Step [20/628], Loss: 2.5271, Perplexity: 12.5174
Epoch [25/100], Train Step [40/628], Loss: 2.6685, Perplexity: 14.4187
Epoch [25/100], Train Step [60/628], Loss: 2.7803, Perplexity: 16.1242
Epoch [25/100], Train Step [80/628], Loss: 2.5967, Perplexity: 13.4191
Epoch [25/100], Train Step [100/628], Loss: 2.7317, Perplexity: 15.3589
Epoch [25/100], Train Step [120/628], Loss: 2.6363, Perplexity: 13.9614
Epoch [25/100], Train Step [140/628], Loss: 2.6436, Perplexity: 14.0636
Epoch [25/100], Train Step [160/628], Loss: 2.6530, Perplexity: 14.1963
Epoch [25/100], Train Step [180/628], Loss: 2.6139, Perplexity: 13.6520
Epoch [25/100], Train Step [200/628], Loss: 2.7341, Perplexity: 15.3965
Epoch [25/100], Train Step [220/628], Loss: 2.6623, Perplexity: 14.3290
Epoch [25/100], Train Step [240/628], Loss: 2.7470, Perplexity: 15.5959
Epoch [25/100], Train Step [260/628], Loss: 2.6525, Perplexity: 14.1892
Epoch [25/100], Train Step [280/628], Loss: 2.8285, Perplexity: 16.9197
Epoch [25/100], Train Step [300/628], Loss: 2.7521, Perplexity: 15.6747
Epoch [25/100], Train Step [320/628], Loss: 2.5451, Perplexity: 12.7443
Epoch [25/100], Train Step [340/628], Loss: 2.6589, Perplexity: 14.2807
Epoch [25/100], Train Step [360/628], Loss: 2.7651, Perplexity: 15.8807
Epoch [25/100], Train Step [380/628], Loss: 2.7694, Perplexity: 15.9495
Epoch [25/100], Train Step [400/628], Loss: 2.6362, Perplexity: 13.9600
Epoch [25/100], Train Step [420/628], Loss: 2.6715, Perplexity: 14.4618
Epoch [25/100], Train Step [440/628], Loss: 2.8206, Perplexity: 16.7874
Epoch [25/100], Train Step [460/628], Loss: 2.6607, Perplexity: 14.3065
Epoch [25/100], Train Step [480/628], Loss: 2.7619, Perplexity: 15.8296
Epoch [25/100], Train Step [500/628], Loss: 2.5365, Perplexity: 12.6349
Epoch [25/100], Train Step [520/628], Loss: 2.6500, Perplexity: 14.1547
Epoch [25/100], Train Step [540/628], Loss: 2.7119, Perplexity: 15.0585
Epoch [25/100], Train Step [560/628], Loss: 2.6423, Perplexity: 14.0456
Epoch [25/100], Train Step [580/628], Loss: 2.7374, Perplexity: 15.4466
Epoch [25/100], Train Step [600/628], Loss: 2.8101, Perplexity: 16.6122
Epoch [25/100], Train Step [620/628], Loss: 2.8761, Perplexity: 17.7451
Epoch [25/100], Average Train Loss: 2.6927, Average Train Perplexity: 14.7710
Epoch [25/100], Val Step [0/78], Loss: 3.0202, Perplexity: 20.4956
Epoch [25/100], Val Step [20/78], Loss: 3.0020, Perplexity: 20.1261
Epoch [25/100], Val Step [40/78], Loss: 2.7833, Perplexity: 16.1725
Epoch [25/100], Val Step [60/78], Loss: 2.8957, Perplexity: 18.0957
Epoch [25/100], Average Val Loss: 2.8751, Average Val Perplexity: 17.7272
Epoch [26/100], Train Step [0/628], Loss: 2.6601, Perplexity: 14.2977
Epoch [26/100], Train Step [20/628], Loss: 2.5463, Perplexity: 12.7600
Epoch [26/100], Train Step [40/628], Loss: 2.4821, Perplexity: 11.9662
Epoch [26/100], Train Step [60/628], Loss: 2.5356, Perplexity: 12.6242
Epoch [26/100], Train Step [80/628], Loss: 2.5865, Perplexity: 13.2835
Epoch [26/100], Train Step [100/628], Loss: 2.6938, Perplexity: 14.7883
Epoch [26/100], Train Step [120/628], Loss: 2.6589, Perplexity: 14.2805
Epoch [26/100], Train Step [140/628], Loss: 2.6900, Perplexity: 14.7312
Epoch [26/100], Train Step [160/628], Loss: 2.7043, Perplexity: 14.9440
Epoch [26/100], Train Step [180/628], Loss: 2.5861, Perplexity: 13.2780
Epoch [26/100], Train Step [200/628], Loss: 2.6044, Perplexity: 13.5229
Epoch [26/100], Train Step [220/628], Loss: 2.6172, Perplexity: 13.6971
Epoch [26/100], Train Step [240/628], Loss: 2.5958, Perplexity: 13.4076
Epoch [26/100], Train Step [260/628], Loss: 2.6563, Perplexity: 14.2440
Epoch [26/100], Train Step [280/628], Loss: 2.6356, Perplexity: 13.9522
Epoch [26/100], Train Step [300/628], Loss: 2.6634, Perplexity: 14.3445
Epoch [26/100], Train Step [320/628], Loss: 2.6812, Perplexity: 14.6030
Epoch [26/100], Train Step [340/628], Loss: 2.5132, Perplexity: 12.3440
Epoch [26/100], Train Step [360/628], Loss: 2.7810, Perplexity: 16.1349
Epoch [26/100], Train Step [380/628], Loss: 2.6680, Perplexity: 14.4107
Epoch [26/100], Train Step [400/628], Loss: 2.6279, Perplexity: 13.8447
Epoch [26/100], Train Step [420/628], Loss: 2.5940, Perplexity: 13.3829
Epoch [26/100], Train Step [440/628], Loss: 2.7772, Perplexity: 16.0740
Epoch [26/100], Train Step [460/628], Loss: 2.6902, Perplexity: 14.7353
Epoch [26/100], Train Step [480/628], Loss: 2.6985, Perplexity: 14.8573
Epoch [26/100], Train Step [500/628], Loss: 2.6972, Perplexity: 14.8382
Epoch [26/100], Train Step [520/628], Loss: 2.7199, Perplexity: 15.1788
Epoch [26/100], Train Step [540/628], Loss: 2.6429, Perplexity: 14.0545
Epoch [26/100], Train Step [560/628], Loss: 2.7474, Perplexity: 15.6027
Epoch [26/100], Train Step [580/628], Loss: 2.7010, Perplexity: 14.8945
Epoch [26/100], Train Step [600/628], Loss: 2.7090, Perplexity: 15.0138
Epoch [26/100], Train Step [620/628], Loss: 2.6150, Perplexity: 13.6679
Epoch [26/100], Average Train Loss: 2.6851, Average Train Perplexity: 14.6603
Epoch [26/100], Val Step [0/78], Loss: 3.0089, Perplexity: 20.2650
Epoch [26/100], Val Step [20/78], Loss: 3.0148, Perplexity: 20.3852
Epoch [26/100], Val Step [40/78], Loss: 2.7647, Perplexity: 15.8737
Epoch [26/100], Val Step [60/78], Loss: 2.8832, Perplexity: 17.8715
Epoch [26/100], Average Val Loss: 2.8719, Average Val Perplexity: 17.6704
Epoch [27/100], Train Step [0/628], Loss: 2.4872, Perplexity: 12.0276
Epoch [27/100], Train Step [20/628], Loss: 2.6240, Perplexity: 13.7906
Epoch [27/100], Train Step [40/628], Loss: 2.6401, Perplexity: 14.0140
Epoch [27/100], Train Step [60/628], Loss: 2.7058, Perplexity: 14.9657
Epoch [27/100], Train Step [80/628], Loss: 2.5580, Perplexity: 12.9101
Epoch [27/100], Train Step [100/628], Loss: 2.6412, Perplexity: 14.0302
Epoch [27/100], Train Step [120/628], Loss: 2.6746, Perplexity: 14.5060
Epoch [27/100], Train Step [140/628], Loss: 2.5333, Perplexity: 12.5944
Epoch [27/100], Train Step [160/628], Loss: 2.6275, Perplexity: 13.8392
Epoch [27/100], Train Step [180/628], Loss: 2.5394, Perplexity: 12.6724
Epoch [27/100], Train Step [200/628], Loss: 2.6857, Perplexity: 14.6687
Epoch [27/100], Train Step [220/628], Loss: 2.6256, Perplexity: 13.8129
Epoch [27/100], Train Step [240/628], Loss: 2.6730, Perplexity: 14.4827
Epoch [27/100], Train Step [260/628], Loss: 2.7355, Perplexity: 15.4167
Epoch [27/100], Train Step [280/628], Loss: 2.7017, Perplexity: 14.9053
Epoch [27/100], Train Step [300/628], Loss: 2.5217, Perplexity: 12.4494
Epoch [27/100], Train Step [320/628], Loss: 2.8362, Perplexity: 17.0501
Epoch [27/100], Train Step [340/628], Loss: 2.7180, Perplexity: 15.1496
Epoch [27/100], Train Step [360/628], Loss: 2.6717, Perplexity: 14.4647
Epoch [27/100], Train Step [380/628], Loss: 2.6670, Perplexity: 14.3966
Epoch [27/100], Train Step [400/628], Loss: 2.6190, Perplexity: 13.7214
Epoch [27/100], Train Step [420/628], Loss: 2.6375, Perplexity: 13.9782
Epoch [27/100], Train Step [440/628], Loss: 2.7238, Perplexity: 15.2383
Epoch [27/100], Train Step [460/628], Loss: 2.6107, Perplexity: 13.6091
Epoch [27/100], Train Step [480/628], Loss: 2.7785, Perplexity: 16.0951
Epoch [27/100], Train Step [500/628], Loss: 2.7053, Perplexity: 14.9590
Epoch [27/100], Train Step [520/628], Loss: 2.8452, Perplexity: 17.2050
Epoch [27/100], Train Step [540/628], Loss: 2.6693, Perplexity: 14.4293
Epoch [27/100], Train Step [560/628], Loss: 2.6718, Perplexity: 14.4658
Epoch [27/100], Train Step [580/628], Loss: 2.8073, Perplexity: 16.5652
Epoch [27/100], Train Step [600/628], Loss: 2.8861, Perplexity: 17.9241
Epoch [27/100], Train Step [620/628], Loss: 2.5503, Perplexity: 12.8108
Epoch [27/100], Average Train Loss: 2.6782, Average Train Perplexity: 14.5585
Epoch [27/100], Val Step [0/78], Loss: 3.0104, Perplexity: 20.2955
Epoch [27/100], Val Step [20/78], Loss: 2.9994, Perplexity: 20.0731
Epoch [27/100], Val Step [40/78], Loss: 2.7788, Perplexity: 16.1005
Epoch [27/100], Val Step [60/78], Loss: 2.8943, Perplexity: 18.0713
Epoch [27/100], Average Val Loss: 2.8742, Average Val Perplexity: 17.7114
Epoch [28/100], Train Step [0/628], Loss: 2.5906, Perplexity: 13.3379
Epoch [28/100], Train Step [20/628], Loss: 2.6136, Perplexity: 13.6487
Epoch [28/100], Train Step [40/628], Loss: 2.4677, Perplexity: 11.7956
Epoch [28/100], Train Step [60/628], Loss: 2.7085, Perplexity: 15.0075
Epoch [28/100], Train Step [80/628], Loss: 2.5589, Perplexity: 12.9220
Epoch [28/100], Train Step [100/628], Loss: 2.7642, Perplexity: 15.8657
Epoch [28/100], Train Step [120/628], Loss: 2.5978, Perplexity: 13.4342
Epoch [28/100], Train Step [140/628], Loss: 2.5207, Perplexity: 12.4368
Epoch [28/100], Train Step [160/628], Loss: 2.5865, Perplexity: 13.2828
Epoch [28/100], Train Step [180/628], Loss: 2.6948, Perplexity: 14.8019
Epoch [28/100], Train Step [200/628], Loss: 2.5573, Perplexity: 12.9006
Epoch [28/100], Train Step [220/628], Loss: 2.6683, Perplexity: 14.4151
Epoch [28/100], Train Step [240/628], Loss: 2.6232, Perplexity: 13.7800
Epoch [28/100], Train Step [260/628], Loss: 2.5371, Perplexity: 12.6428
Epoch [28/100], Train Step [280/628], Loss: 2.6039, Perplexity: 13.5166
Epoch [28/100], Train Step [300/628], Loss: 2.6908, Perplexity: 14.7438
Epoch [28/100], Train Step [320/628], Loss: 2.8356, Perplexity: 17.0406
Epoch [28/100], Train Step [340/628], Loss: 2.6206, Perplexity: 13.7437
Epoch [28/100], Train Step [360/628], Loss: 2.7742, Perplexity: 16.0252
Epoch [28/100], Train Step [380/628], Loss: 2.8093, Perplexity: 16.5989
Epoch [28/100], Train Step [400/628], Loss: 2.8186, Perplexity: 16.7530
Epoch [28/100], Train Step [420/628], Loss: 2.6023, Perplexity: 13.4947
Epoch [28/100], Train Step [440/628], Loss: 2.7361, Perplexity: 15.4260
Epoch [28/100], Train Step [460/628], Loss: 2.8093, Perplexity: 16.5990
Epoch [28/100], Train Step [480/628], Loss: 2.7084, Perplexity: 15.0057
Epoch [28/100], Train Step [500/628], Loss: 2.6492, Perplexity: 14.1427
Epoch [28/100], Train Step [520/628], Loss: 2.7042, Perplexity: 14.9421
Epoch [28/100], Train Step [540/628], Loss: 2.8292, Perplexity: 16.9316
Epoch [28/100], Train Step [560/628], Loss: 2.6714, Perplexity: 14.4600
Epoch [28/100], Train Step [580/628], Loss: 2.8302, Perplexity: 16.9489
Epoch [28/100], Train Step [600/628], Loss: 2.6422, Perplexity: 14.0434
Epoch [28/100], Train Step [620/628], Loss: 2.8098, Perplexity: 16.6067
Epoch [28/100], Average Train Loss: 2.6708, Average Train Perplexity: 14.4518
Epoch [28/100], Val Step [0/78], Loss: 3.0164, Perplexity: 20.4187
Epoch [28/100], Val Step [20/78], Loss: 3.0062, Perplexity: 20.2104
Epoch [28/100], Val Step [40/78], Loss: 2.7773, Perplexity: 16.0751
Epoch [28/100], Val Step [60/78], Loss: 2.8979, Perplexity: 18.1359
Epoch [28/100], Average Val Loss: 2.8762, Average Val Perplexity: 17.7467
Epoch [29/100], Train Step [0/628], Loss: 2.5830, Perplexity: 13.2367
Epoch [29/100], Train Step [20/628], Loss: 2.6045, Perplexity: 13.5238
Epoch [29/100], Train Step [40/628], Loss: 2.5744, Perplexity: 13.1239
Epoch [29/100], Train Step [60/628], Loss: 2.6040, Perplexity: 13.5174
Epoch [29/100], Train Step [80/628], Loss: 2.6473, Perplexity: 14.1163
Epoch [29/100], Train Step [100/628], Loss: 2.6412, Perplexity: 14.0297
Epoch [29/100], Train Step [120/628], Loss: 2.5925, Perplexity: 13.3626
Epoch [29/100], Train Step [140/628], Loss: 2.5429, Perplexity: 12.7161
Epoch [29/100], Train Step [160/628], Loss: 2.5559, Perplexity: 12.8832
Epoch [29/100], Train Step [180/628], Loss: 2.5521, Perplexity: 12.8336
Epoch [29/100], Train Step [200/628], Loss: 2.6537, Perplexity: 14.2072
Epoch [29/100], Train Step [220/628], Loss: 2.6813, Perplexity: 14.6046
Epoch [29/100], Train Step [240/628], Loss: 2.6295, Perplexity: 13.8663
Epoch [29/100], Train Step [260/628], Loss: 2.6100, Perplexity: 13.5990
Epoch [29/100], Train Step [280/628], Loss: 2.6316, Perplexity: 13.8956
Epoch [29/100], Train Step [300/628], Loss: 2.6392, Perplexity: 14.0024
Epoch [29/100], Train Step [320/628], Loss: 2.7924, Perplexity: 16.3200
Epoch [29/100], Train Step [340/628], Loss: 2.7150, Perplexity: 15.1050
Epoch [29/100], Train Step [360/628], Loss: 2.7807, Perplexity: 16.1306
Epoch [29/100], Train Step [380/628], Loss: 2.7170, Perplexity: 15.1347
Epoch [29/100], Train Step [400/628], Loss: 2.6693, Perplexity: 14.4296
Epoch [29/100], Train Step [420/628], Loss: 2.7343, Perplexity: 15.3989
Epoch [29/100], Train Step [440/628], Loss: 2.7180, Perplexity: 15.1507
Epoch [29/100], Train Step [460/628], Loss: 2.7203, Perplexity: 15.1847
Epoch [29/100], Train Step [480/628], Loss: 2.6428, Perplexity: 14.0525
Epoch [29/100], Train Step [500/628], Loss: 2.6709, Perplexity: 14.4528
Epoch [29/100], Train Step [520/628], Loss: 2.6697, Perplexity: 14.4350
Epoch [29/100], Train Step [540/628], Loss: 2.7223, Perplexity: 15.2153
Epoch [29/100], Train Step [560/628], Loss: 2.6743, Perplexity: 14.5028
Epoch [29/100], Train Step [580/628], Loss: 2.5944, Perplexity: 13.3883
Epoch [29/100], Train Step [600/628], Loss: 2.6901, Perplexity: 14.7333
Epoch [29/100], Train Step [620/628], Loss: 2.8735, Perplexity: 17.6982
Epoch [29/100], Average Train Loss: 2.6645, Average Train Perplexity: 14.3608
Epoch [29/100], Val Step [0/78], Loss: 3.0068, Perplexity: 20.2216
Epoch [29/100], Val Step [20/78], Loss: 3.0049, Perplexity: 20.1832
Epoch [29/100], Val Step [40/78], Loss: 2.7707, Perplexity: 15.9698
Epoch [29/100], Val Step [60/78], Loss: 2.8846, Perplexity: 17.8957
Epoch [29/100], Average Val Loss: 2.8737, Average Val Perplexity: 17.7030
Epoch [30/100], Train Step [0/628], Loss: 2.4572, Perplexity: 11.6718
Epoch [30/100], Train Step [20/628], Loss: 2.5351, Perplexity: 12.6171
Epoch [30/100], Train Step [40/628], Loss: 2.6602, Perplexity: 14.2985
Epoch [30/100], Train Step [60/628], Loss: 2.6095, Perplexity: 13.5924
Epoch [30/100], Train Step [80/628], Loss: 2.7074, Perplexity: 14.9900
Epoch [30/100], Train Step [100/628], Loss: 2.6776, Perplexity: 14.5505
Epoch [30/100], Train Step [120/628], Loss: 2.6018, Perplexity: 13.4876
Epoch [30/100], Train Step [140/628], Loss: 2.5909, Perplexity: 13.3415
Epoch [30/100], Train Step [160/628], Loss: 2.5898, Perplexity: 13.3267
Epoch [30/100], Train Step [180/628], Loss: 2.6416, Perplexity: 14.0362
Epoch [30/100], Train Step [200/628], Loss: 2.6843, Perplexity: 14.6485
Epoch [30/100], Train Step [220/628], Loss: 2.5267, Perplexity: 12.5122
Epoch [30/100], Train Step [240/628], Loss: 2.7535, Perplexity: 15.6981
Epoch [30/100], Train Step [260/628], Loss: 2.7964, Perplexity: 16.3864
Epoch [30/100], Train Step [280/628], Loss: 2.6144, Perplexity: 13.6589
Epoch [30/100], Train Step [300/628], Loss: 2.6103, Perplexity: 13.6031
Epoch [30/100], Train Step [320/628], Loss: 2.6528, Perplexity: 14.1937
Epoch [30/100], Train Step [340/628], Loss: 2.6856, Perplexity: 14.6664
Epoch [30/100], Train Step [360/628], Loss: 2.6551, Perplexity: 14.2260
Epoch [30/100], Train Step [380/628], Loss: 2.7440, Perplexity: 15.5494
Epoch [30/100], Train Step [400/628], Loss: 2.7998, Perplexity: 16.4415
Epoch [30/100], Train Step [420/628], Loss: 2.7391, Perplexity: 15.4736
Epoch [30/100], Train Step [440/628], Loss: 2.6160, Perplexity: 13.6813
Epoch [30/100], Train Step [460/628], Loss: 2.8624, Perplexity: 17.5028
Epoch [30/100], Train Step [480/628], Loss: 2.6241, Perplexity: 13.7926
Epoch [30/100], Train Step [500/628], Loss: 2.5658, Perplexity: 13.0104
Epoch [30/100], Train Step [520/628], Loss: 2.6484, Perplexity: 14.1312
Epoch [30/100], Train Step [540/628], Loss: 2.5663, Perplexity: 13.0172
Epoch [30/100], Train Step [560/628], Loss: 2.8326, Perplexity: 16.9896
Epoch [30/100], Train Step [580/628], Loss: 2.5584, Perplexity: 12.9154
Epoch [30/100], Train Step [600/628], Loss: 2.7265, Perplexity: 15.2786
Epoch [30/100], Train Step [620/628], Loss: 2.7117, Perplexity: 15.0549
Epoch [30/100], Average Train Loss: 2.6589, Average Train Perplexity: 14.2802
Epoch [30/100], Val Step [0/78], Loss: 3.0244, Perplexity: 20.5811
Epoch [30/100], Val Step [20/78], Loss: 3.0066, Perplexity: 20.2177
Epoch [30/100], Val Step [40/78], Loss: 2.7772, Perplexity: 16.0742
Epoch [30/100], Val Step [60/78], Loss: 2.8982, Perplexity: 18.1422
Epoch [30/100], Average Val Loss: 2.8774, Average Val Perplexity: 17.7675
Epoch [31/100], Train Step [0/628], Loss: 2.5537, Perplexity: 12.8543
Epoch [31/100], Train Step [20/628], Loss: 2.5288, Perplexity: 12.5381
Epoch [31/100], Train Step [40/628], Loss: 2.4623, Perplexity: 11.7320
Epoch [31/100], Train Step [60/628], Loss: 2.4058, Perplexity: 11.0868
Epoch [31/100], Train Step [80/628], Loss: 2.6134, Perplexity: 13.6448
Epoch [31/100], Train Step [100/628], Loss: 2.5933, Perplexity: 13.3743
Epoch [31/100], Train Step [120/628], Loss: 2.6561, Perplexity: 14.2402
Epoch [31/100], Train Step [140/628], Loss: 2.5994, Perplexity: 13.4561
Epoch [31/100], Train Step [160/628], Loss: 2.4740, Perplexity: 11.8701
Epoch [31/100], Train Step [180/628], Loss: 2.6143, Perplexity: 13.6578
Epoch [31/100], Train Step [200/628], Loss: 2.6543, Perplexity: 14.2152
Epoch [31/100], Train Step [220/628], Loss: 2.6792, Perplexity: 14.5727
Epoch [31/100], Train Step [240/628], Loss: 2.5269, Perplexity: 12.5143
Epoch [31/100], Train Step [260/628], Loss: 2.7210, Perplexity: 15.1960
Epoch [31/100], Train Step [280/628], Loss: 2.7007, Perplexity: 14.8895
Epoch [31/100], Train Step [300/628], Loss: 2.7254, Perplexity: 15.2623
Epoch [31/100], Train Step [320/628], Loss: 2.6512, Perplexity: 14.1709
Epoch [31/100], Train Step [340/628], Loss: 2.7661, Perplexity: 15.8971
Epoch [31/100], Train Step [360/628], Loss: 2.5736, Perplexity: 13.1133
Epoch [31/100], Train Step [380/628], Loss: 2.7740, Perplexity: 16.0229
Epoch [31/100], Train Step [400/628], Loss: 2.7466, Perplexity: 15.5894
Epoch [31/100], Train Step [420/628], Loss: 2.5738, Perplexity: 13.1152
Epoch [31/100], Train Step [440/628], Loss: 2.7491, Perplexity: 15.6293
Epoch [31/100], Train Step [460/628], Loss: 2.6548, Perplexity: 14.2221
Epoch [31/100], Train Step [480/628], Loss: 2.6718, Perplexity: 14.4663
Epoch [31/100], Train Step [500/628], Loss: 2.6657, Perplexity: 14.3777
Epoch [31/100], Train Step [520/628], Loss: 2.6372, Perplexity: 13.9734
Epoch [31/100], Train Step [540/628], Loss: 2.7190, Perplexity: 15.1644
Epoch [31/100], Train Step [560/628], Loss: 2.7394, Perplexity: 15.4775
Epoch [31/100], Train Step [580/628], Loss: 2.7457, Perplexity: 15.5753
Epoch [31/100], Train Step [600/628], Loss: 2.7469, Perplexity: 15.5950
Epoch [31/100], Train Step [620/628], Loss: 2.6674, Perplexity: 14.4030
Epoch [31/100], Average Train Loss: 2.6535, Average Train Perplexity: 14.2039
Epoch [31/100], Val Step [0/78], Loss: 3.0153, Perplexity: 20.3957
Epoch [31/100], Val Step [20/78], Loss: 3.0126, Perplexity: 20.3408
Epoch [31/100], Val Step [40/78], Loss: 2.7706, Perplexity: 15.9675
Epoch [31/100], Val Step [60/78], Loss: 2.8969, Perplexity: 18.1184
Epoch [31/100], Average Val Loss: 2.8762, Average Val Perplexity: 17.7469
Epoch [32/100], Train Step [0/628], Loss: 2.5746, Perplexity: 13.1257
Epoch [32/100], Train Step [20/628], Loss: 2.5439, Perplexity: 12.7288
Epoch [32/100], Train Step [40/628], Loss: 2.5446, Perplexity: 12.7379
Epoch [32/100], Train Step [60/628], Loss: 2.6171, Perplexity: 13.6954
Epoch [32/100], Train Step [80/628], Loss: 2.4635, Perplexity: 11.7453
Epoch [32/100], Train Step [100/628], Loss: 2.5876, Perplexity: 13.2984
Epoch [32/100], Train Step [120/628], Loss: 2.5056, Perplexity: 12.2506
Epoch [32/100], Train Step [140/628], Loss: 2.5089, Perplexity: 12.2917
Epoch [32/100], Train Step [160/628], Loss: 2.6829, Perplexity: 14.6277
Epoch [32/100], Train Step [180/628], Loss: 2.7489, Perplexity: 15.6249
Epoch [32/100], Train Step [200/628], Loss: 2.5874, Perplexity: 13.2956
Epoch [32/100], Train Step [220/628], Loss: 2.6666, Perplexity: 14.3909
Epoch [32/100], Train Step [240/628], Loss: 2.5201, Perplexity: 12.4299
Epoch [32/100], Train Step [260/628], Loss: 2.7256, Perplexity: 15.2652
Epoch [32/100], Train Step [280/628], Loss: 2.6350, Perplexity: 13.9427
Epoch [32/100], Train Step [300/628], Loss: 2.6818, Perplexity: 14.6121
Epoch [32/100], Train Step [320/628], Loss: 2.6431, Perplexity: 14.0573
Epoch [32/100], Train Step [340/628], Loss: 2.7406, Perplexity: 15.4958
Epoch [32/100], Train Step [360/628], Loss: 2.7523, Perplexity: 15.6781
Epoch [32/100], Train Step [380/628], Loss: 2.6067, Perplexity: 13.5541
Epoch [32/100], Train Step [400/628], Loss: 2.5857, Perplexity: 13.2731
Epoch [32/100], Train Step [420/628], Loss: 2.6617, Perplexity: 14.3207
Epoch [32/100], Train Step [440/628], Loss: 2.6942, Perplexity: 14.7934
Epoch [32/100], Train Step [460/628], Loss: 2.6702, Perplexity: 14.4430
Epoch [32/100], Train Step [480/628], Loss: 2.7356, Perplexity: 15.4185
Epoch [32/100], Train Step [500/628], Loss: 2.7797, Perplexity: 16.1139
Epoch [32/100], Train Step [520/628], Loss: 2.7572, Perplexity: 15.7560
Epoch [32/100], Train Step [540/628], Loss: 2.5965, Perplexity: 13.4166
Epoch [32/100], Train Step [560/628], Loss: 2.6772, Perplexity: 14.5449
Epoch [32/100], Train Step [580/628], Loss: 2.7344, Perplexity: 15.4003
Epoch [32/100], Train Step [600/628], Loss: 2.7504, Perplexity: 15.6487
Epoch [32/100], Train Step [620/628], Loss: 2.7184, Perplexity: 15.1561
Epoch [32/100], Average Train Loss: 2.6464, Average Train Perplexity: 14.1027
Epoch [32/100], Val Step [0/78], Loss: 3.0159, Perplexity: 20.4077
Epoch [32/100], Val Step [20/78], Loss: 2.9980, Perplexity: 20.0447
Epoch [32/100], Val Step [40/78], Loss: 2.7683, Perplexity: 15.9313
Epoch [32/100], Val Step [60/78], Loss: 2.9043, Perplexity: 18.2532
Epoch [32/100], Average Val Loss: 2.8731, Average Val Perplexity: 17.6922
Epoch [33/100], Train Step [0/628], Loss: 2.6527, Perplexity: 14.1918
Epoch [33/100], Train Step [20/628], Loss: 2.5807, Perplexity: 13.2069
Epoch [33/100], Train Step [40/628], Loss: 2.6698, Perplexity: 14.4376
Epoch [33/100], Train Step [60/628], Loss: 2.4813, Perplexity: 11.9565
Epoch [33/100], Train Step [80/628], Loss: 2.5867, Perplexity: 13.2863
Epoch [33/100], Train Step [100/628], Loss: 2.5630, Perplexity: 12.9749
Epoch [33/100], Train Step [120/628], Loss: 2.5156, Perplexity: 12.3741
Epoch [33/100], Train Step [140/628], Loss: 2.5320, Perplexity: 12.5783
Epoch [33/100], Train Step [160/628], Loss: 2.5210, Perplexity: 12.4410
Epoch [33/100], Train Step [180/628], Loss: 2.5061, Perplexity: 12.2573
Epoch [33/100], Train Step [200/628], Loss: 2.6672, Perplexity: 14.3992
Epoch [33/100], Train Step [220/628], Loss: 2.6527, Perplexity: 14.1928
Epoch [33/100], Train Step [240/628], Loss: 2.6451, Perplexity: 14.0843
Epoch [33/100], Train Step [260/628], Loss: 2.5807, Perplexity: 13.2061
Epoch [33/100], Train Step [280/628], Loss: 2.7145, Perplexity: 15.0968
Epoch [33/100], Train Step [300/628], Loss: 2.8185, Perplexity: 16.7517
Epoch [33/100], Train Step [320/628], Loss: 2.6173, Perplexity: 13.6990
Epoch [33/100], Train Step [340/628], Loss: 2.7127, Perplexity: 15.0696
Epoch [33/100], Train Step [360/628], Loss: 2.7002, Perplexity: 14.8828
Epoch [33/100], Train Step [380/628], Loss: 2.5825, Perplexity: 13.2298
Epoch [33/100], Train Step [400/628], Loss: 2.6538, Perplexity: 14.2084
Epoch [33/100], Train Step [420/628], Loss: 2.6064, Perplexity: 13.5497
Epoch [33/100], Train Step [440/628], Loss: 2.7770, Perplexity: 16.0699
Epoch [33/100], Train Step [460/628], Loss: 2.8105, Perplexity: 16.6184
Epoch [33/100], Train Step [480/628], Loss: 2.6978, Perplexity: 14.8466
Epoch [33/100], Train Step [500/628], Loss: 2.5901, Perplexity: 13.3316
Epoch [33/100], Train Step [520/628], Loss: 2.7954, Perplexity: 16.3686
Epoch [33/100], Train Step [540/628], Loss: 2.6091, Perplexity: 13.5871
Epoch [33/100], Train Step [560/628], Loss: 2.7911, Perplexity: 16.2992
Epoch [33/100], Train Step [580/628], Loss: 2.7317, Perplexity: 15.3596
Epoch [33/100], Train Step [600/628], Loss: 2.8108, Perplexity: 16.6240
Epoch [33/100], Train Step [620/628], Loss: 2.7654, Perplexity: 15.8849
Epoch [33/100], Average Train Loss: 2.6425, Average Train Perplexity: 14.0477
Epoch [33/100], Val Step [0/78], Loss: 3.0221, Perplexity: 20.5345
Epoch [33/100], Val Step [20/78], Loss: 3.0139, Perplexity: 20.3677
Epoch [33/100], Val Step [40/78], Loss: 2.7815, Perplexity: 16.1436
Epoch [33/100], Val Step [60/78], Loss: 2.8906, Perplexity: 18.0037
Epoch [33/100], Average Val Loss: 2.8780, Average Val Perplexity: 17.7784
Epoch [34/100], Train Step [0/628], Loss: 2.4994, Perplexity: 12.1748
Epoch [34/100], Train Step [20/628], Loss: 2.4594, Perplexity: 11.6980
Epoch [34/100], Train Step [40/628], Loss: 2.5706, Perplexity: 13.0737
Epoch [34/100], Train Step [60/628], Loss: 2.5960, Perplexity: 13.4101
Epoch [34/100], Train Step [80/628], Loss: 2.5140, Perplexity: 12.3538
Epoch [34/100], Train Step [100/628], Loss: 2.6009, Perplexity: 13.4758
Epoch [34/100], Train Step [120/628], Loss: 2.5355, Perplexity: 12.6222
Epoch [34/100], Train Step [140/628], Loss: 2.6389, Perplexity: 13.9974
Epoch [34/100], Train Step [160/628], Loss: 2.7168, Perplexity: 15.1319
Epoch [34/100], Train Step [180/628], Loss: 2.6500, Perplexity: 14.1536
Epoch [34/100], Train Step [200/628], Loss: 2.5434, Perplexity: 12.7227
Epoch [34/100], Train Step [220/628], Loss: 2.5615, Perplexity: 12.9556
Epoch [34/100], Train Step [240/628], Loss: 2.5808, Perplexity: 13.2079
Epoch [34/100], Train Step [260/628], Loss: 2.7474, Perplexity: 15.6026
Epoch [34/100], Train Step [280/628], Loss: 2.6776, Perplexity: 14.5506
Epoch [34/100], Train Step [300/628], Loss: 2.6138, Perplexity: 13.6503
Epoch [34/100], Train Step [320/628], Loss: 2.7259, Perplexity: 15.2696
Epoch [34/100], Train Step [340/628], Loss: 2.5215, Perplexity: 12.4471
Epoch [34/100], Train Step [360/628], Loss: 2.7259, Perplexity: 15.2696
Epoch [34/100], Train Step [380/628], Loss: 2.7379, Perplexity: 15.4541
Epoch [34/100], Train Step [400/628], Loss: 2.6880, Perplexity: 14.7016
Epoch [34/100], Train Step [420/628], Loss: 2.6629, Perplexity: 14.3380
Epoch [34/100], Train Step [440/628], Loss: 2.6341, Perplexity: 13.9312
Epoch [34/100], Train Step [460/628], Loss: 2.5961, Perplexity: 13.4118
Epoch [34/100], Train Step [480/628], Loss: 2.7594, Perplexity: 15.7904
Epoch [34/100], Train Step [500/628], Loss: 2.7760, Perplexity: 16.0547
Epoch [34/100], Train Step [520/628], Loss: 2.6088, Perplexity: 13.5826
Epoch [34/100], Train Step [540/628], Loss: 2.6592, Perplexity: 14.2852
Epoch [34/100], Train Step [560/628], Loss: 2.5892, Perplexity: 13.3194
Epoch [34/100], Train Step [580/628], Loss: 2.6557, Perplexity: 14.2356
Epoch [34/100], Train Step [600/628], Loss: 2.7223, Perplexity: 15.2150
Epoch [34/100], Train Step [620/628], Loss: 2.6712, Perplexity: 14.4576
Epoch [34/100], Average Train Loss: 2.6361, Average Train Perplexity: 13.9583
Epoch [34/100], Val Step [0/78], Loss: 3.0180, Perplexity: 20.4496
Epoch [34/100], Val Step [20/78], Loss: 3.0071, Perplexity: 20.2285
Epoch [34/100], Val Step [40/78], Loss: 2.7759, Perplexity: 16.0533
Epoch [34/100], Val Step [60/78], Loss: 2.8948, Perplexity: 18.0805
Epoch [34/100], Average Val Loss: 2.8729, Average Val Perplexity: 17.6885
Epoch [35/100], Train Step [0/628], Loss: 2.5920, Perplexity: 13.3566
Epoch [35/100], Train Step [20/628], Loss: 2.6463, Perplexity: 14.1024
Epoch [35/100], Train Step [40/628], Loss: 2.6020, Perplexity: 13.4904
Epoch [35/100], Train Step [60/628], Loss: 2.5425, Perplexity: 12.7113
Epoch [35/100], Train Step [80/628], Loss: 2.4587, Perplexity: 11.6893
Epoch [35/100], Train Step [100/628], Loss: 2.7485, Perplexity: 15.6187
Epoch [35/100], Train Step [120/628], Loss: 2.5736, Perplexity: 13.1128
Epoch [35/100], Train Step [140/628], Loss: 2.5344, Perplexity: 12.6085
Epoch [35/100], Train Step [160/628], Loss: 2.5195, Perplexity: 12.4224
Epoch [35/100], Train Step [180/628], Loss: 2.5648, Perplexity: 12.9980
Epoch [35/100], Train Step [200/628], Loss: 2.6111, Perplexity: 13.6136
Epoch [35/100], Train Step [220/628], Loss: 2.6819, Perplexity: 14.6123
Epoch [35/100], Train Step [240/628], Loss: 2.6892, Perplexity: 14.7206
Epoch [35/100], Train Step [260/628], Loss: 2.5488, Perplexity: 12.7920
Epoch [35/100], Train Step [280/628], Loss: 2.7029, Perplexity: 14.9229
Epoch [35/100], Train Step [300/628], Loss: 2.6370, Perplexity: 13.9717
Epoch [35/100], Train Step [320/628], Loss: 2.6556, Perplexity: 14.2342
Epoch [35/100], Train Step [340/628], Loss: 2.6208, Perplexity: 13.7471
Epoch [35/100], Train Step [360/628], Loss: 2.7595, Perplexity: 15.7922
Epoch [35/100], Train Step [380/628], Loss: 2.6431, Perplexity: 14.0565
Epoch [35/100], Train Step [400/628], Loss: 2.6594, Perplexity: 14.2877
Epoch [35/100], Train Step [420/628], Loss: 2.6338, Perplexity: 13.9267
Epoch [35/100], Train Step [440/628], Loss: 2.8170, Perplexity: 16.7261
Epoch [35/100], Train Step [460/628], Loss: 2.7670, Perplexity: 15.9101
Epoch [35/100], Train Step [480/628], Loss: 2.5658, Perplexity: 13.0114
Epoch [35/100], Train Step [500/628], Loss: 2.6167, Perplexity: 13.6903
Epoch [35/100], Train Step [520/628], Loss: 2.8190, Perplexity: 16.7593
Epoch [35/100], Train Step [540/628], Loss: 2.6583, Perplexity: 14.2724
Epoch [35/100], Train Step [560/628], Loss: 2.7589, Perplexity: 15.7818
Epoch [35/100], Train Step [580/628], Loss: 2.6783, Perplexity: 14.5609
Epoch [35/100], Train Step [600/628], Loss: 2.6794, Perplexity: 14.5760
Epoch [35/100], Train Step [620/628], Loss: 2.7445, Perplexity: 15.5561
Epoch [35/100], Average Train Loss: 2.6312, Average Train Perplexity: 13.8909
Epoch [35/100], Val Step [0/78], Loss: 3.0195, Perplexity: 20.4815
Epoch [35/100], Val Step [20/78], Loss: 3.0054, Perplexity: 20.1944
Epoch [35/100], Val Step [40/78], Loss: 2.7855, Perplexity: 16.2082
Epoch [35/100], Val Step [60/78], Loss: 2.8857, Perplexity: 17.9154
Epoch [35/100], Average Val Loss: 2.8772, Average Val Perplexity: 17.7637
Epoch [36/100], Train Step [0/628], Loss: 2.5471, Perplexity: 12.7704
Epoch [36/100], Train Step [20/628], Loss: 2.5790, Perplexity: 13.1842
Epoch [36/100], Train Step [40/628], Loss: 2.4985, Perplexity: 12.1639
Epoch [36/100], Train Step [60/628], Loss: 2.5389, Perplexity: 12.6651
Epoch [36/100], Train Step [80/628], Loss: 2.5281, Perplexity: 12.5294
Epoch [36/100], Train Step [100/628], Loss: 2.5938, Perplexity: 13.3811
Epoch [36/100], Train Step [120/628], Loss: 2.4578, Perplexity: 11.6792
Epoch [36/100], Train Step [140/628], Loss: 2.5769, Perplexity: 13.1568
Epoch [36/100], Train Step [160/628], Loss: 2.6531, Perplexity: 14.1985
Epoch [36/100], Train Step [180/628], Loss: 2.7273, Perplexity: 15.2908
Epoch [36/100], Train Step [200/628], Loss: 2.5559, Perplexity: 12.8832
Epoch [36/100], Train Step [220/628], Loss: 2.6861, Perplexity: 14.6740
Epoch [36/100], Train Step [240/628], Loss: 2.5506, Perplexity: 12.8153
Epoch [36/100], Train Step [260/628], Loss: 2.5428, Perplexity: 12.7157
Epoch [36/100], Train Step [280/628], Loss: 2.5967, Perplexity: 13.4194
Epoch [36/100], Train Step [300/628], Loss: 2.6982, Perplexity: 14.8527
Epoch [36/100], Train Step [320/628], Loss: 2.6634, Perplexity: 14.3451
Epoch [36/100], Train Step [340/628], Loss: 2.7040, Perplexity: 14.9398
Epoch [36/100], Train Step [360/628], Loss: 2.6187, Perplexity: 13.7178
Epoch [36/100], Train Step [380/628], Loss: 2.5543, Perplexity: 12.8628
Epoch [36/100], Train Step [400/628], Loss: 2.7022, Perplexity: 14.9127
Epoch [36/100], Train Step [420/628], Loss: 2.6847, Perplexity: 14.6541
Epoch [36/100], Train Step [440/628], Loss: 2.7060, Perplexity: 14.9693
Epoch [36/100], Train Step [460/628], Loss: 2.6447, Perplexity: 14.0786
Epoch [36/100], Train Step [480/628], Loss: 2.7843, Perplexity: 16.1881
Epoch [36/100], Train Step [500/628], Loss: 2.6842, Perplexity: 14.6459
Epoch [36/100], Train Step [520/628], Loss: 2.6463, Perplexity: 14.1016
Epoch [36/100], Train Step [540/628], Loss: 2.6853, Perplexity: 14.6624
Epoch [36/100], Train Step [560/628], Loss: 2.6945, Perplexity: 14.7980
Epoch [36/100], Train Step [580/628], Loss: 2.7410, Perplexity: 15.5026
Epoch [36/100], Train Step [600/628], Loss: 2.7644, Perplexity: 15.8691
Epoch [36/100], Train Step [620/628], Loss: 2.6236, Perplexity: 13.7854
Epoch [36/100], Average Train Loss: 2.6266, Average Train Perplexity: 13.8273
Epoch [36/100], Val Step [0/78], Loss: 3.0362, Perplexity: 20.8268
Epoch [36/100], Val Step [20/78], Loss: 2.9953, Perplexity: 19.9917
Epoch [36/100], Val Step [40/78], Loss: 2.7830, Perplexity: 16.1671
Epoch [36/100], Val Step [60/78], Loss: 2.8843, Perplexity: 17.8904
Epoch [36/100], Average Val Loss: 2.8761, Average Val Perplexity: 17.7447
