Namespace(agg_fct='sum', batch_size=64, embed_size=256, hidden_size=[1024, 1024], image_size=224, img_feature_size=2048, learning_rate=0.001, log_step=20, model_path='/root/data/vist/save/20180819_sum/', num_epochs=100, num_layers=2, num_workers=0, pretrained_epoch=0, train_image_dir='/root/data/vist/resized/images/train', train_sis_path='/root/data/vist/sis/train.story-in-sequence.json', val_image_dir='/root/data/vist/resized/images/val', val_sis_path='/root/data/vist/sis/val.story-in-sequence.json', vocab_path='./models/pretrain/vocab.pkl', weight_decay=1e-05)
Cuda is enabled...
Epoch [1/100], Train Step [0/628], Loss: 8.5457, Perplexity: 5144.5560
Epoch [1/100], Train Step [20/628], Loss: 5.4174, Perplexity: 225.3007
Epoch [1/100], Train Step [40/628], Loss: 5.1229, Perplexity: 167.8222
Epoch [1/100], Train Step [60/628], Loss: 4.9160, Perplexity: 136.4580
Epoch [1/100], Train Step [80/628], Loss: 4.6846, Perplexity: 108.2711
Epoch [1/100], Train Step [100/628], Loss: 4.5807, Perplexity: 97.5828
Epoch [1/100], Train Step [120/628], Loss: 4.5164, Perplexity: 91.5032
Epoch [1/100], Train Step [140/628], Loss: 4.4911, Perplexity: 89.2207
Epoch [1/100], Train Step [160/628], Loss: 4.4076, Perplexity: 82.0729
Epoch [1/100], Train Step [180/628], Loss: 4.2630, Perplexity: 71.0260
Epoch [1/100], Train Step [200/628], Loss: 4.2353, Perplexity: 69.0795
Epoch [1/100], Train Step [220/628], Loss: 4.1462, Perplexity: 63.1963
Epoch [1/100], Train Step [240/628], Loss: 4.2406, Perplexity: 69.4511
Epoch [1/100], Train Step [260/628], Loss: 4.0713, Perplexity: 58.6341
Epoch [1/100], Train Step [280/628], Loss: 4.1351, Perplexity: 62.4968
Epoch [1/100], Train Step [300/628], Loss: 4.0328, Perplexity: 56.4172
Epoch [1/100], Train Step [320/628], Loss: 3.9517, Perplexity: 52.0236
Epoch [1/100], Train Step [340/628], Loss: 4.0599, Perplexity: 57.9697
Epoch [1/100], Train Step [360/628], Loss: 3.9601, Perplexity: 52.4607
Epoch [1/100], Train Step [380/628], Loss: 3.8755, Perplexity: 48.2068
Epoch [1/100], Train Step [400/628], Loss: 3.9465, Perplexity: 51.7551
Epoch [1/100], Train Step [420/628], Loss: 3.7476, Perplexity: 42.4184
Epoch [1/100], Train Step [440/628], Loss: 3.6907, Perplexity: 40.0711
Epoch [1/100], Train Step [460/628], Loss: 3.7422, Perplexity: 42.1903
Epoch [1/100], Train Step [480/628], Loss: 3.7406, Perplexity: 42.1237
Epoch [1/100], Train Step [500/628], Loss: 3.8406, Perplexity: 46.5512
Epoch [1/100], Train Step [520/628], Loss: 3.7210, Perplexity: 41.3042
Epoch [1/100], Train Step [540/628], Loss: 3.7800, Perplexity: 43.8169
Epoch [1/100], Train Step [560/628], Loss: 3.7523, Perplexity: 42.6191
Epoch [1/100], Train Step [580/628], Loss: 3.6970, Perplexity: 40.3249
Epoch [1/100], Train Step [600/628], Loss: 3.6481, Perplexity: 38.4028
Epoch [1/100], Train Step [620/628], Loss: 3.5687, Perplexity: 35.4701
Epoch [1/100], Average Train Loss: 4.1580, Average Train Perplexity: 63.9413
Epoch [1/100], Val Step [0/78], Loss: 3.6581, Perplexity: 38.7889
Epoch [1/100], Val Step [20/78], Loss: 3.6394, Perplexity: 38.0698
Epoch [1/100], Val Step [40/78], Loss: 3.3889, Perplexity: 29.6343
Epoch [1/100], Val Step [60/78], Loss: 3.5438, Perplexity: 34.5976
Epoch [1/100], Average Val Loss: 3.5138, Average Val Perplexity: 33.5740
Epoch [2/100], Train Step [0/628], Loss: 3.6497, Perplexity: 38.4635
Epoch [2/100], Train Step [20/628], Loss: 3.7552, Perplexity: 42.7430
Epoch [2/100], Train Step [40/628], Loss: 3.7934, Perplexity: 44.4075
Epoch [2/100], Train Step [60/628], Loss: 3.5211, Perplexity: 33.8215
Epoch [2/100], Train Step [80/628], Loss: 3.6395, Perplexity: 38.0745
Epoch [2/100], Train Step [100/628], Loss: 3.5458, Perplexity: 34.6687
Epoch [2/100], Train Step [120/628], Loss: 3.5921, Perplexity: 36.3102
Epoch [2/100], Train Step [140/628], Loss: 3.6867, Perplexity: 39.9147
Epoch [2/100], Train Step [160/628], Loss: 3.5028, Perplexity: 33.2086
Epoch [2/100], Train Step [180/628], Loss: 3.5071, Perplexity: 33.3527
Epoch [2/100], Train Step [200/628], Loss: 3.4088, Perplexity: 30.2284
Epoch [2/100], Train Step [220/628], Loss: 3.6060, Perplexity: 36.8185
Epoch [2/100], Train Step [240/628], Loss: 3.3551, Perplexity: 28.6483
Epoch [2/100], Train Step [260/628], Loss: 3.5376, Perplexity: 34.3846
Epoch [2/100], Train Step [280/628], Loss: 3.3915, Perplexity: 29.7119
Epoch [2/100], Train Step [300/628], Loss: 3.4874, Perplexity: 32.7002
Epoch [2/100], Train Step [320/628], Loss: 3.5111, Perplexity: 33.4866
Epoch [2/100], Train Step [340/628], Loss: 3.5382, Perplexity: 34.4066
Epoch [2/100], Train Step [360/628], Loss: 3.6722, Perplexity: 39.3393
Epoch [2/100], Train Step [380/628], Loss: 3.4008, Perplexity: 29.9871
Epoch [2/100], Train Step [400/628], Loss: 3.5600, Perplexity: 35.1625
Epoch [2/100], Train Step [420/628], Loss: 3.5976, Perplexity: 36.5115
Epoch [2/100], Train Step [440/628], Loss: 3.4580, Perplexity: 31.7540
Epoch [2/100], Train Step [460/628], Loss: 3.4721, Perplexity: 32.2048
Epoch [2/100], Train Step [480/628], Loss: 3.2137, Perplexity: 24.8719
Epoch [2/100], Train Step [500/628], Loss: 3.4517, Perplexity: 31.5529
Epoch [2/100], Train Step [520/628], Loss: 3.4025, Perplexity: 30.0383
Epoch [2/100], Train Step [540/628], Loss: 3.3782, Perplexity: 29.3169
Epoch [2/100], Train Step [560/628], Loss: 3.5259, Perplexity: 33.9854
Epoch [2/100], Train Step [580/628], Loss: 3.3316, Perplexity: 27.9827
Epoch [2/100], Train Step [600/628], Loss: 3.4371, Perplexity: 31.0970
Epoch [2/100], Train Step [620/628], Loss: 3.4064, Perplexity: 30.1556
Epoch [2/100], Average Train Loss: 3.4984, Average Train Perplexity: 33.0623
Epoch [2/100], Val Step [0/78], Loss: 3.4342, Perplexity: 31.0077
Epoch [2/100], Val Step [20/78], Loss: 3.3953, Perplexity: 29.8238
Epoch [2/100], Val Step [40/78], Loss: 3.1410, Perplexity: 23.1269
Epoch [2/100], Val Step [60/78], Loss: 3.2896, Perplexity: 26.8317
Epoch [2/100], Average Val Loss: 3.2729, Average Val Perplexity: 26.3868
Epoch [3/100], Train Step [0/628], Loss: 3.2357, Perplexity: 25.4253
Epoch [3/100], Train Step [20/628], Loss: 3.4046, Perplexity: 30.1018
Epoch [3/100], Train Step [40/628], Loss: 3.2440, Perplexity: 25.6348
Epoch [3/100], Train Step [60/628], Loss: 3.3688, Perplexity: 29.0446
Epoch [3/100], Train Step [80/628], Loss: 3.1687, Perplexity: 23.7776
Epoch [3/100], Train Step [100/628], Loss: 3.5810, Perplexity: 35.9086
Epoch [3/100], Train Step [120/628], Loss: 3.1931, Perplexity: 24.3630
Epoch [3/100], Train Step [140/628], Loss: 3.2732, Perplexity: 26.3958
Epoch [3/100], Train Step [160/628], Loss: 3.3136, Perplexity: 27.4837
Epoch [3/100], Train Step [180/628], Loss: 3.2383, Perplexity: 25.4897
Epoch [3/100], Train Step [200/628], Loss: 3.3093, Perplexity: 27.3659
Epoch [3/100], Train Step [220/628], Loss: 3.2312, Perplexity: 25.3112
Epoch [3/100], Train Step [240/628], Loss: 3.3570, Perplexity: 28.7026
Epoch [3/100], Train Step [260/628], Loss: 3.4795, Perplexity: 32.4448
Epoch [3/100], Train Step [280/628], Loss: 3.3454, Perplexity: 28.3725
Epoch [3/100], Train Step [300/628], Loss: 3.2270, Perplexity: 25.2052
Epoch [3/100], Train Step [320/628], Loss: 3.3636, Perplexity: 28.8938
Epoch [3/100], Train Step [340/628], Loss: 3.3023, Perplexity: 27.1744
Epoch [3/100], Train Step [360/628], Loss: 3.4036, Perplexity: 30.0717
Epoch [3/100], Train Step [380/628], Loss: 3.3400, Perplexity: 28.2194
Epoch [3/100], Train Step [400/628], Loss: 3.4085, Perplexity: 30.2201
Epoch [3/100], Train Step [420/628], Loss: 3.1097, Perplexity: 22.4147
Epoch [3/100], Train Step [440/628], Loss: 3.4441, Perplexity: 31.3138
Epoch [3/100], Train Step [460/628], Loss: 3.3051, Perplexity: 27.2506
Epoch [3/100], Train Step [480/628], Loss: 3.3584, Perplexity: 28.7443
Epoch [3/100], Train Step [500/628], Loss: 3.3314, Perplexity: 27.9784
Epoch [3/100], Train Step [520/628], Loss: 3.3035, Perplexity: 27.2085
Epoch [3/100], Train Step [540/628], Loss: 3.3157, Perplexity: 27.5407
Epoch [3/100], Train Step [560/628], Loss: 3.2731, Perplexity: 26.3943
Epoch [3/100], Train Step [580/628], Loss: 3.3721, Perplexity: 29.1395
Epoch [3/100], Train Step [600/628], Loss: 3.3231, Perplexity: 27.7458
Epoch [3/100], Train Step [620/628], Loss: 3.0501, Perplexity: 21.1178
Epoch [3/100], Average Train Loss: 3.3078, Average Train Perplexity: 27.3244
Epoch [3/100], Val Step [0/78], Loss: 3.3166, Perplexity: 27.5662
Epoch [3/100], Val Step [20/78], Loss: 3.2819, Perplexity: 26.6259
Epoch [3/100], Val Step [40/78], Loss: 3.0335, Perplexity: 20.7708
Epoch [3/100], Val Step [60/78], Loss: 3.1597, Perplexity: 23.5636
Epoch [3/100], Average Val Loss: 3.1552, Average Val Perplexity: 23.4569
Epoch [4/100], Train Step [0/628], Loss: 3.2645, Perplexity: 26.1667
Epoch [4/100], Train Step [20/628], Loss: 3.1347, Perplexity: 22.9825
Epoch [4/100], Train Step [40/628], Loss: 3.1908, Perplexity: 24.3073
Epoch [4/100], Train Step [60/628], Loss: 3.2303, Perplexity: 25.2862
Epoch [4/100], Train Step [80/628], Loss: 3.2238, Perplexity: 25.1225
Epoch [4/100], Train Step [100/628], Loss: 3.2615, Perplexity: 26.0877
Epoch [4/100], Train Step [120/628], Loss: 3.1677, Perplexity: 23.7534
Epoch [4/100], Train Step [140/628], Loss: 3.2088, Perplexity: 24.7490
Epoch [4/100], Train Step [160/628], Loss: 3.2348, Perplexity: 25.4023
Epoch [4/100], Train Step [180/628], Loss: 3.2629, Perplexity: 26.1264
Epoch [4/100], Train Step [200/628], Loss: 3.0710, Perplexity: 21.5638
Epoch [4/100], Train Step [220/628], Loss: 3.1846, Perplexity: 24.1588
Epoch [4/100], Train Step [240/628], Loss: 3.3129, Perplexity: 27.4638
Epoch [4/100], Train Step [260/628], Loss: 3.1937, Perplexity: 24.3793
Epoch [4/100], Train Step [280/628], Loss: 3.3044, Perplexity: 27.2312
Epoch [4/100], Train Step [300/628], Loss: 3.1302, Perplexity: 22.8786
Epoch [4/100], Train Step [320/628], Loss: 3.1716, Perplexity: 23.8454
Epoch [4/100], Train Step [340/628], Loss: 3.1806, Perplexity: 24.0616
Epoch [4/100], Train Step [360/628], Loss: 3.1905, Perplexity: 24.3001
Epoch [4/100], Train Step [380/628], Loss: 3.2698, Perplexity: 26.3051
Epoch [4/100], Train Step [400/628], Loss: 3.3036, Perplexity: 27.2115
Epoch [4/100], Train Step [420/628], Loss: 3.3068, Perplexity: 27.2966
Epoch [4/100], Train Step [440/628], Loss: 3.2016, Perplexity: 24.5726
Epoch [4/100], Train Step [460/628], Loss: 3.2411, Perplexity: 25.5627
Epoch [4/100], Train Step [480/628], Loss: 3.2696, Perplexity: 26.3008
Epoch [4/100], Train Step [500/628], Loss: 3.1852, Perplexity: 24.1727
Epoch [4/100], Train Step [520/628], Loss: 3.1669, Perplexity: 23.7346
Epoch [4/100], Train Step [540/628], Loss: 3.2814, Perplexity: 26.6139
Epoch [4/100], Train Step [560/628], Loss: 3.1836, Perplexity: 24.1333
Epoch [4/100], Train Step [580/628], Loss: 3.0239, Perplexity: 20.5712
Epoch [4/100], Train Step [600/628], Loss: 3.2156, Perplexity: 24.9171
Epoch [4/100], Train Step [620/628], Loss: 3.1234, Perplexity: 22.7237
Epoch [4/100], Average Train Loss: 3.1931, Average Train Perplexity: 24.3634
Epoch [4/100], Val Step [0/78], Loss: 3.2391, Perplexity: 25.5102
Epoch [4/100], Val Step [20/78], Loss: 3.1949, Perplexity: 24.4082
Epoch [4/100], Val Step [40/78], Loss: 2.9529, Perplexity: 19.1615
Epoch [4/100], Val Step [60/78], Loss: 3.0739, Perplexity: 21.6256
Epoch [4/100], Average Val Loss: 3.0815, Average Val Perplexity: 21.7906
Epoch [5/100], Train Step [0/628], Loss: 2.9856, Perplexity: 19.7987
Epoch [5/100], Train Step [20/628], Loss: 3.0190, Perplexity: 20.4704
Epoch [5/100], Train Step [40/628], Loss: 3.1296, Perplexity: 22.8651
Epoch [5/100], Train Step [60/628], Loss: 3.0437, Perplexity: 20.9835
Epoch [5/100], Train Step [80/628], Loss: 3.0479, Perplexity: 21.0704
Epoch [5/100], Train Step [100/628], Loss: 3.2004, Perplexity: 24.5433
Epoch [5/100], Train Step [120/628], Loss: 3.0602, Perplexity: 21.3309
Epoch [5/100], Train Step [140/628], Loss: 3.0818, Perplexity: 21.7971
Epoch [5/100], Train Step [160/628], Loss: 3.0575, Perplexity: 21.2752
Epoch [5/100], Train Step [180/628], Loss: 3.0874, Perplexity: 21.9200
Epoch [5/100], Train Step [200/628], Loss: 3.1686, Perplexity: 23.7736
Epoch [5/100], Train Step [220/628], Loss: 3.3079, Perplexity: 27.3265
Epoch [5/100], Train Step [240/628], Loss: 2.9724, Perplexity: 19.5391
Epoch [5/100], Train Step [260/628], Loss: 3.0918, Perplexity: 22.0167
Epoch [5/100], Train Step [280/628], Loss: 3.0986, Perplexity: 22.1662
Epoch [5/100], Train Step [300/628], Loss: 3.1907, Perplexity: 24.3062
Epoch [5/100], Train Step [320/628], Loss: 3.1057, Perplexity: 22.3242
Epoch [5/100], Train Step [340/628], Loss: 3.1658, Perplexity: 23.7073
Epoch [5/100], Train Step [360/628], Loss: 2.9709, Perplexity: 19.5102
Epoch [5/100], Train Step [380/628], Loss: 3.1760, Perplexity: 23.9515
Epoch [5/100], Train Step [400/628], Loss: 3.1585, Perplexity: 23.5364
Epoch [5/100], Train Step [420/628], Loss: 3.1218, Perplexity: 22.6869
Epoch [5/100], Train Step [440/628], Loss: 3.2593, Perplexity: 26.0304
Epoch [5/100], Train Step [460/628], Loss: 3.0434, Perplexity: 20.9768
Epoch [5/100], Train Step [480/628], Loss: 3.1888, Perplexity: 24.2599
Epoch [5/100], Train Step [500/628], Loss: 3.1131, Perplexity: 22.4896
Epoch [5/100], Train Step [520/628], Loss: 3.1429, Perplexity: 23.1714
Epoch [5/100], Train Step [540/628], Loss: 3.1290, Perplexity: 22.8514
Epoch [5/100], Train Step [560/628], Loss: 3.2955, Perplexity: 26.9919
Epoch [5/100], Train Step [580/628], Loss: 3.2466, Perplexity: 25.7034
Epoch [5/100], Train Step [600/628], Loss: 3.1988, Perplexity: 24.5028
Epoch [5/100], Train Step [620/628], Loss: 3.2099, Perplexity: 24.7763
Epoch [5/100], Average Train Loss: 3.1121, Average Train Perplexity: 22.4691
Epoch [5/100], Val Step [0/78], Loss: 3.1767, Perplexity: 23.9665
Epoch [5/100], Val Step [20/78], Loss: 3.1480, Perplexity: 23.2904
Epoch [5/100], Val Step [40/78], Loss: 2.9205, Perplexity: 18.5505
Epoch [5/100], Val Step [60/78], Loss: 3.0406, Perplexity: 20.9171
Epoch [5/100], Average Val Loss: 3.0297, Average Val Perplexity: 20.6911
Epoch [6/100], Train Step [0/628], Loss: 2.8841, Perplexity: 17.8867
Epoch [6/100], Train Step [20/628], Loss: 3.1215, Perplexity: 22.6799
Epoch [6/100], Train Step [40/628], Loss: 2.9915, Perplexity: 19.9158
Epoch [6/100], Train Step [60/628], Loss: 3.0847, Perplexity: 21.8602
Epoch [6/100], Train Step [80/628], Loss: 2.9308, Perplexity: 18.7435
Epoch [6/100], Train Step [100/628], Loss: 3.0096, Perplexity: 20.2792
Epoch [6/100], Train Step [120/628], Loss: 2.9712, Perplexity: 19.5160
Epoch [6/100], Train Step [140/628], Loss: 2.9650, Perplexity: 19.3939
Epoch [6/100], Train Step [160/628], Loss: 3.1160, Perplexity: 22.5566
Epoch [6/100], Train Step [180/628], Loss: 3.0950, Perplexity: 22.0879
Epoch [6/100], Train Step [200/628], Loss: 3.0364, Perplexity: 20.8310
Epoch [6/100], Train Step [220/628], Loss: 3.0495, Perplexity: 21.1046
Epoch [6/100], Train Step [240/628], Loss: 3.1453, Perplexity: 23.2261
Epoch [6/100], Train Step [260/628], Loss: 2.9726, Perplexity: 19.5431
Epoch [6/100], Train Step [280/628], Loss: 3.0249, Perplexity: 20.5927
Epoch [6/100], Train Step [300/628], Loss: 2.9072, Perplexity: 18.3058
Epoch [6/100], Train Step [320/628], Loss: 3.2148, Perplexity: 24.8979
Epoch [6/100], Train Step [340/628], Loss: 3.0667, Perplexity: 21.4717
Epoch [6/100], Train Step [360/628], Loss: 3.0512, Perplexity: 21.1414
Epoch [6/100], Train Step [380/628], Loss: 3.1712, Perplexity: 23.8355
Epoch [6/100], Train Step [400/628], Loss: 3.1392, Perplexity: 23.0854
Epoch [6/100], Train Step [420/628], Loss: 3.1342, Perplexity: 22.9701
Epoch [6/100], Train Step [440/628], Loss: 2.9919, Perplexity: 19.9226
Epoch [6/100], Train Step [460/628], Loss: 3.0136, Perplexity: 20.3600
Epoch [6/100], Train Step [480/628], Loss: 3.1966, Perplexity: 24.4488
Epoch [6/100], Train Step [500/628], Loss: 3.1670, Perplexity: 23.7357
Epoch [6/100], Train Step [520/628], Loss: 3.1972, Perplexity: 24.4648
Epoch [6/100], Train Step [540/628], Loss: 2.8734, Perplexity: 17.6973
Epoch [6/100], Train Step [560/628], Loss: 3.0146, Perplexity: 20.3808
Epoch [6/100], Train Step [580/628], Loss: 3.1804, Perplexity: 24.0567
Epoch [6/100], Train Step [600/628], Loss: 3.0394, Perplexity: 20.8922
Epoch [6/100], Train Step [620/628], Loss: 3.0311, Perplexity: 20.7197
Epoch [6/100], Average Train Loss: 3.0508, Average Train Perplexity: 21.1313
Epoch [6/100], Val Step [0/78], Loss: 3.1432, Perplexity: 23.1789
Epoch [6/100], Val Step [20/78], Loss: 3.1201, Perplexity: 22.6478
Epoch [6/100], Val Step [40/78], Loss: 2.8895, Perplexity: 17.9852
Epoch [6/100], Val Step [60/78], Loss: 2.9869, Perplexity: 19.8241
Epoch [6/100], Average Val Loss: 2.9948, Average Val Perplexity: 19.9814
Epoch [7/100], Train Step [0/628], Loss: 2.9264, Perplexity: 18.6602
Epoch [7/100], Train Step [20/628], Loss: 2.9424, Perplexity: 18.9619
Epoch [7/100], Train Step [40/628], Loss: 2.9245, Perplexity: 18.6248
Epoch [7/100], Train Step [60/628], Loss: 3.0543, Perplexity: 21.2072
Epoch [7/100], Train Step [80/628], Loss: 2.9856, Perplexity: 19.7984
Epoch [7/100], Train Step [100/628], Loss: 2.8709, Perplexity: 17.6526
Epoch [7/100], Train Step [120/628], Loss: 2.9056, Perplexity: 18.2758
Epoch [7/100], Train Step [140/628], Loss: 2.9953, Perplexity: 19.9914
Epoch [7/100], Train Step [160/628], Loss: 2.9278, Perplexity: 18.6863
Epoch [7/100], Train Step [180/628], Loss: 3.0116, Perplexity: 20.3190
Epoch [7/100], Train Step [200/628], Loss: 3.0196, Perplexity: 20.4833
Epoch [7/100], Train Step [220/628], Loss: 2.9485, Perplexity: 19.0770
Epoch [7/100], Train Step [240/628], Loss: 3.1033, Perplexity: 22.2723
Epoch [7/100], Train Step [260/628], Loss: 3.1287, Perplexity: 22.8447
Epoch [7/100], Train Step [280/628], Loss: 3.0961, Perplexity: 22.1124
Epoch [7/100], Train Step [300/628], Loss: 3.0542, Perplexity: 21.2040
Epoch [7/100], Train Step [320/628], Loss: 2.9327, Perplexity: 18.7776
Epoch [7/100], Train Step [340/628], Loss: 3.0201, Perplexity: 20.4932
Epoch [7/100], Train Step [360/628], Loss: 2.9597, Perplexity: 19.2917
Epoch [7/100], Train Step [380/628], Loss: 3.1379, Perplexity: 23.0560
Epoch [7/100], Train Step [400/628], Loss: 2.8916, Perplexity: 18.0222
Epoch [7/100], Train Step [420/628], Loss: 3.0894, Perplexity: 21.9638
Epoch [7/100], Train Step [440/628], Loss: 2.9678, Perplexity: 19.4499
Epoch [7/100], Train Step [460/628], Loss: 3.1240, Perplexity: 22.7369
Epoch [7/100], Train Step [480/628], Loss: 3.2149, Perplexity: 24.9000
Epoch [7/100], Train Step [500/628], Loss: 2.8249, Perplexity: 16.8596
Epoch [7/100], Train Step [520/628], Loss: 3.1068, Perplexity: 22.3500
Epoch [7/100], Train Step [540/628], Loss: 3.0480, Perplexity: 21.0729
Epoch [7/100], Train Step [560/628], Loss: 3.0175, Perplexity: 20.4405
Epoch [7/100], Train Step [580/628], Loss: 2.9855, Perplexity: 19.7966
Epoch [7/100], Train Step [600/628], Loss: 2.8710, Perplexity: 17.6541
Epoch [7/100], Train Step [620/628], Loss: 3.1269, Perplexity: 22.8023
Epoch [7/100], Average Train Loss: 3.0025, Average Train Perplexity: 20.1363
Epoch [7/100], Val Step [0/78], Loss: 3.1198, Perplexity: 22.6427
Epoch [7/100], Val Step [20/78], Loss: 3.1035, Perplexity: 22.2749
Epoch [7/100], Val Step [40/78], Loss: 2.8613, Perplexity: 17.4844
Epoch [7/100], Val Step [60/78], Loss: 2.9787, Perplexity: 19.6617
Epoch [7/100], Average Val Loss: 2.9717, Average Val Perplexity: 19.5259
Epoch [8/100], Train Step [0/628], Loss: 3.0593, Perplexity: 21.3137
Epoch [8/100], Train Step [20/628], Loss: 3.0090, Perplexity: 20.2681
Epoch [8/100], Train Step [40/628], Loss: 2.8400, Perplexity: 17.1158
Epoch [8/100], Train Step [60/628], Loss: 3.0103, Perplexity: 20.2930
Epoch [8/100], Train Step [80/628], Loss: 2.7899, Perplexity: 16.2793
Epoch [8/100], Train Step [100/628], Loss: 2.9238, Perplexity: 18.6122
Epoch [8/100], Train Step [120/628], Loss: 2.9041, Perplexity: 18.2489
Epoch [8/100], Train Step [140/628], Loss: 3.1297, Perplexity: 22.8664
Epoch [8/100], Train Step [160/628], Loss: 2.9778, Perplexity: 19.6448
Epoch [8/100], Train Step [180/628], Loss: 2.9048, Perplexity: 18.2617
Epoch [8/100], Train Step [200/628], Loss: 2.9999, Perplexity: 20.0843
Epoch [8/100], Train Step [220/628], Loss: 3.0057, Perplexity: 20.2013
Epoch [8/100], Train Step [240/628], Loss: 3.0186, Perplexity: 20.4635
Epoch [8/100], Train Step [260/628], Loss: 2.9043, Perplexity: 18.2519
Epoch [8/100], Train Step [280/628], Loss: 2.9581, Perplexity: 19.2616
Epoch [8/100], Train Step [300/628], Loss: 2.8782, Perplexity: 17.7831
Epoch [8/100], Train Step [320/628], Loss: 2.9424, Perplexity: 18.9614
Epoch [8/100], Train Step [340/628], Loss: 2.9523, Perplexity: 19.1504
Epoch [8/100], Train Step [360/628], Loss: 3.0903, Perplexity: 21.9827
Epoch [8/100], Train Step [380/628], Loss: 2.9420, Perplexity: 18.9538
Epoch [8/100], Train Step [400/628], Loss: 2.9153, Perplexity: 18.4542
Epoch [8/100], Train Step [420/628], Loss: 3.0218, Perplexity: 20.5275
Epoch [8/100], Train Step [440/628], Loss: 2.9220, Perplexity: 18.5779
Epoch [8/100], Train Step [460/628], Loss: 2.9712, Perplexity: 19.5152
Epoch [8/100], Train Step [480/628], Loss: 2.8797, Perplexity: 17.8081
Epoch [8/100], Train Step [500/628], Loss: 2.9499, Perplexity: 19.1032
Epoch [8/100], Train Step [520/628], Loss: 2.9868, Perplexity: 19.8216
Epoch [8/100], Train Step [540/628], Loss: 2.9707, Perplexity: 19.5055
Epoch [8/100], Train Step [560/628], Loss: 3.1350, Perplexity: 22.9878
Epoch [8/100], Train Step [580/628], Loss: 3.0198, Perplexity: 20.4863
Epoch [8/100], Train Step [600/628], Loss: 2.9386, Perplexity: 18.8894
Epoch [8/100], Train Step [620/628], Loss: 2.9150, Perplexity: 18.4480
Epoch [8/100], Average Train Loss: 2.9617, Average Train Perplexity: 19.3299
Epoch [8/100], Val Step [0/78], Loss: 3.1079, Perplexity: 22.3738
Epoch [8/100], Val Step [20/78], Loss: 3.0839, Perplexity: 21.8424
Epoch [8/100], Val Step [40/78], Loss: 2.8388, Perplexity: 17.0944
Epoch [8/100], Val Step [60/78], Loss: 2.9547, Perplexity: 19.1966
Epoch [8/100], Average Val Loss: 2.9507, Average Val Perplexity: 19.1191
Epoch [9/100], Train Step [0/628], Loss: 2.8496, Perplexity: 17.2815
Epoch [9/100], Train Step [20/628], Loss: 2.9307, Perplexity: 18.7412
Epoch [9/100], Train Step [40/628], Loss: 2.9981, Perplexity: 20.0481
Epoch [9/100], Train Step [60/628], Loss: 2.8797, Perplexity: 17.8088
Epoch [9/100], Train Step [80/628], Loss: 2.9101, Perplexity: 18.3594
Epoch [9/100], Train Step [100/628], Loss: 2.8987, Perplexity: 18.1504
Epoch [9/100], Train Step [120/628], Loss: 2.7384, Perplexity: 15.4625
Epoch [9/100], Train Step [140/628], Loss: 2.9270, Perplexity: 18.6719
Epoch [9/100], Train Step [160/628], Loss: 2.8689, Perplexity: 17.6185
Epoch [9/100], Train Step [180/628], Loss: 2.8618, Perplexity: 17.4931
Epoch [9/100], Train Step [200/628], Loss: 2.8237, Perplexity: 16.8383
Epoch [9/100], Train Step [220/628], Loss: 2.9003, Perplexity: 18.1805
Epoch [9/100], Train Step [240/628], Loss: 2.9834, Perplexity: 19.7551
Epoch [9/100], Train Step [260/628], Loss: 2.9617, Perplexity: 19.3310
Epoch [9/100], Train Step [280/628], Loss: 2.9887, Perplexity: 19.8601
Epoch [9/100], Train Step [300/628], Loss: 2.8301, Perplexity: 16.9477
Epoch [9/100], Train Step [320/628], Loss: 3.0001, Perplexity: 20.0881
Epoch [9/100], Train Step [340/628], Loss: 3.0481, Perplexity: 21.0763
Epoch [9/100], Train Step [360/628], Loss: 3.0588, Perplexity: 21.3017
Epoch [9/100], Train Step [380/628], Loss: 3.0294, Perplexity: 20.6845
Epoch [9/100], Train Step [400/628], Loss: 2.9723, Perplexity: 19.5371
Epoch [9/100], Train Step [420/628], Loss: 2.8995, Perplexity: 18.1643
Epoch [9/100], Train Step [440/628], Loss: 3.0222, Perplexity: 20.5359
Epoch [9/100], Train Step [460/628], Loss: 2.9581, Perplexity: 19.2609
Epoch [9/100], Train Step [480/628], Loss: 2.9290, Perplexity: 18.7084
Epoch [9/100], Train Step [500/628], Loss: 2.9345, Perplexity: 18.8119
Epoch [9/100], Train Step [520/628], Loss: 2.9977, Perplexity: 20.0398
Epoch [9/100], Train Step [540/628], Loss: 2.9215, Perplexity: 18.5684
Epoch [9/100], Train Step [560/628], Loss: 2.8792, Perplexity: 17.8003
Epoch [9/100], Train Step [580/628], Loss: 2.9576, Perplexity: 19.2522
Epoch [9/100], Train Step [600/628], Loss: 2.9325, Perplexity: 18.7753
Epoch [9/100], Train Step [620/628], Loss: 3.0503, Perplexity: 21.1210
Epoch [9/100], Average Train Loss: 2.9288, Average Train Perplexity: 18.7050
Epoch [9/100], Val Step [0/78], Loss: 3.0684, Perplexity: 21.5071
Epoch [9/100], Val Step [20/78], Loss: 3.0473, Perplexity: 21.0575
Epoch [9/100], Val Step [40/78], Loss: 2.8283, Perplexity: 16.9161
Epoch [9/100], Val Step [60/78], Loss: 2.9523, Perplexity: 19.1491
Epoch [9/100], Average Val Loss: 2.9352, Average Val Perplexity: 18.8251
Epoch [10/100], Train Step [0/628], Loss: 2.9430, Perplexity: 18.9722
Epoch [10/100], Train Step [20/628], Loss: 2.8036, Perplexity: 16.5037
Epoch [10/100], Train Step [40/628], Loss: 2.7469, Perplexity: 15.5946
Epoch [10/100], Train Step [60/628], Loss: 2.7930, Perplexity: 16.3294
Epoch [10/100], Train Step [80/628], Loss: 2.8180, Perplexity: 16.7434
Epoch [10/100], Train Step [100/628], Loss: 2.8593, Perplexity: 17.4497
Epoch [10/100], Train Step [120/628], Loss: 2.7998, Perplexity: 16.4411
Epoch [10/100], Train Step [140/628], Loss: 2.8946, Perplexity: 18.0771
Epoch [10/100], Train Step [160/628], Loss: 2.8145, Perplexity: 16.6853
Epoch [10/100], Train Step [180/628], Loss: 3.0794, Perplexity: 21.7459
Epoch [10/100], Train Step [200/628], Loss: 2.8197, Perplexity: 16.7714
Epoch [10/100], Train Step [220/628], Loss: 2.9349, Perplexity: 18.8192
Epoch [10/100], Train Step [240/628], Loss: 2.9888, Perplexity: 19.8619
Epoch [10/100], Train Step [260/628], Loss: 2.8845, Perplexity: 17.8953
Epoch [10/100], Train Step [280/628], Loss: 2.9317, Perplexity: 18.7593
Epoch [10/100], Train Step [300/628], Loss: 2.9914, Perplexity: 19.9145
Epoch [10/100], Train Step [320/628], Loss: 2.8820, Perplexity: 17.8498
Epoch [10/100], Train Step [340/628], Loss: 2.9089, Perplexity: 18.3359
Epoch [10/100], Train Step [360/628], Loss: 2.8022, Perplexity: 16.4805
Epoch [10/100], Train Step [380/628], Loss: 2.8884, Perplexity: 17.9637
Epoch [10/100], Train Step [400/628], Loss: 2.9143, Perplexity: 18.4366
Epoch [10/100], Train Step [420/628], Loss: 3.0801, Perplexity: 21.7616
Epoch [10/100], Train Step [440/628], Loss: 2.9247, Perplexity: 18.6280
Epoch [10/100], Train Step [460/628], Loss: 2.8618, Perplexity: 17.4923
Epoch [10/100], Train Step [480/628], Loss: 2.9707, Perplexity: 19.5048
Epoch [10/100], Train Step [500/628], Loss: 2.9393, Perplexity: 18.9030
Epoch [10/100], Train Step [520/628], Loss: 2.9076, Perplexity: 18.3129
Epoch [10/100], Train Step [540/628], Loss: 2.9755, Perplexity: 19.5986
Epoch [10/100], Train Step [560/628], Loss: 3.0892, Perplexity: 21.9586
Epoch [10/100], Train Step [580/628], Loss: 2.9072, Perplexity: 18.3047
Epoch [10/100], Train Step [600/628], Loss: 2.9256, Perplexity: 18.6450
Epoch [10/100], Train Step [620/628], Loss: 2.8779, Perplexity: 17.7770
Epoch [10/100], Average Train Loss: 2.8996, Average Train Perplexity: 18.1669
Epoch [10/100], Val Step [0/78], Loss: 3.0527, Perplexity: 21.1732
Epoch [10/100], Val Step [20/78], Loss: 3.0462, Perplexity: 21.0343
Epoch [10/100], Val Step [40/78], Loss: 2.8205, Perplexity: 16.7848
Epoch [10/100], Val Step [60/78], Loss: 2.9385, Perplexity: 18.8883
Epoch [10/100], Average Val Loss: 2.9238, Average Val Perplexity: 18.6115
Epoch [11/100], Train Step [0/628], Loss: 2.9273, Perplexity: 18.6764
Epoch [11/100], Train Step [20/628], Loss: 2.6845, Perplexity: 14.6506
Epoch [11/100], Train Step [40/628], Loss: 2.6752, Perplexity: 14.5158
Epoch [11/100], Train Step [60/628], Loss: 2.7621, Perplexity: 15.8324
Epoch [11/100], Train Step [80/628], Loss: 2.7120, Perplexity: 15.0595
Epoch [11/100], Train Step [100/628], Loss: 2.8219, Perplexity: 16.8085
Epoch [11/100], Train Step [120/628], Loss: 2.8717, Perplexity: 17.6663
Epoch [11/100], Train Step [140/628], Loss: 2.7985, Perplexity: 16.4205
Epoch [11/100], Train Step [160/628], Loss: 2.8447, Perplexity: 17.1972
Epoch [11/100], Train Step [180/628], Loss: 2.9717, Perplexity: 19.5257
Epoch [11/100], Train Step [200/628], Loss: 2.9155, Perplexity: 18.4583
Epoch [11/100], Train Step [220/628], Loss: 2.9903, Perplexity: 19.8911
Epoch [11/100], Train Step [240/628], Loss: 2.8835, Perplexity: 17.8760
Epoch [11/100], Train Step [260/628], Loss: 2.8642, Perplexity: 17.5352
Epoch [11/100], Train Step [280/628], Loss: 2.8348, Perplexity: 17.0269
Epoch [11/100], Train Step [300/628], Loss: 2.8719, Perplexity: 17.6707
Epoch [11/100], Train Step [320/628], Loss: 2.8748, Perplexity: 17.7219
Epoch [11/100], Train Step [340/628], Loss: 2.8379, Perplexity: 17.0802
Epoch [11/100], Train Step [360/628], Loss: 2.8241, Perplexity: 16.8460
Epoch [11/100], Train Step [380/628], Loss: 2.9199, Perplexity: 18.5387
Epoch [11/100], Train Step [400/628], Loss: 2.7652, Perplexity: 15.8823
Epoch [11/100], Train Step [420/628], Loss: 3.0327, Perplexity: 20.7540
Epoch [11/100], Train Step [440/628], Loss: 2.8690, Perplexity: 17.6195
Epoch [11/100], Train Step [460/628], Loss: 3.0878, Perplexity: 21.9286
Epoch [11/100], Train Step [480/628], Loss: 2.9428, Perplexity: 18.9681
Epoch [11/100], Train Step [500/628], Loss: 2.9082, Perplexity: 18.3245
Epoch [11/100], Train Step [520/628], Loss: 2.8523, Perplexity: 17.3272
Epoch [11/100], Train Step [540/628], Loss: 2.8756, Perplexity: 17.7352
Epoch [11/100], Train Step [560/628], Loss: 2.9443, Perplexity: 18.9982
Epoch [11/100], Train Step [580/628], Loss: 2.9781, Perplexity: 19.6499
Epoch [11/100], Train Step [600/628], Loss: 2.9353, Perplexity: 18.8265
Epoch [11/100], Train Step [620/628], Loss: 2.8509, Perplexity: 17.3029
Epoch [11/100], Average Train Loss: 2.8750, Average Train Perplexity: 17.7255
Epoch [11/100], Val Step [0/78], Loss: 3.0503, Perplexity: 21.1222
Epoch [11/100], Val Step [20/78], Loss: 3.0380, Perplexity: 20.8635
Epoch [11/100], Val Step [40/78], Loss: 2.8061, Perplexity: 16.5447
Epoch [11/100], Val Step [60/78], Loss: 2.9321, Perplexity: 18.7674
Epoch [11/100], Average Val Loss: 2.9147, Average Val Perplexity: 18.4430
Epoch [12/100], Train Step [0/628], Loss: 2.7852, Perplexity: 16.2034
Epoch [12/100], Train Step [20/628], Loss: 2.6853, Perplexity: 14.6630
Epoch [12/100], Train Step [40/628], Loss: 2.9060, Perplexity: 18.2836
Epoch [12/100], Train Step [60/628], Loss: 2.7953, Perplexity: 16.3681
Epoch [12/100], Train Step [80/628], Loss: 2.7347, Perplexity: 15.4044
Epoch [12/100], Train Step [100/628], Loss: 2.7695, Perplexity: 15.9507
Epoch [12/100], Train Step [120/628], Loss: 2.9752, Perplexity: 19.5927
Epoch [12/100], Train Step [140/628], Loss: 2.8264, Perplexity: 16.8840
Epoch [12/100], Train Step [160/628], Loss: 2.8748, Perplexity: 17.7225
Epoch [12/100], Train Step [180/628], Loss: 2.7493, Perplexity: 15.6315
Epoch [12/100], Train Step [200/628], Loss: 2.7233, Perplexity: 15.2310
Epoch [12/100], Train Step [220/628], Loss: 2.8827, Perplexity: 17.8623
Epoch [12/100], Train Step [240/628], Loss: 2.7843, Perplexity: 16.1882
Epoch [12/100], Train Step [260/628], Loss: 2.8594, Perplexity: 17.4507
Epoch [12/100], Train Step [280/628], Loss: 2.9563, Perplexity: 19.2276
Epoch [12/100], Train Step [300/628], Loss: 2.6856, Perplexity: 14.6676
Epoch [12/100], Train Step [320/628], Loss: 2.9461, Perplexity: 19.0316
Epoch [12/100], Train Step [340/628], Loss: 2.8543, Perplexity: 17.3618
Epoch [12/100], Train Step [360/628], Loss: 2.7430, Perplexity: 15.5342
Epoch [12/100], Train Step [380/628], Loss: 3.0094, Perplexity: 20.2751
Epoch [12/100], Train Step [400/628], Loss: 2.8620, Perplexity: 17.4970
Epoch [12/100], Train Step [420/628], Loss: 2.9269, Perplexity: 18.6704
Epoch [12/100], Train Step [440/628], Loss: 2.8889, Perplexity: 17.9737
Epoch [12/100], Train Step [460/628], Loss: 2.9173, Perplexity: 18.4909
Epoch [12/100], Train Step [480/628], Loss: 2.8824, Perplexity: 17.8578
Epoch [12/100], Train Step [500/628], Loss: 2.9495, Perplexity: 19.0968
Epoch [12/100], Train Step [520/628], Loss: 2.7806, Perplexity: 16.1287
Epoch [12/100], Train Step [540/628], Loss: 2.8959, Perplexity: 18.0990
Epoch [12/100], Train Step [560/628], Loss: 2.9239, Perplexity: 18.6130
Epoch [12/100], Train Step [580/628], Loss: 2.8902, Perplexity: 17.9963
Epoch [12/100], Train Step [600/628], Loss: 2.9814, Perplexity: 19.7164
Epoch [12/100], Train Step [620/628], Loss: 2.7888, Perplexity: 16.2609
Epoch [12/100], Average Train Loss: 2.8532, Average Train Perplexity: 17.3428
Epoch [12/100], Val Step [0/78], Loss: 3.0539, Perplexity: 21.1970
Epoch [12/100], Val Step [20/78], Loss: 3.0287, Perplexity: 20.6714
Epoch [12/100], Val Step [40/78], Loss: 2.7967, Perplexity: 16.3908
Epoch [12/100], Val Step [60/78], Loss: 2.9250, Perplexity: 18.6348
Epoch [12/100], Average Val Loss: 2.9103, Average Val Perplexity: 18.3629
Epoch [13/100], Train Step [0/628], Loss: 2.7843, Perplexity: 16.1890
Epoch [13/100], Train Step [20/628], Loss: 2.8336, Perplexity: 17.0058
Epoch [13/100], Train Step [40/628], Loss: 2.7778, Perplexity: 16.0842
Epoch [13/100], Train Step [60/628], Loss: 2.7501, Perplexity: 15.6443
Epoch [13/100], Train Step [80/628], Loss: 2.7889, Perplexity: 16.2626
Epoch [13/100], Train Step [100/628], Loss: 2.7326, Perplexity: 15.3736
Epoch [13/100], Train Step [120/628], Loss: 2.8784, Perplexity: 17.7864
Epoch [13/100], Train Step [140/628], Loss: 2.8737, Perplexity: 17.7022
Epoch [13/100], Train Step [160/628], Loss: 2.8411, Perplexity: 17.1341
Epoch [13/100], Train Step [180/628], Loss: 2.8788, Perplexity: 17.7936
Epoch [13/100], Train Step [200/628], Loss: 2.7968, Perplexity: 16.3916
Epoch [13/100], Train Step [220/628], Loss: 2.8845, Perplexity: 17.8939
Epoch [13/100], Train Step [240/628], Loss: 2.8719, Perplexity: 17.6714
Epoch [13/100], Train Step [260/628], Loss: 2.8380, Perplexity: 17.0807
Epoch [13/100], Train Step [280/628], Loss: 2.8864, Perplexity: 17.9291
Epoch [13/100], Train Step [300/628], Loss: 2.7513, Perplexity: 15.6635
Epoch [13/100], Train Step [320/628], Loss: 2.7513, Perplexity: 15.6624
Epoch [13/100], Train Step [340/628], Loss: 2.8516, Perplexity: 17.3149
Epoch [13/100], Train Step [360/628], Loss: 2.8489, Perplexity: 17.2680
Epoch [13/100], Train Step [380/628], Loss: 2.8376, Perplexity: 17.0748
Epoch [13/100], Train Step [400/628], Loss: 2.9192, Perplexity: 18.5269
Epoch [13/100], Train Step [420/628], Loss: 2.8189, Perplexity: 16.7577
Epoch [13/100], Train Step [440/628], Loss: 2.8731, Perplexity: 17.6914
Epoch [13/100], Train Step [460/628], Loss: 2.8656, Perplexity: 17.5591
Epoch [13/100], Train Step [480/628], Loss: 2.9317, Perplexity: 18.7604
Epoch [13/100], Train Step [500/628], Loss: 2.9257, Perplexity: 18.6482
Epoch [13/100], Train Step [520/628], Loss: 2.9666, Perplexity: 19.4260
Epoch [13/100], Train Step [540/628], Loss: 2.8680, Perplexity: 17.6020
Epoch [13/100], Train Step [560/628], Loss: 2.9530, Perplexity: 19.1640
Epoch [13/100], Train Step [580/628], Loss: 2.8628, Perplexity: 17.5103
Epoch [13/100], Train Step [600/628], Loss: 2.8459, Perplexity: 17.2174
Epoch [13/100], Train Step [620/628], Loss: 2.9178, Perplexity: 18.5007
Epoch [13/100], Average Train Loss: 2.8333, Average Train Perplexity: 17.0014
Epoch [13/100], Val Step [0/78], Loss: 3.0332, Perplexity: 20.7634
Epoch [13/100], Val Step [20/78], Loss: 3.0164, Perplexity: 20.4185
Epoch [13/100], Val Step [40/78], Loss: 2.8051, Perplexity: 16.5287
Epoch [13/100], Val Step [60/78], Loss: 2.9117, Perplexity: 18.3882
Epoch [13/100], Average Val Loss: 2.8935, Average Val Perplexity: 18.0570
Epoch [14/100], Train Step [0/628], Loss: 2.6523, Perplexity: 14.1861
Epoch [14/100], Train Step [20/628], Loss: 2.7389, Perplexity: 15.4701
Epoch [14/100], Train Step [40/628], Loss: 2.6813, Perplexity: 14.6036
Epoch [14/100], Train Step [60/628], Loss: 2.7886, Perplexity: 16.2581
Epoch [14/100], Train Step [80/628], Loss: 2.6163, Perplexity: 13.6849
Epoch [14/100], Train Step [100/628], Loss: 2.9132, Perplexity: 18.4159
Epoch [14/100], Train Step [120/628], Loss: 2.8038, Perplexity: 16.5077
Epoch [14/100], Train Step [140/628], Loss: 2.6390, Perplexity: 13.9989
Epoch [14/100], Train Step [160/628], Loss: 2.8373, Perplexity: 17.0698
Epoch [14/100], Train Step [180/628], Loss: 2.6761, Perplexity: 14.5280
Epoch [14/100], Train Step [200/628], Loss: 2.7949, Perplexity: 16.3609
Epoch [14/100], Train Step [220/628], Loss: 2.6868, Perplexity: 14.6852
Epoch [14/100], Train Step [240/628], Loss: 2.7486, Perplexity: 15.6200
Epoch [14/100], Train Step [260/628], Loss: 2.8285, Perplexity: 16.9199
Epoch [14/100], Train Step [280/628], Loss: 2.8380, Perplexity: 17.0814
Epoch [14/100], Train Step [300/628], Loss: 2.8822, Perplexity: 17.8530
Epoch [14/100], Train Step [320/628], Loss: 2.9558, Perplexity: 19.2161
Epoch [14/100], Train Step [340/628], Loss: 2.9491, Perplexity: 19.0881
Epoch [14/100], Train Step [360/628], Loss: 2.8372, Perplexity: 17.0683
Epoch [14/100], Train Step [380/628], Loss: 2.8741, Perplexity: 17.7093
Epoch [14/100], Train Step [400/628], Loss: 2.9221, Perplexity: 18.5811
Epoch [14/100], Train Step [420/628], Loss: 2.9029, Perplexity: 18.2273
Epoch [14/100], Train Step [440/628], Loss: 2.8649, Perplexity: 17.5472
Epoch [14/100], Train Step [460/628], Loss: 2.9098, Perplexity: 18.3527
Epoch [14/100], Train Step [480/628], Loss: 2.8971, Perplexity: 18.1218
Epoch [14/100], Train Step [500/628], Loss: 2.9488, Perplexity: 19.0826
Epoch [14/100], Train Step [520/628], Loss: 2.9453, Perplexity: 19.0173
Epoch [14/100], Train Step [540/628], Loss: 2.8966, Perplexity: 18.1124
Epoch [14/100], Train Step [560/628], Loss: 2.8439, Perplexity: 17.1835
Epoch [14/100], Train Step [580/628], Loss: 2.7574, Perplexity: 15.7590
Epoch [14/100], Train Step [600/628], Loss: 2.9331, Perplexity: 18.7858
Epoch [14/100], Train Step [620/628], Loss: 2.9031, Perplexity: 18.2302
Epoch [14/100], Average Train Loss: 2.8154, Average Train Perplexity: 16.6996
Epoch [14/100], Val Step [0/78], Loss: 3.0333, Perplexity: 20.7649
Epoch [14/100], Val Step [20/78], Loss: 3.0087, Perplexity: 20.2608
Epoch [14/100], Val Step [40/78], Loss: 2.7810, Perplexity: 16.1348
Epoch [14/100], Val Step [60/78], Loss: 2.9129, Perplexity: 18.4098
Epoch [14/100], Average Val Loss: 2.8959, Average Val Perplexity: 18.0995
Epoch [15/100], Train Step [0/628], Loss: 2.8151, Perplexity: 16.6949
Epoch [15/100], Train Step [20/628], Loss: 2.5711, Perplexity: 13.0799
Epoch [15/100], Train Step [40/628], Loss: 2.8265, Perplexity: 16.8869
Epoch [15/100], Train Step [60/628], Loss: 2.7391, Perplexity: 15.4729
Epoch [15/100], Train Step [80/628], Loss: 2.7304, Perplexity: 15.3385
Epoch [15/100], Train Step [100/628], Loss: 2.6973, Perplexity: 14.8397
Epoch [15/100], Train Step [120/628], Loss: 2.7134, Perplexity: 15.0799
Epoch [15/100], Train Step [140/628], Loss: 2.8833, Perplexity: 17.8728
Epoch [15/100], Train Step [160/628], Loss: 2.7885, Perplexity: 16.2564
Epoch [15/100], Train Step [180/628], Loss: 2.7888, Perplexity: 16.2613
Epoch [15/100], Train Step [200/628], Loss: 2.8117, Perplexity: 16.6383
Epoch [15/100], Train Step [220/628], Loss: 2.7140, Perplexity: 15.0896
Epoch [15/100], Train Step [240/628], Loss: 2.7288, Perplexity: 15.3151
Epoch [15/100], Train Step [260/628], Loss: 2.7355, Perplexity: 15.4179
Epoch [15/100], Train Step [280/628], Loss: 2.8703, Perplexity: 17.6416
Epoch [15/100], Train Step [300/628], Loss: 2.8293, Perplexity: 16.9337
Epoch [15/100], Train Step [320/628], Loss: 2.8550, Perplexity: 17.3740
Epoch [15/100], Train Step [340/628], Loss: 2.8326, Perplexity: 16.9889
Epoch [15/100], Train Step [360/628], Loss: 2.9352, Perplexity: 18.8246
Epoch [15/100], Train Step [380/628], Loss: 2.8251, Perplexity: 16.8634
Epoch [15/100], Train Step [400/628], Loss: 2.8635, Perplexity: 17.5224
Epoch [15/100], Train Step [420/628], Loss: 2.8990, Perplexity: 18.1559
Epoch [15/100], Train Step [440/628], Loss: 2.8635, Perplexity: 17.5220
Epoch [15/100], Train Step [460/628], Loss: 2.9284, Perplexity: 18.6985
Epoch [15/100], Train Step [480/628], Loss: 2.7960, Perplexity: 16.3787
Epoch [15/100], Train Step [500/628], Loss: 2.8915, Perplexity: 18.0203
Epoch [15/100], Train Step [520/628], Loss: 2.8730, Perplexity: 17.6904
Epoch [15/100], Train Step [540/628], Loss: 2.7963, Perplexity: 16.3844
Epoch [15/100], Train Step [560/628], Loss: 2.8448, Perplexity: 17.1979
Epoch [15/100], Train Step [580/628], Loss: 2.7426, Perplexity: 15.5270
Epoch [15/100], Train Step [600/628], Loss: 2.9419, Perplexity: 18.9522
Epoch [15/100], Train Step [620/628], Loss: 2.9082, Perplexity: 18.3240
Epoch [15/100], Average Train Loss: 2.7990, Average Train Perplexity: 16.4275
Epoch [15/100], Val Step [0/78], Loss: 3.0084, Perplexity: 20.2558
Epoch [15/100], Val Step [20/78], Loss: 3.0073, Perplexity: 20.2325
Epoch [15/100], Val Step [40/78], Loss: 2.7760, Perplexity: 16.0549
Epoch [15/100], Val Step [60/78], Loss: 2.9101, Perplexity: 18.3590
Epoch [15/100], Average Val Loss: 2.8865, Average Val Perplexity: 17.9301
Epoch [16/100], Train Step [0/628], Loss: 2.7342, Perplexity: 15.3974
Epoch [16/100], Train Step [20/628], Loss: 2.6819, Perplexity: 14.6134
Epoch [16/100], Train Step [40/628], Loss: 2.6631, Perplexity: 14.3412
Epoch [16/100], Train Step [60/628], Loss: 2.6822, Perplexity: 14.6169
Epoch [16/100], Train Step [80/628], Loss: 2.7190, Perplexity: 15.1649
Epoch [16/100], Train Step [100/628], Loss: 2.7080, Perplexity: 14.9990
Epoch [16/100], Train Step [120/628], Loss: 2.7383, Perplexity: 15.4614
Epoch [16/100], Train Step [140/628], Loss: 2.6778, Perplexity: 14.5527
Epoch [16/100], Train Step [160/628], Loss: 2.6998, Perplexity: 14.8763
Epoch [16/100], Train Step [180/628], Loss: 2.6046, Perplexity: 13.5257
Epoch [16/100], Train Step [200/628], Loss: 2.8262, Perplexity: 16.8811
Epoch [16/100], Train Step [220/628], Loss: 2.8598, Perplexity: 17.4584
Epoch [16/100], Train Step [240/628], Loss: 2.7792, Perplexity: 16.1054
Epoch [16/100], Train Step [260/628], Loss: 2.8308, Perplexity: 16.9591
Epoch [16/100], Train Step [280/628], Loss: 2.8554, Perplexity: 17.3820
Epoch [16/100], Train Step [300/628], Loss: 2.9060, Perplexity: 18.2832
Epoch [16/100], Train Step [320/628], Loss: 2.7152, Perplexity: 15.1082
Epoch [16/100], Train Step [340/628], Loss: 2.7543, Perplexity: 15.7096
Epoch [16/100], Train Step [360/628], Loss: 2.8738, Perplexity: 17.7042
Epoch [16/100], Train Step [380/628], Loss: 2.8307, Perplexity: 16.9575
Epoch [16/100], Train Step [400/628], Loss: 2.9420, Perplexity: 18.9539
Epoch [16/100], Train Step [420/628], Loss: 2.7572, Perplexity: 15.7558
Epoch [16/100], Train Step [440/628], Loss: 2.7186, Perplexity: 15.1587
Epoch [16/100], Train Step [460/628], Loss: 2.8281, Perplexity: 16.9141
Epoch [16/100], Train Step [480/628], Loss: 2.6989, Perplexity: 14.8627
Epoch [16/100], Train Step [500/628], Loss: 2.7348, Perplexity: 15.4064
Epoch [16/100], Train Step [520/628], Loss: 2.7733, Perplexity: 16.0120
Epoch [16/100], Train Step [540/628], Loss: 2.8494, Perplexity: 17.2770
Epoch [16/100], Train Step [560/628], Loss: 2.9033, Perplexity: 18.2344
Epoch [16/100], Train Step [580/628], Loss: 2.8308, Perplexity: 16.9592
Epoch [16/100], Train Step [600/628], Loss: 2.7976, Perplexity: 16.4052
Epoch [16/100], Train Step [620/628], Loss: 2.9382, Perplexity: 18.8818
Epoch [16/100], Average Train Loss: 2.7849, Average Train Perplexity: 16.1988
Epoch [16/100], Val Step [0/78], Loss: 3.0182, Perplexity: 20.4552
Epoch [16/100], Val Step [20/78], Loss: 2.9988, Perplexity: 20.0613
Epoch [16/100], Val Step [40/78], Loss: 2.7870, Perplexity: 16.2324
Epoch [16/100], Val Step [60/78], Loss: 2.8925, Perplexity: 18.0379
Epoch [16/100], Average Val Loss: 2.8832, Average Val Perplexity: 17.8712
Epoch [17/100], Train Step [0/628], Loss: 2.7652, Perplexity: 15.8826
Epoch [17/100], Train Step [20/628], Loss: 2.7883, Perplexity: 16.2531
Epoch [17/100], Train Step [40/628], Loss: 2.7231, Perplexity: 15.2269
Epoch [17/100], Train Step [60/628], Loss: 2.8285, Perplexity: 16.9207
Epoch [17/100], Train Step [80/628], Loss: 2.6394, Perplexity: 14.0049
Epoch [17/100], Train Step [100/628], Loss: 2.7386, Perplexity: 15.4652
Epoch [17/100], Train Step [120/628], Loss: 2.8192, Perplexity: 16.7638
Epoch [17/100], Train Step [140/628], Loss: 2.6363, Perplexity: 13.9613
Epoch [17/100], Train Step [160/628], Loss: 2.6360, Perplexity: 13.9571
Epoch [17/100], Train Step [180/628], Loss: 2.6917, Perplexity: 14.7567
Epoch [17/100], Train Step [200/628], Loss: 2.7673, Perplexity: 15.9158
Epoch [17/100], Train Step [220/628], Loss: 2.8250, Perplexity: 16.8614
Epoch [17/100], Train Step [240/628], Loss: 2.7861, Perplexity: 16.2171
Epoch [17/100], Train Step [260/628], Loss: 2.8082, Perplexity: 16.5808
Epoch [17/100], Train Step [280/628], Loss: 2.8214, Perplexity: 16.8004
Epoch [17/100], Train Step [300/628], Loss: 2.6775, Perplexity: 14.5488
Epoch [17/100], Train Step [320/628], Loss: 2.8485, Perplexity: 17.2617
Epoch [17/100], Train Step [340/628], Loss: 2.9052, Perplexity: 18.2680
Epoch [17/100], Train Step [360/628], Loss: 2.6065, Perplexity: 13.5510
Epoch [17/100], Train Step [380/628], Loss: 2.8627, Perplexity: 17.5094
Epoch [17/100], Train Step [400/628], Loss: 2.8696, Perplexity: 17.6297
Epoch [17/100], Train Step [420/628], Loss: 2.8740, Perplexity: 17.7069
Epoch [17/100], Train Step [440/628], Loss: 2.8594, Perplexity: 17.4503
Epoch [17/100], Train Step [460/628], Loss: 2.7942, Perplexity: 16.3500
Epoch [17/100], Train Step [480/628], Loss: 2.7801, Perplexity: 16.1210
Epoch [17/100], Train Step [500/628], Loss: 2.8650, Perplexity: 17.5483
Epoch [17/100], Train Step [520/628], Loss: 2.8514, Perplexity: 17.3115
Epoch [17/100], Train Step [540/628], Loss: 2.8652, Perplexity: 17.5529
Epoch [17/100], Train Step [560/628], Loss: 2.8060, Perplexity: 16.5441
Epoch [17/100], Train Step [580/628], Loss: 2.7388, Perplexity: 15.4692
Epoch [17/100], Train Step [600/628], Loss: 2.7902, Perplexity: 16.2842
Epoch [17/100], Train Step [620/628], Loss: 2.9598, Perplexity: 19.2950
Epoch [17/100], Average Train Loss: 2.7706, Average Train Perplexity: 15.9684
Epoch [17/100], Val Step [0/78], Loss: 3.0048, Perplexity: 20.1822
Epoch [17/100], Val Step [20/78], Loss: 2.9904, Perplexity: 19.8944
Epoch [17/100], Val Step [40/78], Loss: 2.7760, Perplexity: 16.0544
Epoch [17/100], Val Step [60/78], Loss: 2.8904, Perplexity: 18.0013
Epoch [17/100], Average Val Loss: 2.8806, Average Val Perplexity: 17.8243
Epoch [18/100], Train Step [0/628], Loss: 2.6306, Perplexity: 13.8826
Epoch [18/100], Train Step [20/628], Loss: 2.6345, Perplexity: 13.9370
Epoch [18/100], Train Step [40/628], Loss: 2.8018, Perplexity: 16.4747
Epoch [18/100], Train Step [60/628], Loss: 2.7567, Perplexity: 15.7480
Epoch [18/100], Train Step [80/628], Loss: 2.6957, Perplexity: 14.8154
Epoch [18/100], Train Step [100/628], Loss: 2.6020, Perplexity: 13.4904
Epoch [18/100], Train Step [120/628], Loss: 2.6258, Perplexity: 13.8160
Epoch [18/100], Train Step [140/628], Loss: 2.7353, Perplexity: 15.4141
Epoch [18/100], Train Step [160/628], Loss: 2.7462, Perplexity: 15.5835
Epoch [18/100], Train Step [180/628], Loss: 2.7493, Perplexity: 15.6322
Epoch [18/100], Train Step [200/628], Loss: 2.7571, Perplexity: 15.7534
Epoch [18/100], Train Step [220/628], Loss: 2.7228, Perplexity: 15.2227
Epoch [18/100], Train Step [240/628], Loss: 2.8633, Perplexity: 17.5188
Epoch [18/100], Train Step [260/628], Loss: 2.7722, Perplexity: 15.9934
Epoch [18/100], Train Step [280/628], Loss: 2.7054, Perplexity: 14.9602
Epoch [18/100], Train Step [300/628], Loss: 2.7013, Perplexity: 14.8987
Epoch [18/100], Train Step [320/628], Loss: 2.6394, Perplexity: 14.0054
Epoch [18/100], Train Step [340/628], Loss: 2.6531, Perplexity: 14.1979
Epoch [18/100], Train Step [360/628], Loss: 2.8014, Perplexity: 16.4672
Epoch [18/100], Train Step [380/628], Loss: 2.7978, Perplexity: 16.4085
Epoch [18/100], Train Step [400/628], Loss: 2.8219, Perplexity: 16.8081
Epoch [18/100], Train Step [420/628], Loss: 2.7942, Perplexity: 16.3498
Epoch [18/100], Train Step [440/628], Loss: 2.7236, Perplexity: 15.2347
Epoch [18/100], Train Step [460/628], Loss: 2.9265, Perplexity: 18.6623
Epoch [18/100], Train Step [480/628], Loss: 2.8063, Perplexity: 16.5482
Epoch [18/100], Train Step [500/628], Loss: 2.7607, Perplexity: 15.8113
Epoch [18/100], Train Step [520/628], Loss: 2.8988, Perplexity: 18.1519
Epoch [18/100], Train Step [540/628], Loss: 2.8900, Perplexity: 17.9939
Epoch [18/100], Train Step [560/628], Loss: 2.8231, Perplexity: 16.8293
Epoch [18/100], Train Step [580/628], Loss: 2.8009, Perplexity: 16.4600
Epoch [18/100], Train Step [600/628], Loss: 2.8339, Perplexity: 17.0123
Epoch [18/100], Train Step [620/628], Loss: 2.8163, Perplexity: 16.7148
Epoch [18/100], Average Train Loss: 2.7584, Average Train Perplexity: 15.7747
Epoch [18/100], Val Step [0/78], Loss: 3.0047, Perplexity: 20.1800
Epoch [18/100], Val Step [20/78], Loss: 3.0040, Perplexity: 20.1663
Epoch [18/100], Val Step [40/78], Loss: 2.7769, Perplexity: 16.0698
Epoch [18/100], Val Step [60/78], Loss: 2.8983, Perplexity: 18.1438
Epoch [18/100], Average Val Loss: 2.8840, Average Val Perplexity: 17.8850
Epoch [19/100], Train Step [0/628], Loss: 2.6607, Perplexity: 14.3068
Epoch [19/100], Train Step [20/628], Loss: 2.6470, Perplexity: 14.1122
Epoch [19/100], Train Step [40/628], Loss: 2.7980, Perplexity: 16.4119
Epoch [19/100], Train Step [60/628], Loss: 2.6825, Perplexity: 14.6210
Epoch [19/100], Train Step [80/628], Loss: 2.6945, Perplexity: 14.7977
Epoch [19/100], Train Step [100/628], Loss: 2.6507, Perplexity: 14.1643
Epoch [19/100], Train Step [120/628], Loss: 2.4763, Perplexity: 11.8972
Epoch [19/100], Train Step [140/628], Loss: 2.8271, Perplexity: 16.8967
Epoch [19/100], Train Step [160/628], Loss: 2.6634, Perplexity: 14.3451
Epoch [19/100], Train Step [180/628], Loss: 2.7519, Perplexity: 15.6724
Epoch [19/100], Train Step [200/628], Loss: 2.6990, Perplexity: 14.8646
Epoch [19/100], Train Step [220/628], Loss: 2.6932, Perplexity: 14.7785
Epoch [19/100], Train Step [240/628], Loss: 2.7153, Perplexity: 15.1089
Epoch [19/100], Train Step [260/628], Loss: 2.8160, Perplexity: 16.7102
Epoch [19/100], Train Step [280/628], Loss: 2.7428, Perplexity: 15.5301
Epoch [19/100], Train Step [300/628], Loss: 2.6808, Perplexity: 14.5969
Epoch [19/100], Train Step [320/628], Loss: 2.8317, Perplexity: 16.9742
Epoch [19/100], Train Step [340/628], Loss: 2.7357, Perplexity: 15.4212
Epoch [19/100], Train Step [360/628], Loss: 2.7853, Perplexity: 16.2045
Epoch [19/100], Train Step [380/628], Loss: 2.9098, Perplexity: 18.3523
Epoch [19/100], Train Step [400/628], Loss: 2.8555, Perplexity: 17.3834
Epoch [19/100], Train Step [420/628], Loss: 2.6870, Perplexity: 14.6876
Epoch [19/100], Train Step [440/628], Loss: 2.5999, Perplexity: 13.4621
Epoch [19/100], Train Step [460/628], Loss: 2.7594, Perplexity: 15.7903
Epoch [19/100], Train Step [480/628], Loss: 2.8302, Perplexity: 16.9483
Epoch [19/100], Train Step [500/628], Loss: 2.7846, Perplexity: 16.1941
Epoch [19/100], Train Step [520/628], Loss: 2.8116, Perplexity: 16.6372
Epoch [19/100], Train Step [540/628], Loss: 2.8297, Perplexity: 16.9399
Epoch [19/100], Train Step [560/628], Loss: 2.8125, Perplexity: 16.6515
Epoch [19/100], Train Step [580/628], Loss: 2.7856, Perplexity: 16.2100
Epoch [19/100], Train Step [600/628], Loss: 2.7903, Perplexity: 16.2857
Epoch [19/100], Train Step [620/628], Loss: 2.8260, Perplexity: 16.8777
Epoch [19/100], Average Train Loss: 2.7475, Average Train Perplexity: 15.6036
Epoch [19/100], Val Step [0/78], Loss: 3.0057, Perplexity: 20.2011
Epoch [19/100], Val Step [20/78], Loss: 2.9882, Perplexity: 19.8492
Epoch [19/100], Val Step [40/78], Loss: 2.7724, Perplexity: 15.9976
Epoch [19/100], Val Step [60/78], Loss: 2.8952, Perplexity: 18.0873
Epoch [19/100], Average Val Loss: 2.8797, Average Val Perplexity: 17.8084
Epoch [20/100], Train Step [0/628], Loss: 2.6798, Perplexity: 14.5821
Epoch [20/100], Train Step [20/628], Loss: 2.6304, Perplexity: 13.8797
Epoch [20/100], Train Step [40/628], Loss: 2.6760, Perplexity: 14.5262
Epoch [20/100], Train Step [60/628], Loss: 2.7367, Perplexity: 15.4362
Epoch [20/100], Train Step [80/628], Loss: 2.9062, Perplexity: 18.2869
Epoch [20/100], Train Step [100/628], Loss: 2.5356, Perplexity: 12.6246
Epoch [20/100], Train Step [120/628], Loss: 2.7019, Perplexity: 14.9086
Epoch [20/100], Train Step [140/628], Loss: 2.7113, Perplexity: 15.0486
Epoch [20/100], Train Step [160/628], Loss: 2.7524, Perplexity: 15.6797
Epoch [20/100], Train Step [180/628], Loss: 2.7944, Perplexity: 16.3526
Epoch [20/100], Train Step [200/628], Loss: 2.7686, Perplexity: 15.9356
Epoch [20/100], Train Step [220/628], Loss: 2.7000, Perplexity: 14.8798
Epoch [20/100], Train Step [240/628], Loss: 2.7002, Perplexity: 14.8831
Epoch [20/100], Train Step [260/628], Loss: 2.7317, Perplexity: 15.3585
Epoch [20/100], Train Step [280/628], Loss: 2.7312, Perplexity: 15.3509
Epoch [20/100], Train Step [300/628], Loss: 2.6031, Perplexity: 13.5060
Epoch [20/100], Train Step [320/628], Loss: 2.7471, Perplexity: 15.5975
Epoch [20/100], Train Step [340/628], Loss: 2.8479, Perplexity: 17.2511
Epoch [20/100], Train Step [360/628], Loss: 2.7109, Perplexity: 15.0430
Epoch [20/100], Train Step [380/628], Loss: 2.8318, Perplexity: 16.9763
Epoch [20/100], Train Step [400/628], Loss: 2.8256, Perplexity: 16.8711
Epoch [20/100], Train Step [420/628], Loss: 2.7650, Perplexity: 15.8795
Epoch [20/100], Train Step [440/628], Loss: 2.7676, Perplexity: 15.9201
Epoch [20/100], Train Step [460/628], Loss: 2.7147, Perplexity: 15.1007
Epoch [20/100], Train Step [480/628], Loss: 2.9232, Perplexity: 18.6006
Epoch [20/100], Train Step [500/628], Loss: 2.9122, Perplexity: 18.3978
Epoch [20/100], Train Step [520/628], Loss: 2.6793, Perplexity: 14.5753
Epoch [20/100], Train Step [540/628], Loss: 2.7288, Perplexity: 15.3150
Epoch [20/100], Train Step [560/628], Loss: 2.7877, Perplexity: 16.2443
Epoch [20/100], Train Step [580/628], Loss: 2.8139, Perplexity: 16.6752
Epoch [20/100], Train Step [600/628], Loss: 2.6926, Perplexity: 14.7703
Epoch [20/100], Train Step [620/628], Loss: 2.8524, Perplexity: 17.3301
Epoch [20/100], Average Train Loss: 2.7360, Average Train Perplexity: 15.4247
Epoch [20/100], Val Step [0/78], Loss: 3.0175, Perplexity: 20.4395
Epoch [20/100], Val Step [20/78], Loss: 3.0016, Perplexity: 20.1171
Epoch [20/100], Val Step [40/78], Loss: 2.7744, Perplexity: 16.0291
Epoch [20/100], Val Step [60/78], Loss: 2.8956, Perplexity: 18.0943
Epoch [20/100], Average Val Loss: 2.8808, Average Val Perplexity: 17.8279
Epoch [21/100], Train Step [0/628], Loss: 2.7090, Perplexity: 15.0147
Epoch [21/100], Train Step [20/628], Loss: 2.7017, Perplexity: 14.9057
Epoch [21/100], Train Step [40/628], Loss: 2.6741, Perplexity: 14.4988
Epoch [21/100], Train Step [60/628], Loss: 2.6550, Perplexity: 14.2251
Epoch [21/100], Train Step [80/628], Loss: 2.5994, Perplexity: 13.4562
Epoch [21/100], Train Step [100/628], Loss: 2.7370, Perplexity: 15.4404
Epoch [21/100], Train Step [120/628], Loss: 2.6521, Perplexity: 14.1833
Epoch [21/100], Train Step [140/628], Loss: 2.7381, Perplexity: 15.4579
Epoch [21/100], Train Step [160/628], Loss: 2.7173, Perplexity: 15.1392
Epoch [21/100], Train Step [180/628], Loss: 2.6571, Perplexity: 14.2543
Epoch [21/100], Train Step [200/628], Loss: 2.7551, Perplexity: 15.7220
Epoch [21/100], Train Step [220/628], Loss: 2.7335, Perplexity: 15.3869
Epoch [21/100], Train Step [240/628], Loss: 2.7753, Perplexity: 16.0435
Epoch [21/100], Train Step [260/628], Loss: 2.7350, Perplexity: 15.4094
Epoch [21/100], Train Step [280/628], Loss: 2.6591, Perplexity: 14.2841
Epoch [21/100], Train Step [300/628], Loss: 2.7375, Perplexity: 15.4485
Epoch [21/100], Train Step [320/628], Loss: 2.7709, Perplexity: 15.9737
Epoch [21/100], Train Step [340/628], Loss: 2.7367, Perplexity: 15.4355
Epoch [21/100], Train Step [360/628], Loss: 2.8836, Perplexity: 17.8782
Epoch [21/100], Train Step [380/628], Loss: 2.9528, Perplexity: 19.1590
Epoch [21/100], Train Step [400/628], Loss: 2.7313, Perplexity: 15.3533
Epoch [21/100], Train Step [420/628], Loss: 2.6994, Perplexity: 14.8702
Epoch [21/100], Train Step [440/628], Loss: 2.8882, Perplexity: 17.9610
Epoch [21/100], Train Step [460/628], Loss: 2.7445, Perplexity: 15.5562
Epoch [21/100], Train Step [480/628], Loss: 2.5622, Perplexity: 12.9645
Epoch [21/100], Train Step [500/628], Loss: 2.7563, Perplexity: 15.7417
Epoch [21/100], Train Step [520/628], Loss: 2.8532, Perplexity: 17.3438
Epoch [21/100], Train Step [540/628], Loss: 2.6109, Perplexity: 13.6114
Epoch [21/100], Train Step [560/628], Loss: 2.7010, Perplexity: 14.8950
Epoch [21/100], Train Step [580/628], Loss: 2.8561, Perplexity: 17.3928
Epoch [21/100], Train Step [600/628], Loss: 2.7974, Perplexity: 16.4022
Epoch [21/100], Train Step [620/628], Loss: 2.7809, Perplexity: 16.1333
Epoch [21/100], Average Train Loss: 2.7264, Average Train Perplexity: 15.2778
Epoch [21/100], Val Step [0/78], Loss: 2.9924, Perplexity: 19.9343
Epoch [21/100], Val Step [20/78], Loss: 2.9928, Perplexity: 19.9418
Epoch [21/100], Val Step [40/78], Loss: 2.7834, Perplexity: 16.1743
Epoch [21/100], Val Step [60/78], Loss: 2.8889, Perplexity: 17.9742
Epoch [21/100], Average Val Loss: 2.8797, Average Val Perplexity: 17.8094
Epoch [22/100], Train Step [0/628], Loss: 2.6115, Perplexity: 13.6190
Epoch [22/100], Train Step [20/628], Loss: 2.5881, Perplexity: 13.3038
Epoch [22/100], Train Step [40/628], Loss: 2.6535, Perplexity: 14.2036
Epoch [22/100], Train Step [60/628], Loss: 2.5745, Perplexity: 13.1244
Epoch [22/100], Train Step [80/628], Loss: 2.7111, Perplexity: 15.0457
Epoch [22/100], Train Step [100/628], Loss: 2.6336, Perplexity: 13.9232
Epoch [22/100], Train Step [120/628], Loss: 2.6429, Perplexity: 14.0541
Epoch [22/100], Train Step [140/628], Loss: 2.5995, Perplexity: 13.4575
Epoch [22/100], Train Step [160/628], Loss: 2.7421, Perplexity: 15.5198
Epoch [22/100], Train Step [180/628], Loss: 2.6612, Perplexity: 14.3129
Epoch [22/100], Train Step [200/628], Loss: 2.6650, Perplexity: 14.3684
Epoch [22/100], Train Step [220/628], Loss: 2.7003, Perplexity: 14.8836
Epoch [22/100], Train Step [240/628], Loss: 2.6194, Perplexity: 13.7270
Epoch [22/100], Train Step [260/628], Loss: 2.8198, Perplexity: 16.7738
Epoch [22/100], Train Step [280/628], Loss: 2.6424, Perplexity: 14.0473
Epoch [22/100], Train Step [300/628], Loss: 2.7770, Perplexity: 16.0701
Epoch [22/100], Train Step [320/628], Loss: 2.6807, Perplexity: 14.5949
Epoch [22/100], Train Step [340/628], Loss: 2.6344, Perplexity: 13.9353
Epoch [22/100], Train Step [360/628], Loss: 2.7643, Perplexity: 15.8673
Epoch [22/100], Train Step [380/628], Loss: 2.7056, Perplexity: 14.9627
Epoch [22/100], Train Step [400/628], Loss: 2.8886, Perplexity: 17.9688
Epoch [22/100], Train Step [420/628], Loss: 2.7075, Perplexity: 14.9913
Epoch [22/100], Train Step [440/628], Loss: 2.7415, Perplexity: 15.5095
Epoch [22/100], Train Step [460/628], Loss: 2.7100, Perplexity: 15.0291
Epoch [22/100], Train Step [480/628], Loss: 2.9151, Perplexity: 18.4508
Epoch [22/100], Train Step [500/628], Loss: 2.7058, Perplexity: 14.9659
Epoch [22/100], Train Step [520/628], Loss: 2.7222, Perplexity: 15.2133
Epoch [22/100], Train Step [540/628], Loss: 2.7629, Perplexity: 15.8461
Epoch [22/100], Train Step [560/628], Loss: 2.7270, Perplexity: 15.2863
Epoch [22/100], Train Step [580/628], Loss: 2.7827, Perplexity: 16.1629
Epoch [22/100], Train Step [600/628], Loss: 2.8871, Perplexity: 17.9415
Epoch [22/100], Train Step [620/628], Loss: 2.6388, Perplexity: 13.9971
Epoch [22/100], Average Train Loss: 2.7167, Average Train Perplexity: 15.1308
Epoch [22/100], Val Step [0/78], Loss: 2.9856, Perplexity: 19.7990
Epoch [22/100], Val Step [20/78], Loss: 2.9948, Perplexity: 19.9809
Epoch [22/100], Val Step [40/78], Loss: 2.7628, Perplexity: 15.8449
Epoch [22/100], Val Step [60/78], Loss: 2.9004, Perplexity: 18.1813
Epoch [22/100], Average Val Loss: 2.8741, Average Val Perplexity: 17.7103
Epoch [23/100], Train Step [0/628], Loss: 2.7429, Perplexity: 15.5325
Epoch [23/100], Train Step [20/628], Loss: 2.6603, Perplexity: 14.3012
Epoch [23/100], Train Step [40/628], Loss: 2.5699, Perplexity: 13.0642
Epoch [23/100], Train Step [60/628], Loss: 2.6527, Perplexity: 14.1928
Epoch [23/100], Train Step [80/628], Loss: 2.6468, Perplexity: 14.1085
Epoch [23/100], Train Step [100/628], Loss: 2.4931, Perplexity: 12.0988
Epoch [23/100], Train Step [120/628], Loss: 2.6466, Perplexity: 14.1057
Epoch [23/100], Train Step [140/628], Loss: 2.6320, Perplexity: 13.9013
Epoch [23/100], Train Step [160/628], Loss: 2.7697, Perplexity: 15.9534
Epoch [23/100], Train Step [180/628], Loss: 2.5766, Perplexity: 13.1522
Epoch [23/100], Train Step [200/628], Loss: 2.6518, Perplexity: 14.1799
Epoch [23/100], Train Step [220/628], Loss: 2.6291, Perplexity: 13.8616
Epoch [23/100], Train Step [240/628], Loss: 2.7154, Perplexity: 15.1113
Epoch [23/100], Train Step [260/628], Loss: 2.6940, Perplexity: 14.7913
Epoch [23/100], Train Step [280/628], Loss: 2.6703, Perplexity: 14.4447
Epoch [23/100], Train Step [300/628], Loss: 2.7203, Perplexity: 15.1852
Epoch [23/100], Train Step [320/628], Loss: 2.5889, Perplexity: 13.3148
Epoch [23/100], Train Step [340/628], Loss: 2.6666, Perplexity: 14.3909
Epoch [23/100], Train Step [360/628], Loss: 2.6814, Perplexity: 14.6052
Epoch [23/100], Train Step [380/628], Loss: 2.6540, Perplexity: 14.2111
Epoch [23/100], Train Step [400/628], Loss: 2.6645, Perplexity: 14.3611
Epoch [23/100], Train Step [420/628], Loss: 2.7240, Perplexity: 15.2408
Epoch [23/100], Train Step [440/628], Loss: 2.6943, Perplexity: 14.7956
Epoch [23/100], Train Step [460/628], Loss: 2.7026, Perplexity: 14.9182
Epoch [23/100], Train Step [480/628], Loss: 2.7464, Perplexity: 15.5864
Epoch [23/100], Train Step [500/628], Loss: 2.6979, Perplexity: 14.8478
Epoch [23/100], Train Step [520/628], Loss: 2.6892, Perplexity: 14.7197
Epoch [23/100], Train Step [540/628], Loss: 2.8616, Perplexity: 17.4892
Epoch [23/100], Train Step [560/628], Loss: 2.8398, Perplexity: 17.1128
Epoch [23/100], Train Step [580/628], Loss: 2.8156, Perplexity: 16.7028
Epoch [23/100], Train Step [600/628], Loss: 2.6767, Perplexity: 14.5368
Epoch [23/100], Train Step [620/628], Loss: 2.7615, Perplexity: 15.8238
Epoch [23/100], Average Train Loss: 2.7074, Average Train Perplexity: 14.9910
Epoch [23/100], Val Step [0/78], Loss: 2.9858, Perplexity: 19.8022
Epoch [23/100], Val Step [20/78], Loss: 2.9936, Perplexity: 19.9577
Epoch [23/100], Val Step [40/78], Loss: 2.7686, Perplexity: 15.9369
Epoch [23/100], Val Step [60/78], Loss: 2.8951, Perplexity: 18.0857
Epoch [23/100], Average Val Loss: 2.8733, Average Val Perplexity: 17.6948
Epoch [24/100], Train Step [0/628], Loss: 2.5395, Perplexity: 12.6737
Epoch [24/100], Train Step [20/628], Loss: 2.4871, Perplexity: 12.0269
Epoch [24/100], Train Step [40/628], Loss: 2.5714, Perplexity: 13.0836
Epoch [24/100], Train Step [60/628], Loss: 2.6825, Perplexity: 14.6210
Epoch [24/100], Train Step [80/628], Loss: 2.6542, Perplexity: 14.2138
Epoch [24/100], Train Step [100/628], Loss: 2.6260, Perplexity: 13.8178
Epoch [24/100], Train Step [120/628], Loss: 2.6170, Perplexity: 13.6943
Epoch [24/100], Train Step [140/628], Loss: 2.6683, Perplexity: 14.4152
Epoch [24/100], Train Step [160/628], Loss: 2.6974, Perplexity: 14.8412
Epoch [24/100], Train Step [180/628], Loss: 2.6914, Perplexity: 14.7530
Epoch [24/100], Train Step [200/628], Loss: 2.7570, Perplexity: 15.7527
Epoch [24/100], Train Step [220/628], Loss: 2.6485, Perplexity: 14.1326
Epoch [24/100], Train Step [240/628], Loss: 2.7352, Perplexity: 15.4134
Epoch [24/100], Train Step [260/628], Loss: 2.6037, Perplexity: 13.5135
Epoch [24/100], Train Step [280/628], Loss: 2.7112, Perplexity: 15.0480
Epoch [24/100], Train Step [300/628], Loss: 2.6551, Perplexity: 14.2259
Epoch [24/100], Train Step [320/628], Loss: 2.6924, Perplexity: 14.7666
Epoch [24/100], Train Step [340/628], Loss: 2.6270, Perplexity: 13.8320
Epoch [24/100], Train Step [360/628], Loss: 2.7171, Perplexity: 15.1364
Epoch [24/100], Train Step [380/628], Loss: 2.6234, Perplexity: 13.7820
Epoch [24/100], Train Step [400/628], Loss: 2.7500, Perplexity: 15.6428
Epoch [24/100], Train Step [420/628], Loss: 2.7242, Perplexity: 15.2445
Epoch [24/100], Train Step [440/628], Loss: 2.8852, Perplexity: 17.9075
Epoch [24/100], Train Step [460/628], Loss: 2.6868, Perplexity: 14.6841
Epoch [24/100], Train Step [480/628], Loss: 2.6778, Perplexity: 14.5534
Epoch [24/100], Train Step [500/628], Loss: 2.7429, Perplexity: 15.5313
Epoch [24/100], Train Step [520/628], Loss: 2.7394, Perplexity: 15.4776
Epoch [24/100], Train Step [540/628], Loss: 2.6940, Perplexity: 14.7910
Epoch [24/100], Train Step [560/628], Loss: 2.7239, Perplexity: 15.2392
Epoch [24/100], Train Step [580/628], Loss: 2.8311, Perplexity: 16.9639
Epoch [24/100], Train Step [600/628], Loss: 2.6576, Perplexity: 14.2622
Epoch [24/100], Train Step [620/628], Loss: 2.7378, Perplexity: 15.4531
Epoch [24/100], Average Train Loss: 2.6988, Average Train Perplexity: 14.8615
Epoch [24/100], Val Step [0/78], Loss: 2.9897, Perplexity: 19.8797
Epoch [24/100], Val Step [20/78], Loss: 2.9965, Perplexity: 20.0152
Epoch [24/100], Val Step [40/78], Loss: 2.7702, Perplexity: 15.9623
Epoch [24/100], Val Step [60/78], Loss: 2.8982, Perplexity: 18.1418
Epoch [24/100], Average Val Loss: 2.8749, Average Val Perplexity: 17.7241
Epoch [25/100], Train Step [0/628], Loss: 2.6325, Perplexity: 13.9080
Epoch [25/100], Train Step [20/628], Loss: 2.5866, Perplexity: 13.2842
Epoch [25/100], Train Step [40/628], Loss: 2.6153, Perplexity: 13.6718
Epoch [25/100], Train Step [60/628], Loss: 2.8015, Perplexity: 16.4697
Epoch [25/100], Train Step [80/628], Loss: 2.6846, Perplexity: 14.6518
Epoch [25/100], Train Step [100/628], Loss: 2.6329, Perplexity: 13.9142
Epoch [25/100], Train Step [120/628], Loss: 2.5125, Perplexity: 12.3357
Epoch [25/100], Train Step [140/628], Loss: 2.7724, Perplexity: 15.9971
Epoch [25/100], Train Step [160/628], Loss: 2.7053, Perplexity: 14.9595
Epoch [25/100], Train Step [180/628], Loss: 2.6539, Perplexity: 14.2100
Epoch [25/100], Train Step [200/628], Loss: 2.6523, Perplexity: 14.1864
Epoch [25/100], Train Step [220/628], Loss: 2.7678, Perplexity: 15.9230
Epoch [25/100], Train Step [240/628], Loss: 2.9053, Perplexity: 18.2704
Epoch [25/100], Train Step [260/628], Loss: 2.6604, Perplexity: 14.3021
Epoch [25/100], Train Step [280/628], Loss: 2.6779, Perplexity: 14.5547
Epoch [25/100], Train Step [300/628], Loss: 2.6773, Perplexity: 14.5455
Epoch [25/100], Train Step [320/628], Loss: 2.6927, Perplexity: 14.7720
Epoch [25/100], Train Step [340/628], Loss: 2.7352, Perplexity: 15.4122
Epoch [25/100], Train Step [360/628], Loss: 2.6635, Perplexity: 14.3463
Epoch [25/100], Train Step [380/628], Loss: 2.6256, Perplexity: 13.8134
Epoch [25/100], Train Step [400/628], Loss: 2.6776, Perplexity: 14.5503
Epoch [25/100], Train Step [420/628], Loss: 2.6279, Perplexity: 13.8446
Epoch [25/100], Train Step [440/628], Loss: 2.8026, Perplexity: 16.4874
Epoch [25/100], Train Step [460/628], Loss: 2.8918, Perplexity: 18.0249
Epoch [25/100], Train Step [480/628], Loss: 2.7798, Perplexity: 16.1161
Epoch [25/100], Train Step [500/628], Loss: 2.7854, Perplexity: 16.2063
Epoch [25/100], Train Step [520/628], Loss: 2.7218, Perplexity: 15.2072
Epoch [25/100], Train Step [540/628], Loss: 2.7114, Perplexity: 15.0502
Epoch [25/100], Train Step [560/628], Loss: 2.7981, Perplexity: 16.4142
Epoch [25/100], Train Step [580/628], Loss: 2.7488, Perplexity: 15.6241
Epoch [25/100], Train Step [600/628], Loss: 2.7641, Perplexity: 15.8649
Epoch [25/100], Train Step [620/628], Loss: 2.6782, Perplexity: 14.5584
Epoch [25/100], Average Train Loss: 2.6922, Average Train Perplexity: 14.7638
Epoch [25/100], Val Step [0/78], Loss: 2.9915, Perplexity: 19.9159
Epoch [25/100], Val Step [20/78], Loss: 3.0017, Perplexity: 20.1191
Epoch [25/100], Val Step [40/78], Loss: 2.7706, Perplexity: 15.9686
Epoch [25/100], Val Step [60/78], Loss: 2.8971, Perplexity: 18.1207
Epoch [25/100], Average Val Loss: 2.8746, Average Val Perplexity: 17.7184
Epoch [26/100], Train Step [0/628], Loss: 2.6318, Perplexity: 13.8993
Epoch [26/100], Train Step [20/628], Loss: 2.7104, Perplexity: 15.0348
Epoch [26/100], Train Step [40/628], Loss: 2.5938, Perplexity: 13.3804
Epoch [26/100], Train Step [60/628], Loss: 2.6851, Perplexity: 14.6600
Epoch [26/100], Train Step [80/628], Loss: 2.6515, Perplexity: 14.1759
Epoch [26/100], Train Step [100/628], Loss: 2.5572, Perplexity: 12.9002
Epoch [26/100], Train Step [120/628], Loss: 2.5042, Perplexity: 12.2335
Epoch [26/100], Train Step [140/628], Loss: 2.6801, Perplexity: 14.5863
Epoch [26/100], Train Step [160/628], Loss: 2.6652, Perplexity: 14.3710
Epoch [26/100], Train Step [180/628], Loss: 2.5992, Perplexity: 13.4535
Epoch [26/100], Train Step [200/628], Loss: 2.6658, Perplexity: 14.3799
Epoch [26/100], Train Step [220/628], Loss: 2.7135, Perplexity: 15.0820
Epoch [26/100], Train Step [240/628], Loss: 2.7938, Perplexity: 16.3432
Epoch [26/100], Train Step [260/628], Loss: 2.6323, Perplexity: 13.9053
Epoch [26/100], Train Step [280/628], Loss: 2.6324, Perplexity: 13.9064
Epoch [26/100], Train Step [300/628], Loss: 2.6697, Perplexity: 14.4352
Epoch [26/100], Train Step [320/628], Loss: 2.6400, Perplexity: 14.0125
Epoch [26/100], Train Step [340/628], Loss: 2.6071, Perplexity: 13.5594
Epoch [26/100], Train Step [360/628], Loss: 2.7849, Perplexity: 16.1979
Epoch [26/100], Train Step [380/628], Loss: 2.7449, Perplexity: 15.5636
Epoch [26/100], Train Step [400/628], Loss: 2.7640, Perplexity: 15.8629
Epoch [26/100], Train Step [420/628], Loss: 2.7128, Perplexity: 15.0720
Epoch [26/100], Train Step [440/628], Loss: 2.7717, Perplexity: 15.9855
Epoch [26/100], Train Step [460/628], Loss: 2.7291, Perplexity: 15.3187
Epoch [26/100], Train Step [480/628], Loss: 2.7029, Perplexity: 14.9231
Epoch [26/100], Train Step [500/628], Loss: 2.7453, Perplexity: 15.5700
Epoch [26/100], Train Step [520/628], Loss: 2.7871, Perplexity: 16.2343
Epoch [26/100], Train Step [540/628], Loss: 2.6758, Perplexity: 14.5236
Epoch [26/100], Train Step [560/628], Loss: 2.6770, Perplexity: 14.5412
Epoch [26/100], Train Step [580/628], Loss: 2.7588, Perplexity: 15.7816
Epoch [26/100], Train Step [600/628], Loss: 2.8124, Perplexity: 16.6491
Epoch [26/100], Train Step [620/628], Loss: 2.7333, Perplexity: 15.3829
Epoch [26/100], Average Train Loss: 2.6854, Average Train Perplexity: 14.6643
Epoch [26/100], Val Step [0/78], Loss: 2.9899, Perplexity: 19.8831
Epoch [26/100], Val Step [20/78], Loss: 2.9874, Perplexity: 19.8335
Epoch [26/100], Val Step [40/78], Loss: 2.7814, Perplexity: 16.1422
Epoch [26/100], Val Step [60/78], Loss: 2.8849, Perplexity: 17.9016
Epoch [26/100], Average Val Loss: 2.8722, Average Val Perplexity: 17.6756
Epoch [27/100], Train Step [0/628], Loss: 2.5812, Perplexity: 13.2133
Epoch [27/100], Train Step [20/628], Loss: 2.6606, Perplexity: 14.3048
Epoch [27/100], Train Step [40/628], Loss: 2.6340, Perplexity: 13.9293
Epoch [27/100], Train Step [60/628], Loss: 2.5709, Perplexity: 13.0776
Epoch [27/100], Train Step [80/628], Loss: 2.6106, Perplexity: 13.6076
Epoch [27/100], Train Step [100/628], Loss: 2.7129, Perplexity: 15.0733
Epoch [27/100], Train Step [120/628], Loss: 2.4216, Perplexity: 11.2635
Epoch [27/100], Train Step [140/628], Loss: 2.7070, Perplexity: 14.9840
Epoch [27/100], Train Step [160/628], Loss: 2.6148, Perplexity: 13.6644
Epoch [27/100], Train Step [180/628], Loss: 2.7336, Perplexity: 15.3882
Epoch [27/100], Train Step [200/628], Loss: 2.7213, Perplexity: 15.1994
Epoch [27/100], Train Step [220/628], Loss: 2.6171, Perplexity: 13.6962
Epoch [27/100], Train Step [240/628], Loss: 2.6871, Perplexity: 14.6897
Epoch [27/100], Train Step [260/628], Loss: 2.5666, Perplexity: 13.0215
Epoch [27/100], Train Step [280/628], Loss: 2.7471, Perplexity: 15.5976
Epoch [27/100], Train Step [300/628], Loss: 2.6274, Perplexity: 13.8378
Epoch [27/100], Train Step [320/628], Loss: 2.6389, Perplexity: 13.9984
Epoch [27/100], Train Step [340/628], Loss: 2.7861, Perplexity: 16.2182
Epoch [27/100], Train Step [360/628], Loss: 2.8538, Perplexity: 17.3531
Epoch [27/100], Train Step [380/628], Loss: 2.8101, Perplexity: 16.6120
Epoch [27/100], Train Step [400/628], Loss: 2.6006, Perplexity: 13.4718
Epoch [27/100], Train Step [420/628], Loss: 2.7809, Perplexity: 16.1334
Epoch [27/100], Train Step [440/628], Loss: 2.7327, Perplexity: 15.3740
Epoch [27/100], Train Step [460/628], Loss: 2.6712, Perplexity: 14.4579
Epoch [27/100], Train Step [480/628], Loss: 2.7405, Perplexity: 15.4954
Epoch [27/100], Train Step [500/628], Loss: 2.7541, Perplexity: 15.7066
Epoch [27/100], Train Step [520/628], Loss: 2.8106, Perplexity: 16.6193
Epoch [27/100], Train Step [540/628], Loss: 2.6270, Perplexity: 13.8320
Epoch [27/100], Train Step [560/628], Loss: 2.7733, Perplexity: 16.0108
Epoch [27/100], Train Step [580/628], Loss: 2.8535, Perplexity: 17.3490
Epoch [27/100], Train Step [600/628], Loss: 2.6571, Perplexity: 14.2551
Epoch [27/100], Train Step [620/628], Loss: 2.7794, Perplexity: 16.1101
Epoch [27/100], Average Train Loss: 2.6765, Average Train Perplexity: 14.5336
Epoch [27/100], Val Step [0/78], Loss: 2.9924, Perplexity: 19.9340
Epoch [27/100], Val Step [20/78], Loss: 2.9862, Perplexity: 19.8102
Epoch [27/100], Val Step [40/78], Loss: 2.7774, Perplexity: 16.0768
Epoch [27/100], Val Step [60/78], Loss: 2.8964, Perplexity: 18.1082
Epoch [27/100], Average Val Loss: 2.8766, Average Val Perplexity: 17.7537
Epoch [28/100], Train Step [0/628], Loss: 2.4286, Perplexity: 11.3434
Epoch [28/100], Train Step [20/628], Loss: 2.4364, Perplexity: 11.4321
Epoch [28/100], Train Step [40/628], Loss: 2.6081, Perplexity: 13.5737
Epoch [28/100], Train Step [60/628], Loss: 2.6271, Perplexity: 13.8332
Epoch [28/100], Train Step [80/628], Loss: 2.6573, Perplexity: 14.2582
Epoch [28/100], Train Step [100/628], Loss: 2.6715, Perplexity: 14.4621
Epoch [28/100], Train Step [120/628], Loss: 2.5660, Perplexity: 13.0135
Epoch [28/100], Train Step [140/628], Loss: 2.6080, Perplexity: 13.5721
Epoch [28/100], Train Step [160/628], Loss: 2.6576, Perplexity: 14.2621
Epoch [28/100], Train Step [180/628], Loss: 2.7525, Perplexity: 15.6825
Epoch [28/100], Train Step [200/628], Loss: 2.6119, Perplexity: 13.6254
Epoch [28/100], Train Step [220/628], Loss: 2.7303, Perplexity: 15.3369
Epoch [28/100], Train Step [240/628], Loss: 2.4677, Perplexity: 11.7954
Epoch [28/100], Train Step [260/628], Loss: 2.6177, Perplexity: 13.7045
Epoch [28/100], Train Step [280/628], Loss: 2.5268, Perplexity: 12.5139
Epoch [28/100], Train Step [300/628], Loss: 2.7365, Perplexity: 15.4332
Epoch [28/100], Train Step [320/628], Loss: 2.5921, Perplexity: 13.3582
Epoch [28/100], Train Step [340/628], Loss: 2.4972, Perplexity: 12.1484
Epoch [28/100], Train Step [360/628], Loss: 2.6196, Perplexity: 13.7307
Epoch [28/100], Train Step [380/628], Loss: 2.7152, Perplexity: 15.1076
Epoch [28/100], Train Step [400/628], Loss: 2.7268, Perplexity: 15.2834
Epoch [28/100], Train Step [420/628], Loss: 2.7138, Perplexity: 15.0862
Epoch [28/100], Train Step [440/628], Loss: 2.7881, Perplexity: 16.2504
Epoch [28/100], Train Step [460/628], Loss: 2.6270, Perplexity: 13.8317
Epoch [28/100], Train Step [480/628], Loss: 2.7393, Perplexity: 15.4765
Epoch [28/100], Train Step [500/628], Loss: 2.6199, Perplexity: 13.7342
Epoch [28/100], Train Step [520/628], Loss: 2.7663, Perplexity: 15.8991
Epoch [28/100], Train Step [540/628], Loss: 2.7258, Perplexity: 15.2682
Epoch [28/100], Train Step [560/628], Loss: 2.6843, Perplexity: 14.6482
Epoch [28/100], Train Step [580/628], Loss: 2.6791, Perplexity: 14.5725
Epoch [28/100], Train Step [600/628], Loss: 2.5926, Perplexity: 13.3650
Epoch [28/100], Train Step [620/628], Loss: 2.7101, Perplexity: 15.0301
Epoch [28/100], Average Train Loss: 2.6695, Average Train Perplexity: 14.4332
Epoch [28/100], Val Step [0/78], Loss: 2.9967, Perplexity: 20.0201
Epoch [28/100], Val Step [20/78], Loss: 2.9906, Perplexity: 19.8970
Epoch [28/100], Val Step [40/78], Loss: 2.7756, Perplexity: 16.0487
Epoch [28/100], Val Step [60/78], Loss: 2.8850, Perplexity: 17.9031
Epoch [28/100], Average Val Loss: 2.8721, Average Val Perplexity: 17.6749
Epoch [29/100], Train Step [0/628], Loss: 2.4577, Perplexity: 11.6779
Epoch [29/100], Train Step [20/628], Loss: 2.5346, Perplexity: 12.6111
Epoch [29/100], Train Step [40/628], Loss: 2.5411, Perplexity: 12.6942
Epoch [29/100], Train Step [60/628], Loss: 2.5817, Perplexity: 13.2194
Epoch [29/100], Train Step [80/628], Loss: 2.5222, Perplexity: 12.4565
Epoch [29/100], Train Step [100/628], Loss: 2.6105, Perplexity: 13.6064
Epoch [29/100], Train Step [120/628], Loss: 2.6840, Perplexity: 14.6442
Epoch [29/100], Train Step [140/628], Loss: 2.6728, Perplexity: 14.4805
Epoch [29/100], Train Step [160/628], Loss: 2.5791, Perplexity: 13.1851
Epoch [29/100], Train Step [180/628], Loss: 2.5488, Perplexity: 12.7922
Epoch [29/100], Train Step [200/628], Loss: 2.6471, Perplexity: 14.1125
Epoch [29/100], Train Step [220/628], Loss: 2.7148, Perplexity: 15.1020
Epoch [29/100], Train Step [240/628], Loss: 2.7095, Perplexity: 15.0221
Epoch [29/100], Train Step [260/628], Loss: 2.6701, Perplexity: 14.4419
Epoch [29/100], Train Step [280/628], Loss: 2.7232, Perplexity: 15.2285
Epoch [29/100], Train Step [300/628], Loss: 2.7446, Perplexity: 15.5585
Epoch [29/100], Train Step [320/628], Loss: 2.6456, Perplexity: 14.0915
Epoch [29/100], Train Step [340/628], Loss: 2.7417, Perplexity: 15.5127
Epoch [29/100], Train Step [360/628], Loss: 2.6314, Perplexity: 13.8931
Epoch [29/100], Train Step [380/628], Loss: 2.6915, Perplexity: 14.7542
Epoch [29/100], Train Step [400/628], Loss: 2.7436, Perplexity: 15.5428
Epoch [29/100], Train Step [420/628], Loss: 2.6345, Perplexity: 13.9369
Epoch [29/100], Train Step [440/628], Loss: 2.7174, Perplexity: 15.1408
Epoch [29/100], Train Step [460/628], Loss: 2.7873, Perplexity: 16.2372
Epoch [29/100], Train Step [480/628], Loss: 2.8033, Perplexity: 16.4983
Epoch [29/100], Train Step [500/628], Loss: 2.8401, Perplexity: 17.1177
Epoch [29/100], Train Step [520/628], Loss: 2.7556, Perplexity: 15.7311
Epoch [29/100], Train Step [540/628], Loss: 2.7857, Perplexity: 16.2113
Epoch [29/100], Train Step [560/628], Loss: 2.8071, Perplexity: 16.5622
Epoch [29/100], Train Step [580/628], Loss: 2.8473, Perplexity: 17.2419
Epoch [29/100], Train Step [600/628], Loss: 2.7174, Perplexity: 15.1414
Epoch [29/100], Train Step [620/628], Loss: 2.7924, Perplexity: 16.3200
Epoch [29/100], Average Train Loss: 2.6640, Average Train Perplexity: 14.3542
Epoch [29/100], Val Step [0/78], Loss: 3.0076, Perplexity: 20.2379
Epoch [29/100], Val Step [20/78], Loss: 2.9959, Perplexity: 20.0026
Epoch [29/100], Val Step [40/78], Loss: 2.7785, Perplexity: 16.0954
Epoch [29/100], Val Step [60/78], Loss: 2.8980, Perplexity: 18.1372
Epoch [29/100], Average Val Loss: 2.8767, Average Val Perplexity: 17.7553
Epoch [30/100], Train Step [0/628], Loss: 2.5328, Perplexity: 12.5883
Epoch [30/100], Train Step [20/628], Loss: 2.4749, Perplexity: 11.8809
Epoch [30/100], Train Step [40/628], Loss: 2.5533, Perplexity: 12.8498
Epoch [30/100], Train Step [60/628], Loss: 2.5984, Perplexity: 13.4419
Epoch [30/100], Train Step [80/628], Loss: 2.6216, Perplexity: 13.7582
Epoch [30/100], Train Step [100/628], Loss: 2.7727, Perplexity: 16.0014
Epoch [30/100], Train Step [120/628], Loss: 2.5032, Perplexity: 12.2213
Epoch [30/100], Train Step [140/628], Loss: 2.3693, Perplexity: 10.6902
Epoch [30/100], Train Step [160/628], Loss: 2.5261, Perplexity: 12.5041
Epoch [30/100], Train Step [180/628], Loss: 2.6539, Perplexity: 14.2096
Epoch [30/100], Train Step [200/628], Loss: 2.4971, Perplexity: 12.1468
Epoch [30/100], Train Step [220/628], Loss: 2.6155, Perplexity: 13.6736
Epoch [30/100], Train Step [240/628], Loss: 2.6432, Perplexity: 14.0587
Epoch [30/100], Train Step [260/628], Loss: 2.7145, Perplexity: 15.0968
Epoch [30/100], Train Step [280/628], Loss: 2.6910, Perplexity: 14.7470
Epoch [30/100], Train Step [300/628], Loss: 2.6270, Perplexity: 13.8327
Epoch [30/100], Train Step [320/628], Loss: 2.6801, Perplexity: 14.5865
Epoch [30/100], Train Step [340/628], Loss: 2.7730, Perplexity: 16.0065
Epoch [30/100], Train Step [360/628], Loss: 2.6320, Perplexity: 13.9013
Epoch [30/100], Train Step [380/628], Loss: 2.7392, Perplexity: 15.4743
Epoch [30/100], Train Step [400/628], Loss: 2.7366, Perplexity: 15.4343
Epoch [30/100], Train Step [420/628], Loss: 2.6463, Perplexity: 14.1021
Epoch [30/100], Train Step [440/628], Loss: 2.6884, Perplexity: 14.7081
Epoch [30/100], Train Step [460/628], Loss: 2.6172, Perplexity: 13.6970
Epoch [30/100], Train Step [480/628], Loss: 2.6827, Perplexity: 14.6241
Epoch [30/100], Train Step [500/628], Loss: 2.7168, Perplexity: 15.1324
Epoch [30/100], Train Step [520/628], Loss: 2.6037, Perplexity: 13.5133
Epoch [30/100], Train Step [540/628], Loss: 2.6232, Perplexity: 13.7792
Epoch [30/100], Train Step [560/628], Loss: 2.8414, Perplexity: 17.1405
Epoch [30/100], Train Step [580/628], Loss: 2.7693, Perplexity: 15.9472
Epoch [30/100], Train Step [600/628], Loss: 2.7063, Perplexity: 14.9739
Epoch [30/100], Train Step [620/628], Loss: 2.6871, Perplexity: 14.6895
Epoch [30/100], Average Train Loss: 2.6577, Average Train Perplexity: 14.2640
Epoch [30/100], Val Step [0/78], Loss: 2.9862, Perplexity: 19.8097
Epoch [30/100], Val Step [20/78], Loss: 2.9920, Perplexity: 19.9250
Epoch [30/100], Val Step [40/78], Loss: 2.7666, Perplexity: 15.9047
Epoch [30/100], Val Step [60/78], Loss: 2.8937, Perplexity: 18.0600
Epoch [30/100], Average Val Loss: 2.8713, Average Val Perplexity: 17.6595
Epoch [31/100], Train Step [0/628], Loss: 2.5904, Perplexity: 13.3352
Epoch [31/100], Train Step [20/628], Loss: 2.6314, Perplexity: 13.8930
Epoch [31/100], Train Step [40/628], Loss: 2.5109, Perplexity: 12.3163
Epoch [31/100], Train Step [60/628], Loss: 2.6219, Perplexity: 13.7619
Epoch [31/100], Train Step [80/628], Loss: 2.4890, Perplexity: 12.0493
Epoch [31/100], Train Step [100/628], Loss: 2.7171, Perplexity: 15.1368
Epoch [31/100], Train Step [120/628], Loss: 2.6194, Perplexity: 13.7277
Epoch [31/100], Train Step [140/628], Loss: 2.6442, Perplexity: 14.0717
Epoch [31/100], Train Step [160/628], Loss: 2.5686, Perplexity: 13.0479
Epoch [31/100], Train Step [180/628], Loss: 2.6230, Perplexity: 13.7767
Epoch [31/100], Train Step [200/628], Loss: 2.5821, Perplexity: 13.2243
Epoch [31/100], Train Step [220/628], Loss: 2.6479, Perplexity: 14.1247
Epoch [31/100], Train Step [240/628], Loss: 2.6751, Perplexity: 14.5139
Epoch [31/100], Train Step [260/628], Loss: 2.6343, Perplexity: 13.9334
Epoch [31/100], Train Step [280/628], Loss: 2.7448, Perplexity: 15.5615
Epoch [31/100], Train Step [300/628], Loss: 2.6167, Perplexity: 13.6907
Epoch [31/100], Train Step [320/628], Loss: 2.7041, Perplexity: 14.9407
Epoch [31/100], Train Step [340/628], Loss: 2.5652, Perplexity: 13.0036
Epoch [31/100], Train Step [360/628], Loss: 2.6436, Perplexity: 14.0632
Epoch [31/100], Train Step [380/628], Loss: 2.6925, Perplexity: 14.7678
Epoch [31/100], Train Step [400/628], Loss: 2.5952, Perplexity: 13.3989
Epoch [31/100], Train Step [420/628], Loss: 2.6451, Perplexity: 14.0854
Epoch [31/100], Train Step [440/628], Loss: 2.7971, Perplexity: 16.3974
Epoch [31/100], Train Step [460/628], Loss: 2.7295, Perplexity: 15.3250
Epoch [31/100], Train Step [480/628], Loss: 2.6672, Perplexity: 14.3995
Epoch [31/100], Train Step [500/628], Loss: 2.4883, Perplexity: 12.0411
Epoch [31/100], Train Step [520/628], Loss: 2.6648, Perplexity: 14.3654
Epoch [31/100], Train Step [540/628], Loss: 2.8642, Perplexity: 17.5345
Epoch [31/100], Train Step [560/628], Loss: 2.8076, Perplexity: 16.5702
Epoch [31/100], Train Step [580/628], Loss: 2.8584, Perplexity: 17.4342
Epoch [31/100], Train Step [600/628], Loss: 2.6909, Perplexity: 14.7451
Epoch [31/100], Train Step [620/628], Loss: 2.5516, Perplexity: 12.8280
Epoch [31/100], Average Train Loss: 2.6524, Average Train Perplexity: 14.1884
Epoch [31/100], Val Step [0/78], Loss: 2.9894, Perplexity: 19.8732
Epoch [31/100], Val Step [20/78], Loss: 2.9948, Perplexity: 19.9818
Epoch [31/100], Val Step [40/78], Loss: 2.7784, Perplexity: 16.0937
Epoch [31/100], Val Step [60/78], Loss: 2.8927, Perplexity: 18.0412
Epoch [31/100], Average Val Loss: 2.8756, Average Val Perplexity: 17.7352
Epoch [32/100], Train Step [0/628], Loss: 2.6403, Perplexity: 14.0171
Epoch [32/100], Train Step [20/628], Loss: 2.6703, Perplexity: 14.4446
Epoch [32/100], Train Step [40/628], Loss: 2.6395, Perplexity: 14.0060
Epoch [32/100], Train Step [60/628], Loss: 2.4820, Perplexity: 11.9657
Epoch [32/100], Train Step [80/628], Loss: 2.4842, Perplexity: 11.9919
Epoch [32/100], Train Step [100/628], Loss: 2.4435, Perplexity: 11.5133
Epoch [32/100], Train Step [120/628], Loss: 2.6635, Perplexity: 14.3470
Epoch [32/100], Train Step [140/628], Loss: 2.4814, Perplexity: 11.9585
Epoch [32/100], Train Step [160/628], Loss: 2.5773, Perplexity: 13.1614
Epoch [32/100], Train Step [180/628], Loss: 2.6559, Perplexity: 14.2381
Epoch [32/100], Train Step [200/628], Loss: 2.5587, Perplexity: 12.9191
Epoch [32/100], Train Step [220/628], Loss: 2.6256, Perplexity: 13.8132
Epoch [32/100], Train Step [240/628], Loss: 2.6169, Perplexity: 13.6929
Epoch [32/100], Train Step [260/628], Loss: 2.6422, Perplexity: 14.0444
Epoch [32/100], Train Step [280/628], Loss: 2.6002, Perplexity: 13.4669
Epoch [32/100], Train Step [300/628], Loss: 2.7215, Perplexity: 15.2030
Epoch [32/100], Train Step [320/628], Loss: 2.6797, Perplexity: 14.5805
Epoch [32/100], Train Step [340/628], Loss: 2.5089, Perplexity: 12.2920
Epoch [32/100], Train Step [360/628], Loss: 2.6158, Perplexity: 13.6784
Epoch [32/100], Train Step [380/628], Loss: 2.5994, Perplexity: 13.4563
Epoch [32/100], Train Step [400/628], Loss: 2.4555, Perplexity: 11.6528
Epoch [32/100], Train Step [420/628], Loss: 2.7573, Perplexity: 15.7568
Epoch [32/100], Train Step [440/628], Loss: 2.7304, Perplexity: 15.3388
Epoch [32/100], Train Step [460/628], Loss: 2.6376, Perplexity: 13.9795
Epoch [32/100], Train Step [480/628], Loss: 2.7858, Perplexity: 16.2134
Epoch [32/100], Train Step [500/628], Loss: 2.8376, Perplexity: 17.0742
Epoch [32/100], Train Step [520/628], Loss: 2.7265, Perplexity: 15.2790
Epoch [32/100], Train Step [540/628], Loss: 2.6666, Perplexity: 14.3913
Epoch [32/100], Train Step [560/628], Loss: 2.7409, Perplexity: 15.5003
Epoch [32/100], Train Step [580/628], Loss: 2.7159, Perplexity: 15.1186
Epoch [32/100], Train Step [600/628], Loss: 2.6689, Perplexity: 14.4243
Epoch [32/100], Train Step [620/628], Loss: 2.7054, Perplexity: 14.9609
Epoch [32/100], Average Train Loss: 2.6466, Average Train Perplexity: 14.1056
Epoch [32/100], Val Step [0/78], Loss: 2.9955, Perplexity: 19.9957
Epoch [32/100], Val Step [20/78], Loss: 3.0026, Perplexity: 20.1385
Epoch [32/100], Val Step [40/78], Loss: 2.7815, Perplexity: 16.1430
Epoch [32/100], Val Step [60/78], Loss: 2.9019, Perplexity: 18.2095
Epoch [32/100], Average Val Loss: 2.8776, Average Val Perplexity: 17.7717
Epoch [33/100], Train Step [0/628], Loss: 2.4431, Perplexity: 11.5086
Epoch [33/100], Train Step [20/628], Loss: 2.5306, Perplexity: 12.5614
Epoch [33/100], Train Step [40/628], Loss: 2.5595, Perplexity: 12.9290
Epoch [33/100], Train Step [60/628], Loss: 2.6455, Perplexity: 14.0910
Epoch [33/100], Train Step [80/628], Loss: 2.7146, Perplexity: 15.0993
Epoch [33/100], Train Step [100/628], Loss: 2.7606, Perplexity: 15.8089
Epoch [33/100], Train Step [120/628], Loss: 2.6302, Perplexity: 13.8764
Epoch [33/100], Train Step [140/628], Loss: 2.6205, Perplexity: 13.7428
Epoch [33/100], Train Step [160/628], Loss: 2.5619, Perplexity: 12.9599
Epoch [33/100], Train Step [180/628], Loss: 2.6043, Perplexity: 13.5218
Epoch [33/100], Train Step [200/628], Loss: 2.5867, Perplexity: 13.2856
Epoch [33/100], Train Step [220/628], Loss: 2.5327, Perplexity: 12.5870
Epoch [33/100], Train Step [240/628], Loss: 2.7088, Perplexity: 15.0109
Epoch [33/100], Train Step [260/628], Loss: 2.6241, Perplexity: 13.7928
Epoch [33/100], Train Step [280/628], Loss: 2.6832, Perplexity: 14.6315
Epoch [33/100], Train Step [300/628], Loss: 2.6030, Perplexity: 13.5044
Epoch [33/100], Train Step [320/628], Loss: 2.6147, Perplexity: 13.6633
Epoch [33/100], Train Step [340/628], Loss: 2.6710, Perplexity: 14.4548
Epoch [33/100], Train Step [360/628], Loss: 2.6918, Perplexity: 14.7583
Epoch [33/100], Train Step [380/628], Loss: 2.6757, Perplexity: 14.5232
Epoch [33/100], Train Step [400/628], Loss: 2.6996, Perplexity: 14.8745
Epoch [33/100], Train Step [420/628], Loss: 2.6840, Perplexity: 14.6439
Epoch [33/100], Train Step [440/628], Loss: 2.6630, Perplexity: 14.3390
Epoch [33/100], Train Step [460/628], Loss: 2.6177, Perplexity: 13.7036
Epoch [33/100], Train Step [480/628], Loss: 2.5744, Perplexity: 13.1240
Epoch [33/100], Train Step [500/628], Loss: 2.7075, Perplexity: 14.9920
Epoch [33/100], Train Step [520/628], Loss: 2.7868, Perplexity: 16.2295
Epoch [33/100], Train Step [540/628], Loss: 2.6974, Perplexity: 14.8415
Epoch [33/100], Train Step [560/628], Loss: 2.7784, Perplexity: 16.0927
Epoch [33/100], Train Step [580/628], Loss: 2.7504, Perplexity: 15.6487
Epoch [33/100], Train Step [600/628], Loss: 2.5446, Perplexity: 12.7384
Epoch [33/100], Train Step [620/628], Loss: 2.6522, Perplexity: 14.1856
Epoch [33/100], Average Train Loss: 2.6414, Average Train Perplexity: 14.0324
Epoch [33/100], Val Step [0/78], Loss: 2.9909, Perplexity: 19.9038
Epoch [33/100], Val Step [20/78], Loss: 2.9937, Perplexity: 19.9593
Epoch [33/100], Val Step [40/78], Loss: 2.7769, Perplexity: 16.0689
Epoch [33/100], Val Step [60/78], Loss: 2.8961, Perplexity: 18.1027
Epoch [33/100], Average Val Loss: 2.8735, Average Val Perplexity: 17.6984
Epoch [34/100], Train Step [0/628], Loss: 2.5092, Perplexity: 12.2947
Epoch [34/100], Train Step [20/628], Loss: 2.4889, Perplexity: 12.0481
Epoch [34/100], Train Step [40/628], Loss: 2.5408, Perplexity: 12.6904
Epoch [34/100], Train Step [60/628], Loss: 2.5410, Perplexity: 12.6923
Epoch [34/100], Train Step [80/628], Loss: 2.6452, Perplexity: 14.0863
Epoch [34/100], Train Step [100/628], Loss: 2.7003, Perplexity: 14.8845
Epoch [34/100], Train Step [120/628], Loss: 2.6406, Perplexity: 14.0220
Epoch [34/100], Train Step [140/628], Loss: 2.5704, Perplexity: 13.0713
Epoch [34/100], Train Step [160/628], Loss: 2.6487, Perplexity: 14.1359
Epoch [34/100], Train Step [180/628], Loss: 2.7101, Perplexity: 15.0312
Epoch [34/100], Train Step [200/628], Loss: 2.6034, Perplexity: 13.5093
Epoch [34/100], Train Step [220/628], Loss: 2.5786, Perplexity: 13.1792
Epoch [34/100], Train Step [240/628], Loss: 2.5735, Perplexity: 13.1119
Epoch [34/100], Train Step [260/628], Loss: 2.6731, Perplexity: 14.4850
Epoch [34/100], Train Step [280/628], Loss: 2.5543, Perplexity: 12.8617
Epoch [34/100], Train Step [300/628], Loss: 2.7092, Perplexity: 15.0176
Epoch [34/100], Train Step [320/628], Loss: 2.6968, Perplexity: 14.8315
Epoch [34/100], Train Step [340/628], Loss: 2.6959, Perplexity: 14.8185
Epoch [34/100], Train Step [360/628], Loss: 2.6054, Perplexity: 13.5360
Epoch [34/100], Train Step [380/628], Loss: 2.5965, Perplexity: 13.4165
Epoch [34/100], Train Step [400/628], Loss: 2.6559, Perplexity: 14.2384
Epoch [34/100], Train Step [420/628], Loss: 2.6691, Perplexity: 14.4277
Epoch [34/100], Train Step [440/628], Loss: 2.7599, Perplexity: 15.7984
Epoch [34/100], Train Step [460/628], Loss: 2.6626, Perplexity: 14.3335
Epoch [34/100], Train Step [480/628], Loss: 2.7341, Perplexity: 15.3962
Epoch [34/100], Train Step [500/628], Loss: 2.7280, Perplexity: 15.3026
Epoch [34/100], Train Step [520/628], Loss: 2.7758, Perplexity: 16.0512
Epoch [34/100], Train Step [540/628], Loss: 2.5971, Perplexity: 13.4249
Epoch [34/100], Train Step [560/628], Loss: 2.7321, Perplexity: 15.3644
Epoch [34/100], Train Step [580/628], Loss: 2.7255, Perplexity: 15.2647
Epoch [34/100], Train Step [600/628], Loss: 2.6872, Perplexity: 14.6903
Epoch [34/100], Train Step [620/628], Loss: 2.8325, Perplexity: 16.9872
Epoch [34/100], Average Train Loss: 2.6362, Average Train Perplexity: 13.9605
Epoch [34/100], Val Step [0/78], Loss: 2.9972, Perplexity: 20.0286
Epoch [34/100], Val Step [20/78], Loss: 2.9986, Perplexity: 20.0581
Epoch [34/100], Val Step [40/78], Loss: 2.7888, Perplexity: 16.2618
Epoch [34/100], Val Step [60/78], Loss: 2.9003, Perplexity: 18.1791
Epoch [34/100], Average Val Loss: 2.8775, Average Val Perplexity: 17.7704
Epoch [35/100], Train Step [0/628], Loss: 2.5236, Perplexity: 12.4730
Epoch [35/100], Train Step [20/628], Loss: 2.5408, Perplexity: 12.6901
Epoch [35/100], Train Step [40/628], Loss: 2.5857, Perplexity: 13.2727
Epoch [35/100], Train Step [60/628], Loss: 2.5350, Perplexity: 12.6167
Epoch [35/100], Train Step [80/628], Loss: 2.4462, Perplexity: 11.5448
Epoch [35/100], Train Step [100/628], Loss: 2.5965, Perplexity: 13.4168
Epoch [35/100], Train Step [120/628], Loss: 2.5774, Perplexity: 13.1625
Epoch [35/100], Train Step [140/628], Loss: 2.4849, Perplexity: 11.9997
Epoch [35/100], Train Step [160/628], Loss: 2.6566, Perplexity: 14.2473
Epoch [35/100], Train Step [180/628], Loss: 2.6042, Perplexity: 13.5202
Epoch [35/100], Train Step [200/628], Loss: 2.5817, Perplexity: 13.2202
Epoch [35/100], Train Step [220/628], Loss: 2.4781, Perplexity: 11.9192
Epoch [35/100], Train Step [240/628], Loss: 2.6413, Perplexity: 14.0315
Epoch [35/100], Train Step [260/628], Loss: 2.6570, Perplexity: 14.2531
Epoch [35/100], Train Step [280/628], Loss: 2.6723, Perplexity: 14.4739
Epoch [35/100], Train Step [300/628], Loss: 2.7738, Perplexity: 16.0201
Epoch [35/100], Train Step [320/628], Loss: 2.5237, Perplexity: 12.4747
Epoch [35/100], Train Step [340/628], Loss: 2.6816, Perplexity: 14.6089
Epoch [35/100], Train Step [360/628], Loss: 2.6296, Perplexity: 13.8676
Epoch [35/100], Train Step [380/628], Loss: 2.6967, Perplexity: 14.8307
Epoch [35/100], Train Step [400/628], Loss: 2.6188, Perplexity: 13.7194
Epoch [35/100], Train Step [420/628], Loss: 2.8253, Perplexity: 16.8653
Epoch [35/100], Train Step [440/628], Loss: 2.5698, Perplexity: 13.0634
Epoch [35/100], Train Step [460/628], Loss: 2.7016, Perplexity: 14.9034
Epoch [35/100], Train Step [480/628], Loss: 2.6595, Perplexity: 14.2895
Epoch [35/100], Train Step [500/628], Loss: 2.7521, Perplexity: 15.6757
Epoch [35/100], Train Step [520/628], Loss: 2.8977, Perplexity: 18.1330
Epoch [35/100], Train Step [540/628], Loss: 2.7466, Perplexity: 15.5890
Epoch [35/100], Train Step [560/628], Loss: 2.6966, Perplexity: 14.8295
Epoch [35/100], Train Step [580/628], Loss: 2.5912, Perplexity: 13.3452
Epoch [35/100], Train Step [600/628], Loss: 2.4885, Perplexity: 12.0432
Epoch [35/100], Train Step [620/628], Loss: 2.7288, Perplexity: 15.3146
Epoch [35/100], Average Train Loss: 2.6312, Average Train Perplexity: 13.8901
Epoch [35/100], Val Step [0/78], Loss: 2.9951, Perplexity: 19.9870
Epoch [35/100], Val Step [20/78], Loss: 3.0030, Perplexity: 20.1468
Epoch [35/100], Val Step [40/78], Loss: 2.7805, Perplexity: 16.1265
Epoch [35/100], Val Step [60/78], Loss: 2.8860, Perplexity: 17.9213
Epoch [35/100], Average Val Loss: 2.8767, Average Val Perplexity: 17.7557
Epoch [36/100], Train Step [0/628], Loss: 2.5596, Perplexity: 12.9307
Epoch [36/100], Train Step [20/628], Loss: 2.5664, Perplexity: 13.0187
Epoch [36/100], Train Step [40/628], Loss: 2.7331, Perplexity: 15.3800
Epoch [36/100], Train Step [60/628], Loss: 2.5926, Perplexity: 13.3644
Epoch [36/100], Train Step [80/628], Loss: 2.6037, Perplexity: 13.5140
Epoch [36/100], Train Step [100/628], Loss: 2.5243, Perplexity: 12.4822
Epoch [36/100], Train Step [120/628], Loss: 2.7200, Perplexity: 15.1799
Epoch [36/100], Train Step [140/628], Loss: 2.6442, Perplexity: 14.0728
Epoch [36/100], Train Step [160/628], Loss: 2.5664, Perplexity: 13.0188
Epoch [36/100], Train Step [180/628], Loss: 2.5785, Perplexity: 13.1779
Epoch [36/100], Train Step [200/628], Loss: 2.6721, Perplexity: 14.4698
Epoch [36/100], Train Step [220/628], Loss: 2.5326, Perplexity: 12.5862
Epoch [36/100], Train Step [240/628], Loss: 2.6279, Perplexity: 13.8445
Epoch [36/100], Train Step [260/628], Loss: 2.6097, Perplexity: 13.5954
Epoch [36/100], Train Step [280/628], Loss: 2.6188, Perplexity: 13.7186
Epoch [36/100], Train Step [300/628], Loss: 2.6596, Perplexity: 14.2905
Epoch [36/100], Train Step [320/628], Loss: 2.5708, Perplexity: 13.0763
Epoch [36/100], Train Step [340/628], Loss: 2.6228, Perplexity: 13.7745
Epoch [36/100], Train Step [360/628], Loss: 2.5870, Perplexity: 13.2895
Epoch [36/100], Train Step [380/628], Loss: 2.6072, Perplexity: 13.5605
Epoch [36/100], Train Step [400/628], Loss: 2.5721, Perplexity: 13.0933
Epoch [36/100], Train Step [420/628], Loss: 2.5807, Perplexity: 13.2058
Epoch [36/100], Train Step [440/628], Loss: 2.6368, Perplexity: 13.9689
Epoch [36/100], Train Step [460/628], Loss: 2.6715, Perplexity: 14.4620
Epoch [36/100], Train Step [480/628], Loss: 2.7379, Perplexity: 15.4542
Epoch [36/100], Train Step [500/628], Loss: 2.7034, Perplexity: 14.9301
Epoch [36/100], Train Step [520/628], Loss: 2.6726, Perplexity: 14.4774
Epoch [36/100], Train Step [540/628], Loss: 2.7175, Perplexity: 15.1418
Epoch [36/100], Train Step [560/628], Loss: 2.5714, Perplexity: 13.0845
Epoch [36/100], Train Step [580/628], Loss: 2.7144, Perplexity: 15.0959
Epoch [36/100], Train Step [600/628], Loss: 2.6496, Perplexity: 14.1488
Epoch [36/100], Train Step [620/628], Loss: 2.7662, Perplexity: 15.8981
Epoch [36/100], Average Train Loss: 2.6257, Average Train Perplexity: 13.8148
Epoch [36/100], Val Step [0/78], Loss: 3.0020, Perplexity: 20.1263
Epoch [36/100], Val Step [20/78], Loss: 2.9895, Perplexity: 19.8750
Epoch [36/100], Val Step [40/78], Loss: 2.7845, Perplexity: 16.1920
Epoch [36/100], Val Step [60/78], Loss: 2.8928, Perplexity: 18.0444
Epoch [36/100], Average Val Loss: 2.8765, Average Val Perplexity: 17.7520
Epoch [37/100], Train Step [0/628], Loss: 2.5404, Perplexity: 12.6844
